This is pdfTeX, Version 3.14159265-2.6-1.40.19 (TeX Live 2018) (preloaded format=pdflatex 2018.5.14)  28 MAY 2018 11:51
entering extended mode
 restricted \write18 enabled.
 %&-line parsing enabled.
**main.tex
(./main.tex
LaTeX2e <2018-04-01> patch level 4
(/net/TeXLive/2018/texmf-dist/tex/latex/beamer/beamer.cls
Document Class: beamer 2018/02/20 v3.50 A class for typesetting presentations
(/net/TeXLive/2018/texmf-dist/tex/latex/beamer/beamerbasemodes.sty
(/net/TeXLive/2018/texmf-dist/tex/latex/etoolbox/etoolbox.sty
Package: etoolbox 2018/02/11 v2.5e e-TeX tools for LaTeX (JAW)
\etb@tempcnta=\count80
)
\beamer@tempbox=\box26
\beamer@tempcount=\count81
\c@beamerpauses=\count82

(/net/TeXLive/2018/texmf-dist/tex/latex/beamer/beamerbasedecode.sty
\beamer@slideinframe=\count83
\beamer@minimum=\count84
)
\beamer@commentbox=\box27
\beamer@modecount=\count85
)
(/net/TeXLive/2018/texmf-dist/tex/generic/oberdiek/ifpdf.sty
Package: ifpdf 2017/03/15 v3.2 Provides the ifpdf switch
)
\headdp=\dimen102
\footheight=\dimen103
\sidebarheight=\dimen104
\beamer@tempdim=\dimen105
\beamer@finalheight=\dimen106
\beamer@animht=\dimen107
\beamer@animdp=\dimen108
\beamer@animwd=\dimen109
\beamer@leftmargin=\dimen110
\beamer@rightmargin=\dimen111
\beamer@leftsidebar=\dimen112
\beamer@rightsidebar=\dimen113
\beamer@boxsize=\dimen114
\beamer@vboxoffset=\dimen115
\beamer@descdefault=\dimen116
\beamer@descriptionwidth=\dimen117
\beamer@lastskip=\skip41
\beamer@areabox=\box28
\beamer@animcurrent=\box29
\beamer@animshowbox=\box30
\beamer@sectionbox=\box31
\beamer@logobox=\box32
\beamer@linebox=\box33
\beamer@sectioncount=\count86
\beamer@subsubsectionmax=\count87
\beamer@subsectionmax=\count88
\beamer@sectionmax=\count89
\beamer@totalheads=\count90
\beamer@headcounter=\count91
\beamer@partstartpage=\count92
\beamer@sectionstartpage=\count93
\beamer@subsectionstartpage=\count94
\beamer@animationtempa=\count95
\beamer@animationtempb=\count96
\beamer@xpos=\count97
\beamer@ypos=\count98
\beamer@ypos@offset=\count99
\beamer@showpartnumber=\count100
\beamer@currentsubsection=\count101
\beamer@coveringdepth=\count102
\beamer@sectionadjust=\count103
\beamer@tocsectionnumber=\count104

(/net/TeXLive/2018/texmf-dist/tex/latex/beamer/beamerbaseoptions.sty
(/net/TeXLive/2018/texmf-dist/tex/latex/graphics/keyval.sty
Package: keyval 2014/10/28 v1.15 key=value parser (DPC)
\KV@toks@=\toks14
))
\beamer@paperwidth=\skip42
\beamer@paperheight=\skip43

(/net/TeXLive/2018/texmf-dist/tex/latex/geometry/geometry.sty
Package: geometry 2018/04/16 v5.8 Page Geometry

(/net/TeXLive/2018/texmf-dist/tex/generic/oberdiek/ifvtex.sty
Package: ifvtex 2016/05/16 v1.6 Detect VTeX and its facilities (HO)
Package ifvtex Info: VTeX not detected.
)
(/net/TeXLive/2018/texmf-dist/tex/generic/ifxetex/ifxetex.sty
Package: ifxetex 2010/09/12 v0.6 Provides ifxetex conditional
)
\Gm@cnth=\count105
\Gm@cntv=\count106
\c@Gm@tempcnt=\count107
\Gm@bindingoffset=\dimen118
\Gm@wd@mp=\dimen119
\Gm@odd@mp=\dimen120
\Gm@even@mp=\dimen121
\Gm@layoutwidth=\dimen122
\Gm@layoutheight=\dimen123
\Gm@layouthoffset=\dimen124
\Gm@layoutvoffset=\dimen125
\Gm@dimlist=\toks15
)
(/net/TeXLive/2018/texmf-dist/tex/latex/base/size11.clo
File: size11.clo 2014/09/29 v1.4h Standard LaTeX file (size option)
)
(/net/TeXLive/2018/texmf-dist/tex/latex/pgf/basiclayer/pgfcore.sty
(/net/TeXLive/2018/texmf-dist/tex/latex/graphics/graphicx.sty
Package: graphicx 2017/06/01 v1.1a Enhanced LaTeX Graphics (DPC,SPQR)

(/net/TeXLive/2018/texmf-dist/tex/latex/graphics/graphics.sty
Package: graphics 2017/06/25 v1.2c Standard LaTeX Graphics (DPC,SPQR)

(/net/TeXLive/2018/texmf-dist/tex/latex/graphics/trig.sty
Package: trig 2016/01/03 v1.10 sin cos tan (DPC)
)
(/net/TeXLive/2018/texmf-dist/tex/latex/graphics-cfg/graphics.cfg
File: graphics.cfg 2016/06/04 v1.11 sample graphics configuration
)
Package graphics Info: Driver file: pdftex.def on input line 99.

(/net/TeXLive/2018/texmf-dist/tex/latex/graphics-def/pdftex.def
File: pdftex.def 2018/01/08 v1.0l Graphics/color driver for pdftex
))
\Gin@req@height=\dimen126
\Gin@req@width=\dimen127
)
(/net/TeXLive/2018/texmf-dist/tex/latex/pgf/systemlayer/pgfsys.sty
(/net/TeXLive/2018/texmf-dist/tex/latex/pgf/utilities/pgfrcs.sty
(/net/TeXLive/2018/texmf-dist/tex/generic/pgf/utilities/pgfutil-common.tex
\pgfutil@everybye=\toks16
\pgfutil@tempdima=\dimen128
\pgfutil@tempdimb=\dimen129

(/net/TeXLive/2018/texmf-dist/tex/generic/pgf/utilities/pgfutil-common-lists.te
x)) (/net/TeXLive/2018/texmf-dist/tex/generic/pgf/utilities/pgfutil-latex.def
\pgfutil@abb=\box34

(/net/TeXLive/2018/texmf-dist/tex/latex/ms/everyshi.sty
Package: everyshi 2001/05/15 v3.00 EveryShipout Package (MS)
))
(/net/TeXLive/2018/texmf-dist/tex/generic/pgf/utilities/pgfrcs.code.tex
Package: pgfrcs 2015/08/07 v3.0.1a (rcs-revision 1.31)
))
(/net/TeXLive/2018/texmf-dist/tex/generic/pgf/systemlayer/pgfsys.code.tex
Package: pgfsys 2014/07/09 v3.0.1a (rcs-revision 1.48)

(/net/TeXLive/2018/texmf-dist/tex/generic/pgf/utilities/pgfkeys.code.tex
\pgfkeys@pathtoks=\toks17
\pgfkeys@temptoks=\toks18

(/net/TeXLive/2018/texmf-dist/tex/generic/pgf/utilities/pgfkeysfiltered.code.te
x
\pgfkeys@tmptoks=\toks19
))
\pgf@x=\dimen130
\pgf@y=\dimen131
\pgf@xa=\dimen132
\pgf@ya=\dimen133
\pgf@xb=\dimen134
\pgf@yb=\dimen135
\pgf@xc=\dimen136
\pgf@yc=\dimen137
\w@pgf@writea=\write3
\r@pgf@reada=\read1
\c@pgf@counta=\count108
\c@pgf@countb=\count109
\c@pgf@countc=\count110
\c@pgf@countd=\count111
\t@pgf@toka=\toks20
\t@pgf@tokb=\toks21
\t@pgf@tokc=\toks22
 (/net/TeXLive/2018/texmf-dist/tex/generic/pgf/systemlayer/pgf.cfg
File: pgf.cfg 2008/05/14  (rcs-revision 1.7)
)
Driver file for pgf: pgfsys-pdftex.def

(/net/TeXLive/2018/texmf-dist/tex/generic/pgf/systemlayer/pgfsys-pdftex.def
File: pgfsys-pdftex.def 2014/10/11  (rcs-revision 1.35)

(/net/TeXLive/2018/texmf-dist/tex/generic/pgf/systemlayer/pgfsys-common-pdf.def
File: pgfsys-common-pdf.def 2013/10/10  (rcs-revision 1.13)
)))
(/net/TeXLive/2018/texmf-dist/tex/generic/pgf/systemlayer/pgfsyssoftpath.code.t
ex
File: pgfsyssoftpath.code.tex 2013/09/09  (rcs-revision 1.9)
\pgfsyssoftpath@smallbuffer@items=\count112
\pgfsyssoftpath@bigbuffer@items=\count113
)
(/net/TeXLive/2018/texmf-dist/tex/generic/pgf/systemlayer/pgfsysprotocol.code.t
ex
File: pgfsysprotocol.code.tex 2006/10/16  (rcs-revision 1.4)
)) (/net/TeXLive/2018/texmf-dist/tex/latex/xcolor/xcolor.sty
Package: xcolor 2016/05/11 v2.12 LaTeX color extensions (UK)

(/net/TeXLive/2018/texmf-dist/tex/latex/graphics-cfg/color.cfg
File: color.cfg 2016/01/02 v1.6 sample color configuration
)
Package xcolor Info: Driver file: pdftex.def on input line 225.
Package xcolor Info: Model `cmy' substituted by `cmy0' on input line 1348.
Package xcolor Info: Model `hsb' substituted by `rgb' on input line 1352.
Package xcolor Info: Model `RGB' extended on input line 1364.
Package xcolor Info: Model `HTML' substituted by `rgb' on input line 1366.
Package xcolor Info: Model `Hsb' substituted by `hsb' on input line 1367.
Package xcolor Info: Model `tHsb' substituted by `hsb' on input line 1368.
Package xcolor Info: Model `HSB' substituted by `hsb' on input line 1369.
Package xcolor Info: Model `Gray' substituted by `gray' on input line 1370.
Package xcolor Info: Model `wave' substituted by `hsb' on input line 1371.
)
(/net/TeXLive/2018/texmf-dist/tex/generic/pgf/basiclayer/pgfcore.code.tex
Package: pgfcore 2010/04/11 v3.0.1a (rcs-revision 1.7)

(/net/TeXLive/2018/texmf-dist/tex/generic/pgf/math/pgfmath.code.tex
(/net/TeXLive/2018/texmf-dist/tex/generic/pgf/math/pgfmathcalc.code.tex
(/net/TeXLive/2018/texmf-dist/tex/generic/pgf/math/pgfmathutil.code.tex)
(/net/TeXLive/2018/texmf-dist/tex/generic/pgf/math/pgfmathparser.code.tex
\pgfmath@dimen=\dimen138
\pgfmath@count=\count114
\pgfmath@box=\box35
\pgfmath@toks=\toks23
\pgfmath@stack@operand=\toks24
\pgfmath@stack@operation=\toks25
)
(/net/TeXLive/2018/texmf-dist/tex/generic/pgf/math/pgfmathfunctions.code.tex
(/net/TeXLive/2018/texmf-dist/tex/generic/pgf/math/pgfmathfunctions.basic.code.
tex)
(/net/TeXLive/2018/texmf-dist/tex/generic/pgf/math/pgfmathfunctions.trigonometr
ic.code.tex)
(/net/TeXLive/2018/texmf-dist/tex/generic/pgf/math/pgfmathfunctions.random.code
.tex)
(/net/TeXLive/2018/texmf-dist/tex/generic/pgf/math/pgfmathfunctions.comparison.
code.tex)
(/net/TeXLive/2018/texmf-dist/tex/generic/pgf/math/pgfmathfunctions.base.code.t
ex)
(/net/TeXLive/2018/texmf-dist/tex/generic/pgf/math/pgfmathfunctions.round.code.
tex)
(/net/TeXLive/2018/texmf-dist/tex/generic/pgf/math/pgfmathfunctions.misc.code.t
ex)
(/net/TeXLive/2018/texmf-dist/tex/generic/pgf/math/pgfmathfunctions.integerarit
hmetics.code.tex)))
(/net/TeXLive/2018/texmf-dist/tex/generic/pgf/math/pgfmathfloat.code.tex
\c@pgfmathroundto@lastzeros=\count115
))
(/net/TeXLive/2018/texmf-dist/tex/generic/pgf/basiclayer/pgfcorepoints.code.tex
File: pgfcorepoints.code.tex 2013/10/07  (rcs-revision 1.27)
\pgf@picminx=\dimen139
\pgf@picmaxx=\dimen140
\pgf@picminy=\dimen141
\pgf@picmaxy=\dimen142
\pgf@pathminx=\dimen143
\pgf@pathmaxx=\dimen144
\pgf@pathminy=\dimen145
\pgf@pathmaxy=\dimen146
\pgf@xx=\dimen147
\pgf@xy=\dimen148
\pgf@yx=\dimen149
\pgf@yy=\dimen150
\pgf@zx=\dimen151
\pgf@zy=\dimen152
)
(/net/TeXLive/2018/texmf-dist/tex/generic/pgf/basiclayer/pgfcorepathconstruct.c
ode.tex
File: pgfcorepathconstruct.code.tex 2013/10/07  (rcs-revision 1.29)
\pgf@path@lastx=\dimen153
\pgf@path@lasty=\dimen154
)
(/net/TeXLive/2018/texmf-dist/tex/generic/pgf/basiclayer/pgfcorepathusage.code.
tex
File: pgfcorepathusage.code.tex 2014/11/02  (rcs-revision 1.24)
\pgf@shorten@end@additional=\dimen155
\pgf@shorten@start@additional=\dimen156
)
(/net/TeXLive/2018/texmf-dist/tex/generic/pgf/basiclayer/pgfcorescopes.code.tex
File: pgfcorescopes.code.tex 2015/05/08  (rcs-revision 1.46)
\pgfpic=\box36
\pgf@hbox=\box37
\pgf@layerbox@main=\box38
\pgf@picture@serial@count=\count116
)
(/net/TeXLive/2018/texmf-dist/tex/generic/pgf/basiclayer/pgfcoregraphicstate.co
de.tex
File: pgfcoregraphicstate.code.tex 2014/11/02  (rcs-revision 1.12)
\pgflinewidth=\dimen157
)
(/net/TeXLive/2018/texmf-dist/tex/generic/pgf/basiclayer/pgfcoretransformations
.code.tex
File: pgfcoretransformations.code.tex 2015/08/07  (rcs-revision 1.20)
\pgf@pt@x=\dimen158
\pgf@pt@y=\dimen159
\pgf@pt@temp=\dimen160
)
(/net/TeXLive/2018/texmf-dist/tex/generic/pgf/basiclayer/pgfcorequick.code.tex
File: pgfcorequick.code.tex 2008/10/09  (rcs-revision 1.3)
)
(/net/TeXLive/2018/texmf-dist/tex/generic/pgf/basiclayer/pgfcoreobjects.code.te
x
File: pgfcoreobjects.code.tex 2006/10/11  (rcs-revision 1.2)
)
(/net/TeXLive/2018/texmf-dist/tex/generic/pgf/basiclayer/pgfcorepathprocessing.
code.tex
File: pgfcorepathprocessing.code.tex 2013/09/09  (rcs-revision 1.9)
)
(/net/TeXLive/2018/texmf-dist/tex/generic/pgf/basiclayer/pgfcorearrows.code.tex
File: pgfcorearrows.code.tex 2015/05/14  (rcs-revision 1.43)
\pgfarrowsep=\dimen161
)
(/net/TeXLive/2018/texmf-dist/tex/generic/pgf/basiclayer/pgfcoreshade.code.tex
File: pgfcoreshade.code.tex 2013/07/15  (rcs-revision 1.15)
\pgf@max=\dimen162
\pgf@sys@shading@range@num=\count117
) (/net/TeXLive/2018/texmf-dist/tex/generic/pgf/basiclayer/pgfcoreimage.code.te
x
File: pgfcoreimage.code.tex 2013/07/15  (rcs-revision 1.18)

(/net/TeXLive/2018/texmf-dist/tex/generic/pgf/basiclayer/pgfcoreexternal.code.t
ex
File: pgfcoreexternal.code.tex 2014/07/09  (rcs-revision 1.21)
\pgfexternal@startupbox=\box39
))
(/net/TeXLive/2018/texmf-dist/tex/generic/pgf/basiclayer/pgfcorelayers.code.tex
File: pgfcorelayers.code.tex 2013/07/18  (rcs-revision 1.7)
)
(/net/TeXLive/2018/texmf-dist/tex/generic/pgf/basiclayer/pgfcoretransparency.co
de.tex
File: pgfcoretransparency.code.tex 2013/09/30  (rcs-revision 1.5)
)
(/net/TeXLive/2018/texmf-dist/tex/generic/pgf/basiclayer/pgfcorepatterns.code.t
ex
File: pgfcorepatterns.code.tex 2013/11/07  (rcs-revision 1.5)
))) (/net/TeXLive/2018/texmf-dist/tex/latex/pgf/utilities/xxcolor.sty
Package: xxcolor 2003/10/24 ver 0.1
\XC@nummixins=\count118
\XC@countmixins=\count119
)
(/net/TeXLive/2018/texmf-dist/tex/generic/oberdiek/atbegshi.sty
Package: atbegshi 2016/06/09 v1.18 At begin shipout hook (HO)

(/net/TeXLive/2018/texmf-dist/tex/generic/oberdiek/infwarerr.sty
Package: infwarerr 2016/05/16 v1.4 Providing info/warning/error messages (HO)
)
(/net/TeXLive/2018/texmf-dist/tex/generic/oberdiek/ltxcmds.sty
Package: ltxcmds 2016/05/16 v1.23 LaTeX kernel commands for general use (HO)
))
(/net/TeXLive/2018/texmf-dist/tex/latex/hyperref/hyperref.sty
Package: hyperref 2018/02/06 v6.86b Hypertext links for LaTeX

(/net/TeXLive/2018/texmf-dist/tex/generic/oberdiek/hobsub-hyperref.sty
Package: hobsub-hyperref 2016/05/16 v1.14 Bundle oberdiek, subset hyperref (HO)


(/net/TeXLive/2018/texmf-dist/tex/generic/oberdiek/hobsub-generic.sty
Package: hobsub-generic 2016/05/16 v1.14 Bundle oberdiek, subset generic (HO)
Package: hobsub 2016/05/16 v1.14 Construct package bundles (HO)
Package hobsub Info: Skipping package `infwarerr' (already loaded).
Package hobsub Info: Skipping package `ltxcmds' (already loaded).
Package: ifluatex 2016/05/16 v1.4 Provides the ifluatex switch (HO)
Package ifluatex Info: LuaTeX not detected.
Package hobsub Info: Skipping package `ifvtex' (already loaded).
Package: intcalc 2016/05/16 v1.2 Expandable calculations with integers (HO)
Package hobsub Info: Skipping package `ifpdf' (already loaded).
Package: etexcmds 2016/05/16 v1.6 Avoid name clashes with e-TeX commands (HO)
Package etexcmds Info: Could not find \expanded.
(etexcmds)             That can mean that you are not using pdfTeX 1.50 or
(etexcmds)             that some package has redefined \expanded.
(etexcmds)             In the latter case, load this package earlier.
Package: kvsetkeys 2016/05/16 v1.17 Key value parser (HO)
Package: kvdefinekeys 2016/05/16 v1.4 Define keys (HO)
Package: pdftexcmds 2018/01/30 v0.27 Utility functions of pdfTeX for LuaTeX (HO
)
Package pdftexcmds Info: LuaTeX not detected.
Package pdftexcmds Info: \pdf@primitive is available.
Package pdftexcmds Info: \pdf@ifprimitive is available.
Package pdftexcmds Info: \pdfdraftmode found.
Package: pdfescape 2016/05/16 v1.14 Implements pdfTeX's escape features (HO)
Package: bigintcalc 2016/05/16 v1.4 Expandable calculations on big integers (HO
)
Package: bitset 2016/05/16 v1.2 Handle bit-vector datatype (HO)
Package: uniquecounter 2016/05/16 v1.3 Provide unlimited unique counter (HO)
)
Package hobsub Info: Skipping package `hobsub' (already loaded).
Package: letltxmacro 2016/05/16 v1.5 Let assignment for LaTeX macros (HO)
Package: hopatch 2016/05/16 v1.3 Wrapper for package hooks (HO)
Package: xcolor-patch 2016/05/16 xcolor patch
Package: atveryend 2016/05/16 v1.9 Hooks at the very end of document (HO)
Package hobsub Info: Skipping package `atbegshi' (already loaded).
Package: refcount 2016/05/16 v3.5 Data extraction from label references (HO)
Package: hycolor 2016/05/16 v1.8 Color options for hyperref/bookmark (HO)
)
(/net/TeXLive/2018/texmf-dist/tex/latex/oberdiek/auxhook.sty
Package: auxhook 2016/05/16 v1.4 Hooks for auxiliary files (HO)
)
(/net/TeXLive/2018/texmf-dist/tex/latex/oberdiek/kvoptions.sty
Package: kvoptions 2016/05/16 v3.12 Key value format for package options (HO)
)
\@linkdim=\dimen163
\Hy@linkcounter=\count120
\Hy@pagecounter=\count121

(/net/TeXLive/2018/texmf-dist/tex/latex/hyperref/pd1enc.def
File: pd1enc.def 2018/02/06 v6.86b Hyperref: PDFDocEncoding definition (HO)
Now handling font encoding PD1 ...
... no UTF-8 mapping file for font encoding PD1
)
\Hy@SavedSpaceFactor=\count122

(/net/TeXLive/2018/texmf-dist/tex/latex/latexconfig/hyperref.cfg
File: hyperref.cfg 2002/06/06 v1.2 hyperref configuration of TeXLive
)
Package hyperref Info: Option `bookmarks' set `true' on input line 4383.
Package hyperref Info: Option `bookmarksopen' set `true' on input line 4383.
Package hyperref Info: Option `implicit' set `false' on input line 4383.
Package hyperref Info: Hyper figures OFF on input line 4509.
Package hyperref Info: Link nesting OFF on input line 4514.
Package hyperref Info: Hyper index ON on input line 4517.
Package hyperref Info: Plain pages OFF on input line 4524.
Package hyperref Info: Backreferencing OFF on input line 4529.
Package hyperref Info: Implicit mode OFF; no redefinition of LaTeX internals.
Package hyperref Info: Bookmarks ON on input line 4762.
\c@Hy@tempcnt=\count123

(/net/TeXLive/2018/texmf-dist/tex/latex/url/url.sty
\Urlmuskip=\muskip10
Package: url 2013/09/16  ver 3.4  Verb mode for urls, etc.
)
LaTeX Info: Redefining \url on input line 5115.
\XeTeXLinkMargin=\dimen164
\Fld@menulength=\count124
\Field@Width=\dimen165
\Fld@charsize=\dimen166
Package hyperref Info: Hyper figures OFF on input line 6369.
Package hyperref Info: Link nesting OFF on input line 6374.
Package hyperref Info: Hyper index ON on input line 6377.
Package hyperref Info: backreferencing OFF on input line 6384.
Package hyperref Info: Link coloring OFF on input line 6389.
Package hyperref Info: Link coloring with OCG OFF on input line 6394.
Package hyperref Info: PDF/A mode OFF on input line 6399.
LaTeX Info: Redefining \ref on input line 6439.
LaTeX Info: Redefining \pageref on input line 6443.
\Hy@abspage=\count125


Package hyperref Message: Stopped early.

)
Package hyperref Info: Driver (autodetected): hpdftex.
 (/net/TeXLive/2018/texmf-dist/tex/latex/hyperref/hpdftex.def
File: hpdftex.def 2018/02/06 v6.86b Hyperref driver for pdfTeX
\Fld@listcount=\count126
\c@bookmark@seq@number=\count127

(/net/TeXLive/2018/texmf-dist/tex/latex/oberdiek/rerunfilecheck.sty
Package: rerunfilecheck 2016/05/16 v1.8 Rerun checks for auxiliary files (HO)
Package uniquecounter Info: New unique counter `rerunfilecheck' on input line 2
82.
))
(/net/TeXLive/2018/texmf-dist/tex/latex/beamer/beamerbaserequires.sty
(/net/TeXLive/2018/texmf-dist/tex/latex/beamer/beamerbasecompatibility.sty)
(/net/TeXLive/2018/texmf-dist/tex/latex/beamer/beamerbasefont.sty
(/net/TeXLive/2018/texmf-dist/tex/latex/amsfonts/amssymb.sty
Package: amssymb 2013/01/14 v3.01 AMS font symbols

(/net/TeXLive/2018/texmf-dist/tex/latex/amsfonts/amsfonts.sty
Package: amsfonts 2013/01/14 v3.01 Basic AMSFonts support
\@emptytoks=\toks26
\symAMSa=\mathgroup4
\symAMSb=\mathgroup5
LaTeX Font Info:    Overwriting math alphabet `\mathfrak' in version `bold'
(Font)                  U/euf/m/n --> U/euf/b/n on input line 106.
))
(/net/TeXLive/2018/texmf-dist/tex/latex/sansmathaccent/sansmathaccent.sty
Package: sansmathaccent 2013/03/28

(/net/TeXLive/2018/texmf-dist/tex/latex/filehook/filehook.sty
Package: filehook 2011/10/12 v0.5d Hooks for input files
)))
(/net/TeXLive/2018/texmf-dist/tex/latex/beamer/beamerbasetranslator.sty
(/net/TeXLive/2018/texmf-dist/tex/latex/translator/translator.sty
Package: translator 2018/01/04 v1.12 Easy translation of strings in LaTeX
))
(/net/TeXLive/2018/texmf-dist/tex/latex/beamer/beamerbasemisc.sty)
(/net/TeXLive/2018/texmf-dist/tex/latex/beamer/beamerbasetwoscreens.sty)
(/net/TeXLive/2018/texmf-dist/tex/latex/beamer/beamerbaseoverlay.sty
\beamer@argscount=\count128
\beamer@lastskipcover=\skip44
\beamer@trivlistdepth=\count129
)
(/net/TeXLive/2018/texmf-dist/tex/latex/beamer/beamerbasetitle.sty)
(/net/TeXLive/2018/texmf-dist/tex/latex/beamer/beamerbasesection.sty
\c@lecture=\count130
\c@part=\count131
\c@section=\count132
\c@subsection=\count133
\c@subsubsection=\count134
)
(/net/TeXLive/2018/texmf-dist/tex/latex/beamer/beamerbaseframe.sty
\beamer@framebox=\box40
\beamer@frametitlebox=\box41
\beamer@zoombox=\box42
\beamer@zoomcount=\count135
\beamer@zoomframecount=\count136
\beamer@frametextheight=\dimen167
\c@subsectionslide=\count137
\beamer@frametopskip=\skip45
\beamer@framebottomskip=\skip46
\beamer@frametopskipautobreak=\skip47
\beamer@framebottomskipautobreak=\skip48
\beamer@envbody=\toks27
\framewidth=\dimen168
\c@framenumber=\count138
)
(/net/TeXLive/2018/texmf-dist/tex/latex/beamer/beamerbaseverbatim.sty
\beamer@verbatimfileout=\write4
)
(/net/TeXLive/2018/texmf-dist/tex/latex/beamer/beamerbaseframesize.sty
\beamer@splitbox=\box43
\beamer@autobreakcount=\count139
\beamer@autobreaklastheight=\dimen169
\beamer@frametitletoks=\toks28
\beamer@framesubtitletoks=\toks29
)
(/net/TeXLive/2018/texmf-dist/tex/latex/beamer/beamerbaseframecomponents.sty
\beamer@footins=\box44
)
(/net/TeXLive/2018/texmf-dist/tex/latex/beamer/beamerbasecolor.sty
\beamer@bg@ht=\dimen170
\beamer@bg@wd=\dimen171
\beamer@bg@dp=\dimen172
)
(/net/TeXLive/2018/texmf-dist/tex/latex/beamer/beamerbasenotes.sty
\beamer@frameboxcopy=\box45
)
(/net/TeXLive/2018/texmf-dist/tex/latex/beamer/beamerbasetoc.sty)
(/net/TeXLive/2018/texmf-dist/tex/latex/beamer/beamerbasetemplates.sty
\beamer@sbttoks=\toks30

(/net/TeXLive/2018/texmf-dist/tex/latex/beamer/beamerbaseauxtemplates.sty
(/net/TeXLive/2018/texmf-dist/tex/latex/beamer/beamerbaseboxes.sty
\bmb@box=\box46
\bmb@colorbox=\box47
\bmb@boxshadow=\box48
\bmb@boxshadowball=\box49
\bmb@boxshadowballlarge=\box50
\bmb@temp=\dimen173
\bmb@dima=\dimen174
\bmb@dimb=\dimen175
\bmb@prevheight=\dimen176
)
\beamer@blockheadheight=\dimen177
))
(/net/TeXLive/2018/texmf-dist/tex/latex/beamer/beamerbaselocalstructure.sty
(/net/TeXLive/2018/texmf-dist/tex/latex/tools/enumerate.sty
Package: enumerate 2015/07/23 v3.00 enumerate extensions (DPC)
\@enLab=\toks31
)
\c@figure=\count140
\c@table=\count141
\abovecaptionskip=\skip49
\belowcaptionskip=\skip50
)
(/net/TeXLive/2018/texmf-dist/tex/latex/beamer/beamerbasenavigation.sty
\beamer@section@min@dim=\dimen178
)
(/net/TeXLive/2018/texmf-dist/tex/latex/beamer/beamerbasetheorems.sty
(/net/TeXLive/2018/texmf-dist/tex/latex/amsmath/amsmath.sty
Package: amsmath 2017/09/02 v2.17a AMS math features
\@mathmargin=\skip51

For additional information on amsmath, use the `?' option.
(/net/TeXLive/2018/texmf-dist/tex/latex/amsmath/amstext.sty
Package: amstext 2000/06/29 v2.01 AMS text

(/net/TeXLive/2018/texmf-dist/tex/latex/amsmath/amsgen.sty
File: amsgen.sty 1999/11/30 v2.0 generic functions
\@emptytoks=\toks32
\ex@=\dimen179
))
(/net/TeXLive/2018/texmf-dist/tex/latex/amsmath/amsbsy.sty
Package: amsbsy 1999/11/29 v1.2d Bold Symbols
\pmbraise@=\dimen180
)
(/net/TeXLive/2018/texmf-dist/tex/latex/amsmath/amsopn.sty
Package: amsopn 2016/03/08 v2.02 operator names
)
\inf@bad=\count142
LaTeX Info: Redefining \frac on input line 213.
\uproot@=\count143
\leftroot@=\count144
LaTeX Info: Redefining \overline on input line 375.
\classnum@=\count145
\DOTSCASE@=\count146
LaTeX Info: Redefining \ldots on input line 472.
LaTeX Info: Redefining \dots on input line 475.
LaTeX Info: Redefining \cdots on input line 596.
\Mathstrutbox@=\box51
\strutbox@=\box52
\big@size=\dimen181
LaTeX Font Info:    Redeclaring font encoding OML on input line 712.
LaTeX Font Info:    Redeclaring font encoding OMS on input line 713.
\macc@depth=\count147
\c@MaxMatrixCols=\count148
\dotsspace@=\muskip11
\c@parentequation=\count149
\dspbrk@lvl=\count150
\tag@help=\toks33
\row@=\count151
\column@=\count152
\maxfields@=\count153
\andhelp@=\toks34
\eqnshift@=\dimen182
\alignsep@=\dimen183
\tagshift@=\dimen184
\tagwidth@=\dimen185
\totwidth@=\dimen186
\lineht@=\dimen187
\@envbody=\toks35
\multlinegap=\skip52
\multlinetaggap=\skip53
\mathdisplay@stack=\toks36
LaTeX Info: Redefining \[ on input line 2817.
LaTeX Info: Redefining \] on input line 2818.
)
(/net/TeXLive/2018/texmf-dist/tex/latex/amscls/amsthm.sty
Package: amsthm 2017/10/31 v2.20.4
\thm@style=\toks37
\thm@bodyfont=\toks38
\thm@headfont=\toks39
\thm@notefont=\toks40
\thm@headpunct=\toks41
\thm@preskip=\skip54
\thm@postskip=\skip55
\thm@headsep=\skip56
\dth@everypar=\toks42
)
\c@theorem=\count154
)
(/net/TeXLive/2018/texmf-dist/tex/latex/beamer/beamerbasethemes.sty))
(/net/TeXLive/2018/texmf-dist/tex/latex/beamer/beamerthemedefault.sty
(/net/TeXLive/2018/texmf-dist/tex/latex/beamer/beamerfontthemedefault.sty)
(/net/TeXLive/2018/texmf-dist/tex/latex/beamer/beamercolorthemedefault.sty)
(/net/TeXLive/2018/texmf-dist/tex/latex/beamer/beamerinnerthemedefault.sty
\beamer@dima=\dimen188
\beamer@dimb=\dimen189
)
(/net/TeXLive/2018/texmf-dist/tex/latex/beamer/beamerouterthemedefault.sty)))
(/net/TeXLive/2018/texmf-dist/tex/latex/base/inputenc.sty
Package: inputenc 2018/04/06 v1.3b Input encoding file
\inpenc@prehook=\toks43
\inpenc@posthook=\toks44
)
(/net/TeXLive/2018/texmf-dist/tex/latex/marvosym/marvosym.sty
Package: marvosym 2011/07/20 v2.2 Martin Vogel's Symbols font definitions
)
(/net/TeXLive/2018/texmf-dist/tex/latex/wasysym/wasysym.sty
Package: wasysym 2003/10/30 v2.0 Wasy-2 symbol support package
\symwasy=\mathgroup6
LaTeX Font Info:    Overwriting symbol font `wasy' in version `bold'
(Font)                  U/wasy/m/n --> U/wasy/b/n on input line 90.
)
(/net/TeXLive/2018/texmf-dist/tex/latex/algorithms/algorithm.sty
Package: algorithm 2009/08/24 v0.1 Document Style `algorithm' - floating enviro
nment

(/net/TeXLive/2018/texmf-dist/tex/latex/float/float.sty
Package: float 2001/11/08 v1.3d Float enhancements (AL)
\c@float@type=\count155
\float@exts=\toks45
\float@box=\box53
\@float@everytoks=\toks46
\@floatcapt=\box54
)
(/net/TeXLive/2018/texmf-dist/tex/latex/base/ifthen.sty
Package: ifthen 2014/09/29 v1.1c Standard LaTeX ifthen package (DPC)
)
\@float@every@algorithm=\toks47
\c@algorithm=\count156
)
(/net/TeXLive/2018/texmf-dist/tex/latex/algorithms/algorithmic.sty
Package: algorithmic 2009/08/24 v0.1 Document Style `algorithmic'
\c@ALC@unique=\count157
\c@ALC@line=\count158
\c@ALC@rem=\count159
\c@ALC@depth=\count160
\ALC@tlm=\skip57
\algorithmicindent=\skip58
)
(./preamble.tex (/net/TeXLive/2018/texmf-dist/tex/latex/bera/beramono.sty
Package: beramono 2004/01/31 (WaS)
)
(/net/TeXLive/2018/texmf-dist/tex/latex/listings/listings.sty
\lst@mode=\count161
\lst@gtempboxa=\box55
\lst@token=\toks48
\lst@length=\count162
\lst@currlwidth=\dimen190
\lst@column=\count163
\lst@pos=\count164
\lst@lostspace=\dimen191
\lst@width=\dimen192
\lst@newlines=\count165
\lst@lineno=\count166
\lst@maxwidth=\dimen193

(/net/TeXLive/2018/texmf-dist/tex/latex/listings/lstmisc.sty
File: lstmisc.sty 2015/06/04 1.6 (Carsten Heinz)
\c@lstnumber=\count167
\lst@skipnumbers=\count168
\lst@framebox=\box56
)
(/net/TeXLive/2018/texmf-dist/tex/latex/listings/listings.cfg
File: listings.cfg 2015/06/04 1.6 listings configuration
))
Package: listings 2015/06/04 1.6 (Carsten Heinz)

(/net/TeXLive/2018/texmf-dist/tex/latex/xargs/xargs.sty
Package: xargs 2008/03/22 v1.1  extended macro definitions  (mpg)

(/net/TeXLive/2018/texmf-dist/tex/latex/xkeyval/xkeyval.sty
Package: xkeyval 2014/12/03 v2.7a package option processing (HA)

(/net/TeXLive/2018/texmf-dist/tex/generic/xkeyval/xkeyval.tex
(/net/TeXLive/2018/texmf-dist/tex/generic/xkeyval/xkvutils.tex
\XKV@toks=\toks49
\XKV@tempa@toks=\toks50
)
\XKV@depth=\count169
File: xkeyval.tex 2014/12/03 v2.7a key=value parser (HA)
))
\xargs@max=\count170
\xargs@toksa=\toks51
\xargs@toksb=\toks52
)
(/net/TeXLive/2018/texmf-dist/tex/generic/babel/babel.sty
Package: babel 2018/05/10 3.21 The Babel package

(/net/TeXLive/2018/texmf-dist/tex/generic/babel/switch.def
File: switch.def 2018/05/10 3.21 Babel switching mechanism
)
(/net/TeXLive/2018/texmf-dist/tex/generic/babel-english/english.ldf
Language: english 2017/06/06 v3.3r English support from the babel system

(/net/TeXLive/2018/texmf-dist/tex/generic/babel/babel.def
File: babel.def 2018/05/10 3.21 Babel common definitions
\babel@savecnt=\count171
\U@D=\dimen194

(/net/TeXLive/2018/texmf-dist/tex/generic/babel/txtbabel.def)
LaTeX Info: Redefining \textlatin on input line 1907.
\bbl@dirlevel=\count172
)
\l@canadian = a dialect from \language\l@american 
\l@australian = a dialect from \language\l@british 
\l@newzealand = a dialect from \language\l@british 
))
(/net/TeXLive/2018/texmf-dist/tex/latex/tools/array.sty
Package: array 2018/04/30 v2.4h Tabular extension package (FMi)
\col@sep=\dimen195
\ar@mcellbox=\box57
\extrarowheight=\dimen196
\NC@list=\toks53
\extratabsurround=\skip59
\backup@length=\skip60
\ar@cellbox=\box58
)
(/net/TeXLive/2018/texmf-dist/tex/latex/tools/multicol.sty
Package: multicol 2018/04/20 v1.8s multicolumn formatting (FMi)
\c@tracingmulticols=\count173
\mult@box=\box59
\multicol@leftmargin=\dimen197
\c@unbalance=\count174
\c@collectmore=\count175
\doublecol@number=\count176
\multicoltolerance=\count177
\multicolpretolerance=\count178
\full@width=\dimen198
\page@free=\dimen199
\premulticols=\dimen256
\postmulticols=\dimen257
\multicolsep=\skip61
\multicolbaselineskip=\skip62
\partial@page=\box60
\last@line=\box61
\maxbalancingoverflow=\dimen258
\mult@rightbox=\box62
\mult@grightbox=\box63
\mult@gfirstbox=\box64
\mult@firstbox=\box65
\@tempa=\box66
\@tempa=\box67
\@tempa=\box68
\@tempa=\box69
\@tempa=\box70
\@tempa=\box71
\@tempa=\box72
\@tempa=\box73
\@tempa=\box74
\@tempa=\box75
\@tempa=\box76
\@tempa=\box77
\@tempa=\box78
\@tempa=\box79
\@tempa=\box80
\@tempa=\box81
\@tempa=\box82
\c@columnbadness=\count179
\c@finalcolumnbadness=\count180
\last@try=\dimen259
\multicolovershoot=\dimen260
\multicolundershoot=\dimen261
\mult@nat@firstbox=\box83
\colbreak@box=\box84
\mc@col@check@num=\count181
)
(/net/TeXLive/2018/texmf-dist/tex/latex/wrapfig/wrapfig.sty
\wrapoverhang=\dimen262
\WF@size=\dimen263
\c@WF@wrappedlines=\count182
\WF@box=\box85
\WF@everypar=\toks54
Package: wrapfig 2003/01/31  v 3.6
)
(/net/TeXLive/2018/texmf-dist/tex/latex/relsize/relsize.sty
Package: relsize 2013/03/29 ver 4.1
)
(/net/TeXLive/2018/texmf-dist/tex/latex/mdframed/mdframed.sty
Package: mdframed 2013/07/01 1.9b: mdframed

(/net/TeXLive/2018/texmf-dist/tex/latex/l3packages/xparse/xparse.sty
(/net/TeXLive/2018/texmf-dist/tex/latex/l3kernel/expl3.sty
Package: expl3 2018-05-13 L3 programming layer (loader) 

(/net/TeXLive/2018/texmf-dist/tex/latex/l3kernel/expl3-code.tex
Package: expl3 2018-05-13 L3 programming layer (code)
\c_max_int=\count183
\l_tmpa_int=\count184
\l_tmpb_int=\count185
\g_tmpa_int=\count186
\g_tmpb_int=\count187
\g__kernel_prg_map_int=\count188
\c_log_iow=\count189
\l_iow_line_count_int=\count190
\l__iow_line_target_int=\count191
\l__iow_one_indent_int=\count192
\l__iow_indent_int=\count193
\c_zero_dim=\dimen264
\c_max_dim=\dimen265
\l_tmpa_dim=\dimen266
\l_tmpb_dim=\dimen267
\g_tmpa_dim=\dimen268
\g_tmpb_dim=\dimen269
\c_zero_skip=\skip63
\c_max_skip=\skip64
\l_tmpa_skip=\skip65
\l_tmpb_skip=\skip66
\g_tmpa_skip=\skip67
\g_tmpb_skip=\skip68
\c_zero_muskip=\muskip12
\c_max_muskip=\muskip13
\l_tmpa_muskip=\muskip14
\l_tmpb_muskip=\muskip15
\g_tmpa_muskip=\muskip16
\g_tmpb_muskip=\muskip17
\l_keys_choice_int=\count194
\l__intarray_loop_int=\count195
\c__intarray_sp_dim=\dimen270
\g__intarray_font_int=\count196
\c__fp_leading_shift_int=\count197
\c__fp_middle_shift_int=\count198
\c__fp_trailing_shift_int=\count199
\c__fp_big_leading_shift_int=\count266
\c__fp_big_middle_shift_int=\count267
\c__fp_big_trailing_shift_int=\count268
\c__fp_Bigg_leading_shift_int=\count269
\c__fp_Bigg_middle_shift_int=\count270
\c__fp_Bigg_trailing_shift_int=\count271
\c__kernel_randint_max_int=\count272
\g__fp_array_int=\count273
\l__fp_array_loop_int=\count274
\l__sort_length_int=\count275
\l__sort_min_int=\count276
\l__sort_top_int=\count277
\l__sort_max_int=\count278
\l__sort_true_max_int=\count279
\l__sort_block_int=\count280
\l__sort_begin_int=\count281
\l__sort_end_int=\count282
\l__sort_A_int=\count283
\l__sort_B_int=\count284
\l__sort_C_int=\count285
\l__tl_analysis_normal_int=\count286
\l__tl_analysis_index_int=\count287
\l__tl_analysis_nesting_int=\count288
\l__tl_analysis_type_int=\count289
\l__regex_internal_a_int=\count290
\l__regex_internal_b_int=\count291
\l__regex_internal_c_int=\count292
\l__regex_balance_int=\count293
\l__regex_group_level_int=\count294
\l__regex_mode_int=\count295
\c__regex_cs_in_class_mode_int=\count296
\c__regex_cs_mode_int=\count297
\l__regex_catcodes_int=\count298
\l__regex_default_catcodes_int=\count299
\c__regex_catcode_D_int=\count300
\c__regex_catcode_S_int=\count301
\c__regex_catcode_L_int=\count302
\c__regex_catcode_O_int=\count303
\c__regex_catcode_A_int=\count304
\c__regex_all_catcodes_int=\count305
\l__regex_show_lines_int=\count306
\l__regex_min_state_int=\count307
\l__regex_max_state_int=\count308
\l__regex_left_state_int=\count309
\l__regex_right_state_int=\count310
\l__regex_capturing_group_int=\count311
\l__regex_min_pos_int=\count312
\l__regex_max_pos_int=\count313
\l__regex_curr_pos_int=\count314
\l__regex_start_pos_int=\count315
\l__regex_success_pos_int=\count316
\l__regex_curr_char_int=\count317
\l__regex_curr_catcode_int=\count318
\l__regex_last_char_int=\count319
\l__regex_case_changed_char_int=\count320
\l__regex_curr_state_int=\count321
\l__regex_step_int=\count322
\l__regex_min_active_int=\count323
\l__regex_max_active_int=\count324
\l__regex_replacement_csnames_int=\count325
\l__regex_match_count_int=\count326
\l__regex_min_submatch_int=\count327
\l__regex_submatch_int=\count328
\l__regex_zeroth_submatch_int=\count329
\g__regex_trace_regex_int=\count330
\c_empty_box=\box86
\l_tmpa_box=\box87
\l_tmpb_box=\box88
\g_tmpa_box=\box89
\g_tmpb_box=\box90
\l__box_top_dim=\dimen271
\l__box_bottom_dim=\dimen272
\l__box_left_dim=\dimen273
\l__box_right_dim=\dimen274
\l__box_top_new_dim=\dimen275
\l__box_bottom_new_dim=\dimen276
\l__box_left_new_dim=\dimen277
\l__box_right_new_dim=\dimen278
\l__box_internal_box=\box91
\l__coffin_internal_box=\box92
\l__coffin_internal_dim=\dimen279
\l__coffin_offset_x_dim=\dimen280
\l__coffin_offset_y_dim=\dimen281
\l__coffin_x_dim=\dimen282
\l__coffin_y_dim=\dimen283
\l__coffin_x_prime_dim=\dimen284
\l__coffin_y_prime_dim=\dimen285
\c_empty_coffin=\box93
\l__coffin_aligned_coffin=\box94
\l__coffin_aligned_internal_coffin=\box95
\l_tmpa_coffin=\box96
\l_tmpb_coffin=\box97
\l__coffin_display_coffin=\box98
\l__coffin_display_coord_coffin=\box99
\l__coffin_display_pole_coffin=\box100
\l__coffin_display_offset_dim=\dimen286
\l__coffin_display_x_dim=\dimen287
\l__coffin_display_y_dim=\dimen288
\g__file_internal_ior=\read2
\l__coffin_bounding_shift_dim=\dimen289
\l__coffin_left_corner_dim=\dimen290
\l__coffin_right_corner_dim=\dimen291
\l__coffin_bottom_corner_dim=\dimen292
\l__coffin_top_corner_dim=\dimen293
\l__coffin_scaled_total_height_dim=\dimen294
\l__coffin_scaled_width_dim=\dimen295
\l__seq_internal_a_int=\count331
\l__seq_internal_b_int=\count332
)
(/net/TeXLive/2018/texmf-dist/tex/latex/l3kernel/l3pdfmode.def
File: l3pdfmode.def 2018-05-13 v L3 Experimental driver: PDF mode
\l__driver_color_stack_int=\count333
))
Package: xparse 2018-05-12 L3 Experimental document command parser
\l__xparse_current_arg_int=\count334
\g__xparse_grabber_int=\count335
\l__xparse_m_args_int=\count336
\l__xparse_mandatory_args_int=\count337
\l__xparse_v_nesting_int=\count338
)
(/net/TeXLive/2018/texmf-dist/tex/latex/oberdiek/zref-abspage.sty
Package: zref-abspage 2016/05/21 v2.26 Module abspage for zref (HO)

(/net/TeXLive/2018/texmf-dist/tex/latex/oberdiek/zref-base.sty
Package: zref-base 2016/05/21 v2.26 Module base for zref (HO)
Package zref Info: New property list: main on input line 759.
Package zref Info: New property: default on input line 760.
Package zref Info: New property: page on input line 761.
)
\c@abspage=\count339
Package zref Info: New property: abspage on input line 62.
)
(/net/TeXLive/2018/texmf-dist/tex/latex/needspace/needspace.sty
Package: needspace 2010/09/12 v1.3d reserve vertical space
)
\mdf@templength=\skip69
\c@mdf@globalstyle@cnt=\count340
\mdf@skipabove@length=\skip70
\mdf@skipbelow@length=\skip71
\mdf@leftmargin@length=\skip72
\mdf@rightmargin@length=\skip73
\mdf@innerleftmargin@length=\skip74
\mdf@innerrightmargin@length=\skip75
\mdf@innertopmargin@length=\skip76
\mdf@innerbottommargin@length=\skip77
\mdf@splittopskip@length=\skip78
\mdf@splitbottomskip@length=\skip79
\mdf@outermargin@length=\skip80
\mdf@innermargin@length=\skip81
\mdf@linewidth@length=\skip82
\mdf@innerlinewidth@length=\skip83
\mdf@middlelinewidth@length=\skip84
\mdf@outerlinewidth@length=\skip85
\mdf@roundcorner@length=\skip86
\mdf@footenotedistance@length=\skip87
\mdf@userdefinedwidth@length=\skip88
\mdf@needspace@length=\skip89
\mdf@frametitleaboveskip@length=\skip90
\mdf@frametitlebelowskip@length=\skip91
\mdf@frametitlerulewidth@length=\skip92
\mdf@frametitleleftmargin@length=\skip93
\mdf@frametitlerightmargin@length=\skip94
\mdf@shadowsize@length=\skip95
\mdf@extratopheight@length=\skip96
\mdf@subtitleabovelinewidth@length=\skip97
\mdf@subtitlebelowlinewidth@length=\skip98
\mdf@subtitleaboveskip@length=\skip99
\mdf@subtitlebelowskip@length=\skip100
\mdf@subtitleinneraboveskip@length=\skip101
\mdf@subtitleinnerbelowskip@length=\skip102
\mdf@subsubtitleabovelinewidth@length=\skip103
\mdf@subsubtitlebelowlinewidth@length=\skip104
\mdf@subsubtitleaboveskip@length=\skip105
\mdf@subsubtitlebelowskip@length=\skip106
\mdf@subsubtitleinneraboveskip@length=\skip107
\mdf@subsubtitleinnerbelowskip@length=\skip108

(/net/TeXLive/2018/texmf-dist/tex/latex/mdframed/md-frame-0.mdf
File: md-frame-0.mdf 2013/07/01\ 1.9b: md-frame-0
)
\mdf@frametitlebox=\box101
\mdf@footnotebox=\box102
\mdf@splitbox@one=\box103
\mdf@splitbox@two=\box104
\mdf@splitbox@save=\box105
\mdfsplitboxwidth=\skip109
\mdfsplitboxtotalwidth=\skip110
\mdfsplitboxheight=\skip111
\mdfsplitboxdepth=\skip112
\mdfsplitboxtotalheight=\skip113
\mdfframetitleboxwidth=\skip114
\mdfframetitleboxtotalwidth=\skip115
\mdfframetitleboxheight=\skip116
\mdfframetitleboxdepth=\skip117
\mdfframetitleboxtotalheight=\skip118
\mdffootnoteboxwidth=\skip119
\mdffootnoteboxtotalwidth=\skip120
\mdffootnoteboxheight=\skip121
\mdffootnoteboxdepth=\skip122
\mdffootnoteboxtotalheight=\skip123
\mdftotallinewidth=\skip124
\mdfboundingboxwidth=\skip125
\mdfboundingboxtotalwidth=\skip126
\mdfboundingboxheight=\skip127
\mdfboundingboxdepth=\skip128
\mdfboundingboxtotalheight=\skip129
\mdf@freevspace@length=\skip130
\mdf@horizontalwidthofbox@length=\skip131
\mdf@verticalmarginwhole@length=\skip132
\mdf@horizontalspaceofbox=\skip133
\mdfsubtitleheight=\skip134
\mdfsubsubtitleheight=\skip135
\c@mdfcountframes=\count341

****** mdframed patching \endmdf@trivlist

****** -- failed******

.................................................
. LaTeX info: "xparse/define-command"
. 
. Defining command \newmdtheoremenv with sig. 'O{} m o m o ' on line 601.
.................................................
.................................................
. LaTeX info: "xparse/define-command"
. 
. Defining command \mdtheorem with sig. ' O{} m o m o ' on line 701.
.................................................
\mdf@envdepth=\count342
\c@mdf@env@i=\count343
\c@mdf@env@ii=\count344
\c@mdf@zref@counter=\count345
Package zref Info: New property: mdf@pagevalue on input line 895.
)
(/net/TeXLive/2018/texmf-dist/tex/latex/pgf/utilities/pgfpages.sty
Package: pgfpages 2011/01/05 ver 0.02

(/net/TeXLive/2018/texmf-dist/tex/latex/tools/calc.sty
Package: calc 2017/05/25 v4.3 Infix arithmetic (KKT,FJ)
\calc@Acount=\count346
\calc@Bcount=\count347
\calc@Adimen=\dimen296
\calc@Bdimen=\dimen297
\calc@Askip=\skip136
\calc@Bskip=\skip137
LaTeX Info: Redefining \setlength on input line 80.
LaTeX Info: Redefining \addtolength on input line 81.
\calc@Ccount=\count348
\calc@Cskip=\skip138
)
\pgf@logicalpages=\count349
\pgf@firstshipout=\count350
\pgf@lastshipout=\count351
\pgf@currentshipout=\count352
\pgf@cpn=\count353
\pgf@shipoutnextto=\count354
\pgfphysicalheight=\dimen298
\pgfphysicalwidth=\dimen299
\pgfpages@shipoutbox=\box106
)
(/net/TeXLive/2018/texmf-dist/tex/latex/pgf/frontendlayer/tikz.sty
(/net/TeXLive/2018/texmf-dist/tex/latex/pgf/basiclayer/pgf.sty
Package: pgf 2015/08/07 v3.0.1a (rcs-revision 1.15)

(/net/TeXLive/2018/texmf-dist/tex/generic/pgf/modules/pgfmoduleshapes.code.tex
File: pgfmoduleshapes.code.tex 2014/03/21  (rcs-revision 1.35)
\pgfnodeparttextbox=\box107
) (/net/TeXLive/2018/texmf-dist/tex/generic/pgf/modules/pgfmoduleplot.code.tex
File: pgfmoduleplot.code.tex 2015/08/03  (rcs-revision 1.13)
)
(/net/TeXLive/2018/texmf-dist/tex/latex/pgf/compatibility/pgfcomp-version-0-65.
sty
Package: pgfcomp-version-0-65 2007/07/03 v3.0.1a (rcs-revision 1.7)
\pgf@nodesepstart=\dimen300
\pgf@nodesepend=\dimen301
)
(/net/TeXLive/2018/texmf-dist/tex/latex/pgf/compatibility/pgfcomp-version-1-18.
sty
Package: pgfcomp-version-1-18 2007/07/23 v3.0.1a (rcs-revision 1.1)
)) (/net/TeXLive/2018/texmf-dist/tex/latex/pgf/utilities/pgffor.sty
(/net/TeXLive/2018/texmf-dist/tex/latex/pgf/utilities/pgfkeys.sty
(/net/TeXLive/2018/texmf-dist/tex/generic/pgf/utilities/pgfkeys.code.tex))
(/net/TeXLive/2018/texmf-dist/tex/latex/pgf/math/pgfmath.sty
(/net/TeXLive/2018/texmf-dist/tex/generic/pgf/math/pgfmath.code.tex))
(/net/TeXLive/2018/texmf-dist/tex/generic/pgf/utilities/pgffor.code.tex
Package: pgffor 2013/12/13 v3.0.1a (rcs-revision 1.25)

(/net/TeXLive/2018/texmf-dist/tex/generic/pgf/math/pgfmath.code.tex)
\pgffor@iter=\dimen302
\pgffor@skip=\dimen303
\pgffor@stack=\toks55
\pgffor@toks=\toks56
))
(/net/TeXLive/2018/texmf-dist/tex/generic/pgf/frontendlayer/tikz/tikz.code.tex
Package: tikz 2015/08/07 v3.0.1a (rcs-revision 1.151)

(/net/TeXLive/2018/texmf-dist/tex/generic/pgf/libraries/pgflibraryplothandlers.
code.tex
File: pgflibraryplothandlers.code.tex 2013/08/31 v3.0.1a (rcs-revision 1.20)
\pgf@plot@mark@count=\count355
\pgfplotmarksize=\dimen304
)
\tikz@lastx=\dimen305
\tikz@lasty=\dimen306
\tikz@lastxsaved=\dimen307
\tikz@lastysaved=\dimen308
\tikzleveldistance=\dimen309
\tikzsiblingdistance=\dimen310
\tikz@figbox=\box108
\tikz@figbox@bg=\box109
\tikz@tempbox=\box110
\tikz@tempbox@bg=\box111
\tikztreelevel=\count356
\tikznumberofchildren=\count357
\tikznumberofcurrentchild=\count358
\tikz@fig@count=\count359

(/net/TeXLive/2018/texmf-dist/tex/generic/pgf/modules/pgfmodulematrix.code.tex
File: pgfmodulematrix.code.tex 2013/09/17  (rcs-revision 1.8)
\pgfmatrixcurrentrow=\count360
\pgfmatrixcurrentcolumn=\count361
\pgf@matrix@numberofcolumns=\count362
)
\tikz@expandcount=\count363

(/net/TeXLive/2018/texmf-dist/tex/generic/pgf/frontendlayer/tikz/libraries/tikz
librarytopaths.code.tex
File: tikzlibrarytopaths.code.tex 2008/06/17 v3.0.1a (rcs-revision 1.2)
)))
(/net/TeXLive/2018/texmf-dist/tex/generic/pgf/frontendlayer/tikz/libraries/tikz
libraryarrows.code.tex
File: tikzlibraryarrows.code.tex 2008/01/09 v3.0.1a (rcs-revision 1.1)

(/net/TeXLive/2018/texmf-dist/tex/generic/pgf/libraries/pgflibraryarrows.code.t
ex
File: pgflibraryarrows.code.tex 2013/09/23 v3.0.1a (rcs-revision 1.16)
\arrowsize=\dimen311
))
(/net/TeXLive/2018/texmf-dist/tex/generic/pgf/frontendlayer/tikz/libraries/tikz
libraryshapes.code.tex
File: tikzlibraryshapes.code.tex 2008/01/09 v3.0.1a (rcs-revision 1.1)

(/net/TeXLive/2018/texmf-dist/tex/generic/pgf/frontendlayer/tikz/libraries/tikz
libraryshapes.geometric.code.tex
File: tikzlibraryshapes.geometric.code.tex 2008/01/09 v3.0.1a (rcs-revision 1.1
)

(/net/TeXLive/2018/texmf-dist/tex/generic/pgf/libraries/shapes/pgflibraryshapes
.geometric.code.tex
File: pgflibraryshapes.geometric.code.tex 2008/06/26 v3.0.1a (rcs-revision 1.1)

))
(/net/TeXLive/2018/texmf-dist/tex/generic/pgf/frontendlayer/tikz/libraries/tikz
libraryshapes.misc.code.tex
File: tikzlibraryshapes.misc.code.tex 2008/01/09 v3.0.1a (rcs-revision 1.1)

(/net/TeXLive/2018/texmf-dist/tex/generic/pgf/libraries/shapes/pgflibraryshapes
.misc.code.tex
File: pgflibraryshapes.misc.code.tex 2013/07/18 v3.0.1a (rcs-revision 1.5)
))
(/net/TeXLive/2018/texmf-dist/tex/generic/pgf/frontendlayer/tikz/libraries/tikz
libraryshapes.symbols.code.tex
File: tikzlibraryshapes.symbols.code.tex 2008/01/09 v3.0.1a (rcs-revision 1.1)

(/net/TeXLive/2018/texmf-dist/tex/generic/pgf/libraries/shapes/pgflibraryshapes
.symbols.code.tex
File: pgflibraryshapes.symbols.code.tex 2013/09/11 v3.0.1a (rcs-revision 1.6)
))
(/net/TeXLive/2018/texmf-dist/tex/generic/pgf/frontendlayer/tikz/libraries/tikz
libraryshapes.arrows.code.tex
File: tikzlibraryshapes.arrows.code.tex 2008/01/09 v3.0.1a (rcs-revision 1.1)

(/net/TeXLive/2018/texmf-dist/tex/generic/pgf/libraries/shapes/pgflibraryshapes
.arrows.code.tex
File: pgflibraryshapes.arrows.code.tex 2008/06/26 v3.0.1a (rcs-revision 1.1)
))
(/net/TeXLive/2018/texmf-dist/tex/generic/pgf/frontendlayer/tikz/libraries/tikz
libraryshapes.callouts.code.tex
(/net/TeXLive/2018/texmf-dist/tex/generic/pgf/libraries/shapes/pgflibraryshapes
.callouts.code.tex))
(/net/TeXLive/2018/texmf-dist/tex/generic/pgf/frontendlayer/tikz/libraries/tikz
libraryshapes.multipart.code.tex
File: tikzlibraryshapes.multipart.code.tex 2008/01/09 v3.0.1a (rcs-revision 1.1
)

(/net/TeXLive/2018/texmf-dist/tex/generic/pgf/libraries/shapes/pgflibraryshapes
.multipart.code.tex
File: pgflibraryshapes.multipart.code.tex 2010/01/07 v3.0.1a (rcs-revision 1.2)

\pgfnodepartlowerbox=\box112
\pgfnodeparttwobox=\box113
\pgfnodepartthreebox=\box114
\pgfnodepartfourbox=\box115
\pgfnodeparttwentybox=\box116
\pgfnodepartnineteenbox=\box117
\pgfnodeparteighteenbox=\box118
\pgfnodepartseventeenbox=\box119
\pgfnodepartsixteenbox=\box120
\pgfnodepartfifteenbox=\box121
\pgfnodepartfourteenbox=\box122
\pgfnodepartthirteenbox=\box123
\pgfnodeparttwelvebox=\box124
\pgfnodepartelevenbox=\box125
\pgfnodeparttenbox=\box126
\pgfnodepartninebox=\box127
\pgfnodeparteightbox=\box128
\pgfnodepartsevenbox=\box129
\pgfnodepartsixbox=\box130
\pgfnodepartfivebox=\box131
)))
(/net/TeXLive/2018/texmf-dist/tex/generic/pgf/frontendlayer/tikz/libraries/tikz
librarycalc.code.tex
File: tikzlibrarycalc.code.tex 2013/07/15 v3.0.1a (rcs-revision 1.9)
)
(/net/TeXLive/2018/texmf-dist/tex/latex/textpos/textpos.sty
Package: textpos 2016/06/07 v1.8

Package: textpos 2016/06/07 1.8, absolute positioning of text on the page
\TP@textbox=\box132
\TP@holdbox=\box133
\TPHorizModule=\dimen312
\TPVertModule=\dimen313
\TP@margin=\dimen314
\TP@absmargin=\dimen315
Grid set 16 x 16 = 22.7622pt x 17.07166pt
\TPboxrulesize=\dimen316
\TP@ox=\dimen317
\TP@oy=\dimen318
\TP@tbargs=\toks57
\TP@prevdepth=\dimen319
TextBlockOrigin set to 0pt x 0pt
) (/net/TeXLive/2018/texmf-dist/tex/latex/mathtools/mathtools.sty
Package: mathtools 2018/01/08 v1.21 mathematical typesetting tools

(/net/TeXLive/2018/texmf-dist/tex/latex/mathtools/mhsetup.sty
Package: mhsetup 2017/03/31 v1.3 programming setup (MH)
)
LaTeX Info: Thecontrolsequence`\('isalreadyrobust on input line 129.
LaTeX Info: Thecontrolsequence`\)'isalreadyrobust on input line 129.
LaTeX Info: Thecontrolsequence`\['isalreadyrobust on input line 129.
LaTeX Info: Thecontrolsequence`\]'isalreadyrobust on input line 129.
\g_MT_multlinerow_int=\count364
\l_MT_multwidth_dim=\dimen320
\origjot=\skip139
\l_MT_shortvdotswithinadjustabove_dim=\dimen321
\l_MT_shortvdotswithinadjustbelow_dim=\dimen322
\l_MT_above_intertext_sep=\dimen323
\l_MT_below_intertext_sep=\dimen324
\l_MT_above_shortintertext_sep=\dimen325
\l_MT_below_shortintertext_sep=\dimen326
)
(/net/TeXLive/2018/texmf-dist/tex/latex/jknapltx/mathrsfs.sty
Package: mathrsfs 1996/01/01 Math RSFS package v1.0 (jk)
\symrsfs=\mathgroup7
)
\sympureletters=\mathgroup8
LaTeX Font Info:    Overwriting symbol font `pureletters' in version `bold'
(Font)                  OT1/mathkerncmss/m/sl --> OT1/mathkerncmss/bx/sl on inp
ut line 95.

(/net/TeXLive/2018/texmf-dist/tex/latex/tools/bm.sty
Package: bm 2017/01/16 v1.2c Bold Symbol Support (DPC/FMi)
\symboldoperators=\mathgroup9
\symboldletters=\mathgroup10
\symboldsymbols=\mathgroup11
\symboldwasy=\mathgroup12
LaTeX Font Info:    Redeclaring math alphabet \mathbf on input line 141.
LaTeX Info: Redefining \bm on input line 207.
)
(/net/TeXLive/2018/texmf-dist/tex/latex/doublestroke/dsfont.sty
Package: dsfont 1995/08/01 v0.1 Double stroke roman fonts
)
(/net/TeXLive/2018/texmf-dist/tex/latex/animate/animate.sty
Package: animate 2018/02/28 PDF animations from files and inline graphics

(/net/TeXLive/2018/texmf-dist/tex/latex/oberdiek/ifdraft.sty
Package: ifdraft 2016/05/16 v1.4 Detect class options draft and final (HO)
)
(/net/TeXLive/2018/texmf-dist/tex/latex/media9/pdfbase.sty
(/net/TeXLive/2018/texmf-dist/tex/latex/l3packages/l3keys2e/l3keys2e.sty
Package: l3keys2e 2018-05-12 LaTeX2e option processing using LaTeX3 keys
)
Package: pdfbase 2018/04/06 v0.23 driver independent access to low-level PDF fe
atures
\g_pbs_page_int=\count365
\g_pbs_oc_int=\count366
)
(/net/TeXLive/2018/texmf-dist/tex/latex/ocgx2/ocgbase.sty
Package: ocgbase 2018/04/06 v0.13 support package for ocgx2.sty
\g_ocgbase_nd_int=\count367
)
\@anim@box=\box134
\@anim@measbox=\box135
\@anim@tmpdima=\dimen327
\@anim@tmpdimb=\dimen328
\@anim@num=\count368
\@anim@curframe=\count369
\@anim@curframe@zb=\count370
\@anim@resizeflags=\count371
\@anim@skipfram=\count372
\@anim@mulframecnt=\count373
\@anim@@tmlnfile=\read3
\@anim@tmpcnt=\count374
\c@@anim@ltxcnt=\count375
\@anim@curlayer=\count376
\@anim@lineno=\count377
\@anim@curfield=\count378
\@anim@@resizeflags=\count379
)
\c@proposition=\count380

(/net/TeXLive/2018/texmf-dist/tex/latex/beamer/beamerthemeBoadilla.sty
(/net/TeXLive/2018/texmf-dist/tex/latex/beamer/beamercolorthemerose.sty)
(/net/TeXLive/2018/texmf-dist/tex/latex/beamer/beamerinnerthemerounded.sty)
(/net/TeXLive/2018/texmf-dist/tex/latex/beamer/beamercolorthemedolphin.sty)
(/net/TeXLive/2018/texmf-dist/tex/latex/beamer/beamerouterthemeinfolines.sty))
(/net/TeXLive/2018/texmf-dist/tex/latex/beamer/beamercolorthemebeaver.sty)
\footlineextrabox=\box136
)
(./math.tex) (./content/content-macros.tex) (./main.aux

LaTeX Warning: Label `alg:seq' multiply defined.


LaTeX Warning: Label `alg:seq' multiply defined.

)
\openout1 = `main.aux'.

LaTeX Font Info:    Checking defaults for OML/cmm/m/it on input line 26.
LaTeX Font Info:    ... okay on input line 26.
LaTeX Font Info:    Checking defaults for T1/cmr/m/n on input line 26.
LaTeX Font Info:    ... okay on input line 26.
LaTeX Font Info:    Checking defaults for OT1/cmr/m/n on input line 26.
LaTeX Font Info:    ... okay on input line 26.
LaTeX Font Info:    Checking defaults for OMS/cmsy/m/n on input line 26.
LaTeX Font Info:    ... okay on input line 26.
LaTeX Font Info:    Checking defaults for OMX/cmex/m/n on input line 26.
LaTeX Font Info:    ... okay on input line 26.
LaTeX Font Info:    Checking defaults for U/cmr/m/n on input line 26.
LaTeX Font Info:    ... okay on input line 26.
LaTeX Font Info:    Checking defaults for PD1/pdf/m/n on input line 26.
LaTeX Font Info:    ... okay on input line 26.

*geometry* driver: auto-detecting
*geometry* detected driver: pdftex
*geometry* verbose mode - [ preamble ] result:
* driver: pdftex
* paper: custom
* layout: <same size as paper>
* layoutoffset:(h,v)=(0.0pt,0.0pt)
* modes: includehead includefoot 
* h-part:(L,W,R)=(10.95003pt, 342.2953pt, 10.95003pt)
* v-part:(T,H,B)=(0.0pt, 273.14662pt, 0.0pt)
* \paperwidth=364.19536pt
* \paperheight=273.14662pt
* \textwidth=342.2953pt
* \textheight=244.6939pt
* \oddsidemargin=-61.31996pt
* \evensidemargin=-61.31996pt
* \topmargin=-72.26999pt
* \headheight=14.22636pt
* \headsep=0.0pt
* \topskip=11.0pt
* \footskip=14.22636pt
* \marginparwidth=4.0pt
* \marginparsep=10.0pt
* \columnsep=10.0pt
* \skip\footins=10.0pt plus 4.0pt minus 2.0pt
* \hoffset=0.0pt
* \voffset=0.0pt
* \mag=1000
* \@twocolumnfalse
* \@twosidefalse
* \@mparswitchfalse
* \@reversemarginfalse
* (1in=72.27pt=25.4mm, 1cm=28.453pt)

(/net/TeXLive/2018/texmf-dist/tex/context/base/mkii/supp-pdf.mkii
[Loading MPS to PDF converter (version 2006.09.02).]
\scratchcounter=\count381
\scratchdimen=\dimen329
\scratchbox=\box137
\nofMPsegments=\count382
\nofMParguments=\count383
\everyMPshowfont=\toks58
\MPscratchCnt=\count384
\MPscratchDim=\dimen330
\MPnumerator=\count385
\makeMPintoPDFobject=\count386
\everyMPtoPDFconversion=\toks59
) (/net/TeXLive/2018/texmf-dist/tex/latex/oberdiek/epstopdf-base.sty
Package: epstopdf-base 2016/05/15 v2.6 Base part for package epstopdf

(/net/TeXLive/2018/texmf-dist/tex/latex/oberdiek/grfext.sty
Package: grfext 2016/05/16 v1.2 Manage graphics extensions (HO)
)
Package epstopdf-base Info: Redefining graphics rule for `.eps' on input line 4
38.
Package grfext Info: Graphics extension search list:
(grfext)             [.pdf,.png,.jpg,.mps,.jpeg,.jbig2,.jb2,.PDF,.PNG,.JPG,.JPE
G,.JBIG2,.JB2,.eps]
(grfext)             \AppendGraphicsExtensions on input line 456.

(/net/TeXLive/2018/texmf-dist/tex/latex/latexconfig/epstopdf-sys.cfg
File: epstopdf-sys.cfg 2010/07/13 v1.3 Configuration of (r)epstopdf for TeX Liv
e
))
ABD: EveryShipout initializing macros
\AtBeginShipoutBox=\box138
Package hyperref Info: Link coloring OFF on input line 26.

(/net/TeXLive/2018/texmf-dist/tex/latex/hyperref/nameref.sty
Package: nameref 2016/05/21 v2.44 Cross-referencing by name of section

(/net/TeXLive/2018/texmf-dist/tex/generic/oberdiek/gettitlestring.sty
Package: gettitlestring 2016/05/16 v1.5 Cleanup title references (HO)
)
\c@section@level=\count387
)
LaTeX Info: Redefining \ref on input line 26.
LaTeX Info: Redefining \pageref on input line 26.
LaTeX Info: Redefining \nameref on input line 26.

(./main.out) (./main.out)
\@outlinefile=\write5
\openout5 = `main.out'.

LaTeX Font Info:    Overwriting symbol font `operators' in version `normal'
(Font)                  OT1/cmr/m/n --> OT1/cmss/m/n on input line 26.
LaTeX Font Info:    Overwriting symbol font `operators' in version `bold'
(Font)                  OT1/cmr/bx/n --> OT1/cmss/bx/n on input line 26.
\symnumbers=\mathgroup13
LaTeX Font Info:    Redeclaring symbol font `pureletters' on input line 26.
LaTeX Font Info:    Overwriting symbol font `pureletters' in version `normal'
(Font)                  OT1/mathkerncmss/m/sl --> OT1/cmss/m/it on input line 2
6.
LaTeX Font Info:    Overwriting symbol font `pureletters' in version `bold'
(Font)                  OT1/mathkerncmss/bx/sl --> OT1/cmss/m/it on input line 
26.
LaTeX Font Info:    Overwriting math alphabet `\mathrm' in version `normal'
(Font)                  OT1/cmss/m/n --> OT1/cmr/m/n on input line 26.
LaTeX Font Info:    Redeclaring math alphabet \mathbf on input line 26.
LaTeX Font Info:    Redeclaring math alphabet \mathsf on input line 26.
LaTeX Font Info:    Overwriting math alphabet `\mathsf' in version `normal'
(Font)                  OT1/cmss/m/n --> OT1/cmss/m/n on input line 26.
LaTeX Font Info:    Overwriting math alphabet `\mathsf' in version `bold'
(Font)                  OT1/cmss/bx/n --> OT1/cmss/m/n on input line 26.
LaTeX Font Info:    Redeclaring math alphabet \mathit on input line 26.
LaTeX Font Info:    Overwriting math alphabet `\mathit' in version `normal'
(Font)                  OT1/cmr/m/it --> OT1/cmss/m/it on input line 26.
LaTeX Font Info:    Overwriting math alphabet `\mathit' in version `bold'
(Font)                  OT1/cmr/bx/it --> OT1/cmss/m/it on input line 26.
LaTeX Font Info:    Redeclaring math alphabet \mathtt on input line 26.
LaTeX Font Info:    Overwriting math alphabet `\mathtt' in version `normal'
(Font)                  OT1/cmtt/m/n --> OT1/fvm/m/n on input line 26.
LaTeX Font Info:    Overwriting math alphabet `\mathtt' in version `bold'
(Font)                  OT1/cmtt/m/n --> OT1/fvm/m/n on input line 26.
LaTeX Font Info:    Overwriting symbol font `numbers' in version `bold'
(Font)                  OT1/cmss/m/n --> OT1/cmss/bx/n on input line 26.
LaTeX Font Info:    Overwriting symbol font `pureletters' in version `bold'
(Font)                  OT1/cmss/m/it --> OT1/cmss/bx/it on input line 26.
LaTeX Font Info:    Overwriting math alphabet `\mathrm' in version `bold'
(Font)                  OT1/cmss/bx/n --> OT1/cmr/bx/n on input line 26.
LaTeX Font Info:    Overwriting math alphabet `\mathbf' in version `bold'
(Font)                  OT1/cmss/bx/n --> OT1/cmss/bx/n on input line 26.
LaTeX Font Info:    Overwriting math alphabet `\mathsf' in version `bold'
(Font)                  OT1/cmss/m/n --> OT1/cmss/bx/n on input line 26.
LaTeX Font Info:    Overwriting math alphabet `\mathit' in version `bold'
(Font)                  OT1/cmss/m/it --> OT1/cmss/bx/it on input line 26.
LaTeX Font Info:    Overwriting math alphabet `\mathtt' in version `bold'
(Font)                  OT1/fvm/m/n --> OT1/fvm/bx/n on input line 26.
LaTeX Font Info:    Redeclaring symbol font `pureletters' on input line 26.
LaTeX Font Info:    Overwriting symbol font `pureletters' in version `normal'
(Font)                  OT1/cmss/m/it --> OT1/mathkerncmss/m/sl on input line 2
6.
LaTeX Font Info:    Overwriting symbol font `pureletters' in version `bold'
(Font)                  OT1/cmss/bx/it --> OT1/mathkerncmss/m/sl on input line 
26.
LaTeX Font Info:    Overwriting symbol font `pureletters' in version `bold'
(Font)                  OT1/mathkerncmss/m/sl --> OT1/mathkerncmss/bx/sl on inp
ut line 26.

(/net/TeXLive/2018/texmf-dist/tex/latex/translator/translator-basic-dictionary-
English.dict
Dictionary: translator-basic-dictionary, Language: English 
)
(/net/TeXLive/2018/texmf-dist/tex/latex/translator/translator-bibliography-dict
ionary-English.dict
Dictionary: translator-bibliography-dictionary, Language: English 
)
(/net/TeXLive/2018/texmf-dist/tex/latex/translator/translator-environment-dicti
onary-English.dict
Dictionary: translator-environment-dictionary, Language: English 
)
(/net/TeXLive/2018/texmf-dist/tex/latex/translator/translator-months-dictionary
-English.dict
Dictionary: translator-months-dictionary, Language: English 
)
(/net/TeXLive/2018/texmf-dist/tex/latex/translator/translator-numbers-dictionar
y-English.dict
Dictionary: translator-numbers-dictionary, Language: English 
)
(/net/TeXLive/2018/texmf-dist/tex/latex/translator/translator-theorem-dictionar
y-English.dict
Dictionary: translator-theorem-dictionary, Language: English 
)
\c@lstlisting=\count388
 (./main.nav) (./content/title.tex
LaTeX Font Info:    Try loading font information for U+msa on input line 24.

(/net/TeXLive/2018/texmf-dist/tex/latex/amsfonts/umsa.fd
File: umsa.fd 2013/01/14 v3.01 AMS symbols A
)
LaTeX Font Info:    Try loading font information for U+msb on input line 24.

(/net/TeXLive/2018/texmf-dist/tex/latex/amsfonts/umsb.fd
File: umsb.fd 2013/01/14 v3.01 AMS symbols B
)
LaTeX Font Info:    Try loading font information for U+wasy on input line 24.

(/net/TeXLive/2018/texmf-dist/tex/latex/wasysym/uwasy.fd
File: uwasy.fd 2003/10/30 v2.0 Wasy-2 symbol font definitions
)
LaTeX Font Info:    Try loading font information for U+rsfs on input line 24.

(/net/TeXLive/2018/texmf-dist/tex/latex/jknapltx/ursfs.fd
File: ursfs.fd 1998/03/24 rsfs font definition file (jk)
)
LaTeX Font Info:    Try loading font information for OT1+mathkerncmss on input 
line 24.

(/net/TeXLive/2018/texmf-dist/tex/latex/sansmathaccent/ot1mathkerncmss.fd
File: ot1mathkerncmss.fd 2013/03/27 Fontinst v1.933 font definitions for OT1/ma
thkerncmss.
)

LaTeX Font Warning: Font shape `U/wasy/b/n' in size <8> not available
(Font)              Font shape `U/wasy/m/n' tried instead on input line 24.


LaTeX Font Warning: Font shape `U/wasy/b/n' in size <6> not available
(Font)              Font shape `U/wasy/m/n' tried instead on input line 24.

<Images/TU_logo.pdf, id=20, 4742.41782pt x 3529.24529pt>
File: Images/TU_logo.pdf Graphic file (type pdf)
<use Images/TU_logo.pdf>
Package pdftex.def Info: Images/TU_logo.pdf  used on input line 24.
(pdftex.def)             Requested size: 38.20786pt x 28.45274pt.
<Images/AFG.pdf, id=21, 317.50685pt x 80.21986pt>
File: Images/AFG.pdf Graphic file (type pdf)
<use Images/AFG.pdf>
Package pdftex.def Info: Images/AFG.pdf  used on input line 24.
(pdftex.def)             Requested size: 112.61154pt x 28.45274pt.
[1

{/net/TeXLive/2018/texmf-var/fonts/map/pdftex/updmap/pdftex.map} <./Images/TU_l
ogo.pdf> <./Images/AFG.pdf

pdfTeX warning: pdflatex (file ./Images/AFG.pdf): PDF inclusion: multiple pdfs 
with page group included in a single page
>]) (./content/content.tex
<./Images/TU_logo.pdf, id=45, 4742.41782pt x 3529.24529pt>
File: ./Images/TU_logo.pdf Graphic file (type pdf)
<use ./Images/TU_logo.pdf>
Package pdftex.def Info: ./Images/TU_logo.pdf  used on input line 20.
(pdftex.def)             Requested size: 19.89992pt x 15.61703pt.
 [2

 <./Images/TU_logo.pdf>]
File: ./Images/TU_logo.pdf Graphic file (type pdf)
<use ./Images/TU_logo.pdf>
Package pdftex.def Info: ./Images/TU_logo.pdf  used on input line 20.
(pdftex.def)             Requested size: 19.89992pt x 15.61703pt.
 [3

]
<Images/phantom.png, id=67, 257.96375pt x 276.03125pt>
File: Images/phantom.png Graphic file (type png)
<use Images/phantom.png>
Package pdftex.def Info: Images/phantom.png  used on input line 34.
(pdftex.def)             Requested size: 154.03183pt x 164.82397pt.
<Images/phantom_measured.png, id=68, 255.95625pt x 279.0425pt>
File: Images/phantom_measured.png Graphic file (type png)
<use Images/phantom_measured.png>
Package pdftex.def Info: Images/phantom_measured.png  used on input line 34.
(pdftex.def)             Requested size: 154.03183pt x 167.92494pt.
File: ./Images/TU_logo.pdf Graphic file (type pdf)
<use ./Images/TU_logo.pdf>
Package pdftex.def Info: ./Images/TU_logo.pdf  used on input line 34.
(pdftex.def)             Requested size: 19.89992pt x 15.61703pt.
 [4

 <./Images/phantom.png (PNG copy)> <./Images/phantom_measured.png (PNG copy)>]
<../sinogram.png, id=75, 562.1pt x 421.575pt>
File: ../sinogram.png Graphic file (type png)
<use ../sinogram.png>
Package pdftex.def Info: ../sinogram.png  used on input line 40.
(pdftex.def)             Requested size: 308.06367pt x 231.04356pt.

Overfull \vbox (10.773pt too high) detected at line 40
 []

File: ./Images/TU_logo.pdf Graphic file (type pdf)
<use ./Images/TU_logo.pdf>
Package pdftex.def Info: ./Images/TU_logo.pdf  used on input line 40.
(pdftex.def)             Requested size: 19.89992pt x 15.61703pt.
[5

 <../sinogram.png (PNG copy)>]
File: ./Images/TU_logo.pdf Graphic file (type pdf)
<use ./Images/TU_logo.pdf>
Package pdftex.def Info: ./Images/TU_logo.pdf  used on input line 60.
(pdftex.def)             Requested size: 19.89992pt x 15.61703pt.
 [6

]
File: ./Images/TU_logo.pdf Graphic file (type pdf)
<use ./Images/TU_logo.pdf>
Package pdftex.def Info: ./Images/TU_logo.pdf  used on input line 60.
(pdftex.def)             Requested size: 19.89992pt x 15.61703pt.
 [7

]
LaTeX Font Info:    Try loading font information for U+mvs on input line 81.

(/net/TeXLive/2018/texmf-dist/tex/latex/marvosym/umvs.fd)
File: ./Images/TU_logo.pdf Graphic file (type pdf)
<use ./Images/TU_logo.pdf>
Package pdftex.def Info: ./Images/TU_logo.pdf  used on input line 81.
(pdftex.def)             Requested size: 19.89992pt x 15.61703pt.
 [8

]
File: ./Images/TU_logo.pdf Graphic file (type pdf)
<use ./Images/TU_logo.pdf>
Package pdftex.def Info: ./Images/TU_logo.pdf  used on input line 81.
(pdftex.def)             Requested size: 19.89992pt x 15.61703pt.
 [9

]
File: ./Images/TU_logo.pdf Graphic file (type pdf)
<use ./Images/TU_logo.pdf>
Package pdftex.def Info: ./Images/TU_logo.pdf  used on input line 81.
(pdftex.def)             Requested size: 19.89992pt x 15.61703pt.
 [10

]
File: ./Images/TU_logo.pdf Graphic file (type pdf)
<use ./Images/TU_logo.pdf>
Package pdftex.def Info: ./Images/TU_logo.pdf  used on input line 106.
(pdftex.def)             Requested size: 19.89992pt x 15.61703pt.
 [11

]
File: ./Images/TU_logo.pdf Graphic file (type pdf)
<use ./Images/TU_logo.pdf>
Package pdftex.def Info: ./Images/TU_logo.pdf  used on input line 106.
(pdftex.def)             Requested size: 19.89992pt x 15.61703pt.

[12

]
File: ./Images/TU_logo.pdf Graphic file (type pdf)
<use ./Images/TU_logo.pdf>
Package pdftex.def Info: ./Images/TU_logo.pdf  used on input line 106.
(pdftex.def)             Requested size: 19.89992pt x 15.61703pt.
 [13

]
File: ./Images/TU_logo.pdf Graphic file (type pdf)
<use ./Images/TU_logo.pdf>
Package pdftex.def Info: ./Images/TU_logo.pdf  used on input line 128.
(pdftex.def)             Requested size: 19.89992pt x 15.61703pt.
 [14

]
File: ./Images/TU_logo.pdf Graphic file (type pdf)
<use ./Images/TU_logo.pdf>
Package pdftex.def Info: ./Images/TU_logo.pdf  used on input line 128.
(pdftex.def)             Requested size: 19.89992pt x 15.61703pt.
 [15

]
File: ./Images/TU_logo.pdf Graphic file (type pdf)
<use ./Images/TU_logo.pdf>
Package pdftex.def Info: ./Images/TU_logo.pdf  used on input line 153.
(pdftex.def)             Requested size: 19.89992pt x 15.61703pt.
 [16

]
File: ./Images/TU_logo.pdf Graphic file (type pdf)
<use ./Images/TU_logo.pdf>
Package pdftex.def Info: ./Images/TU_logo.pdf  used on input line 153.
(pdftex.def)             Requested size: 19.89992pt x 15.61703pt.
 [17

]
File: ./Images/TU_logo.pdf Graphic file (type pdf)
<use ./Images/TU_logo.pdf>
Package pdftex.def Info: ./Images/TU_logo.pdf  used on input line 153.
(pdftex.def)             Requested size: 19.89992pt x 15.61703pt.
 [18

]pdfTeX warning (ext4): destination with the same identifier (name{alg:seq}) ha
s been already used, duplicate ignored
<to be read again> 
                   \relax 
l.182 \end{frame}
                 
Overfull \vbox (5.59282pt too high) detected at line 182
 []

File: ./Images/TU_logo.pdf Graphic file (type pdf)
<use ./Images/TU_logo.pdf>
Package pdftex.def Info: ./Images/TU_logo.pdf  used on input line 182.
(pdftex.def)             Requested size: 19.89992pt x 15.61703pt.
[19

]
Overfull \vbox (5.59282pt too high) detected at line 182
 []

File: ./Images/TU_logo.pdf Graphic file (type pdf)
<use ./Images/TU_logo.pdf>
Package pdftex.def Info: ./Images/TU_logo.pdf  used on input line 182.
(pdftex.def)             Requested size: 19.89992pt x 15.61703pt.
[20

]
<Images/architecture.png, id=181, 531.9072pt x 203.0787pt>
File: Images/architecture.png Graphic file (type png)
<use Images/architecture.png>
Package pdftex.def Info: Images/architecture.png  used on input line 189.
(pdftex.def)             Requested size: 342.2953pt x 130.69193pt.
File: ./Images/TU_logo.pdf Graphic file (type pdf)
<use ./Images/TU_logo.pdf>
Package pdftex.def Info: ./Images/TU_logo.pdf  used on input line 189.
(pdftex.def)             Requested size: 19.89992pt x 15.61703pt.
 [21

 <./Images/architecture.png>]
<Images/lpdrec.png, id=190, 516.7305pt x 390.9807pt>
File: Images/lpdrec.png Graphic file (type png)
<use Images/lpdrec.png>
Package pdftex.def Info: Images/lpdrec.png  used on input line 196.
(pdftex.def)             Requested size: 290.9531pt x 220.14684pt.
File: ./Images/TU_logo.pdf Graphic file (type pdf)
<use ./Images/TU_logo.pdf>
Package pdftex.def Info: ./Images/TU_logo.pdf  used on input line 196.
(pdftex.def)             Requested size: 19.89992pt x 15.61703pt.
 [22

 <./Images/lpdrec.png>]
File: ./Images/TU_logo.pdf Graphic file (type pdf)
<use ./Images/TU_logo.pdf>
Package pdftex.def Info: ./Images/TU_logo.pdf  used on input line 219.
(pdftex.def)             Requested size: 19.89992pt x 15.61703pt.
 [23

]
File: ./Images/TU_logo.pdf Graphic file (type pdf)
<use ./Images/TU_logo.pdf>
Package pdftex.def Info: ./Images/TU_logo.pdf  used on input line 219.
(pdftex.def)             Requested size: 19.89992pt x 15.61703pt.
 [24

]
File: ./Images/TU_logo.pdf Graphic file (type pdf)
<use ./Images/TU_logo.pdf>
Package pdftex.def Info: ./Images/TU_logo.pdf  used on input line 250.
(pdftex.def)             Requested size: 19.89992pt x 15.61703pt.

[25

]
File: ./Images/TU_logo.pdf Graphic file (type pdf)
<use ./Images/TU_logo.pdf>
Package pdftex.def Info: ./Images/TU_logo.pdf  used on input line 279.
(pdftex.def)             Requested size: 19.89992pt x 15.61703pt.
 [26

]
<Images/CT_canonical.png, id=226, 400.49625pt x 191.9672pt>
File: Images/CT_canonical.png Graphic file (type png)
<use Images/CT_canonical.png>
Package pdftex.def Info: Images/CT_canonical.png  used on input line 298.
(pdftex.def)             Requested size: 290.9531pt x 139.46703pt.

Overfull \vbox (3.51114pt too high) detected at line 298
 []

File: ./Images/TU_logo.pdf Graphic file (type pdf)
<use ./Images/TU_logo.pdf>
Package pdftex.def Info: ./Images/TU_logo.pdf  used on input line 298.
(pdftex.def)             Requested size: 19.89992pt x 15.61703pt.
[27

 <./Images/CT_canonical.png>]
File: Images/CT_canonical.png Graphic file (type png)
<use Images/CT_canonical.png>
Package pdftex.def Info: Images/CT_canonical.png  used on input line 298.
(pdftex.def)             Requested size: 290.9531pt x 139.46703pt.

Overfull \vbox (3.51114pt too high) detected at line 298
 []

File: ./Images/TU_logo.pdf Graphic file (type pdf)
<use ./Images/TU_logo.pdf>
Package pdftex.def Info: ./Images/TU_logo.pdf  used on input line 298.
(pdftex.def)             Requested size: 19.89992pt x 15.61703pt.
[28

]
File: ./Images/TU_logo.pdf Graphic file (type pdf)
<use ./Images/TU_logo.pdf>
Package pdftex.def Info: ./Images/TU_logo.pdf  used on input line 323.
(pdftex.def)             Requested size: 19.89992pt x 15.61703pt.
 [29

]
File: ./Images/TU_logo.pdf Graphic file (type pdf)
<use ./Images/TU_logo.pdf>
Package pdftex.def Info: ./Images/TU_logo.pdf  used on input line 323.
(pdftex.def)             Requested size: 19.89992pt x 15.61703pt.
 [30

]pdfTeX warning (ext4): destination with the same identifier (name{alg:seq}) ha
s been already used, duplicate ignored
<to be read again> 
                   \relax 
l.349 \end{frame}
                 
File: ./Images/TU_logo.pdf Graphic file (type pdf)
<use ./Images/TU_logo.pdf>
Package pdftex.def Info: ./Images/TU_logo.pdf  used on input line 349.
(pdftex.def)             Requested size: 19.89992pt x 15.61703pt.
 [31

]
File: ./Images/TU_logo.pdf Graphic file (type pdf)
<use ./Images/TU_logo.pdf>
Package pdftex.def Info: ./Images/TU_logo.pdf  used on input line 349.
(pdftex.def)             Requested size: 19.89992pt x 15.61703pt.
 [32

]
File: ./Images/TU_logo.pdf Graphic file (type pdf)
<use ./Images/TU_logo.pdf>
Package pdftex.def Info: ./Images/TU_logo.pdf  used on input line 349.
(pdftex.def)             Requested size: 19.89992pt x 15.61703pt.
 [33

]

LaTeX Font Warning: Font shape `U/wasy/b/n' in size <7> not available
(Font)              Font shape `U/wasy/m/n' tried instead on input line 388.

File: ./Images/TU_logo.pdf Graphic file (type pdf)
<use ./Images/TU_logo.pdf>
Package pdftex.def Info: ./Images/TU_logo.pdf  used on input line 388.
(pdftex.def)             Requested size: 19.89992pt x 15.61703pt.
[34

]
File: ./Images/TU_logo.pdf Graphic file (type pdf)
<use ./Images/TU_logo.pdf>
Package pdftex.def Info: ./Images/TU_logo.pdf  used on input line 388.
(pdftex.def)             Requested size: 19.89992pt x 15.61703pt.
 [35

]
File: ./Images/TU_logo.pdf Graphic file (type pdf)
<use ./Images/TU_logo.pdf>
Package pdftex.def Info: ./Images/TU_logo.pdf  used on input line 388.
(pdftex.def)             Requested size: 19.89992pt x 15.61703pt.
 [36

]
File: ./Images/TU_logo.pdf Graphic file (type pdf)
<use ./Images/TU_logo.pdf>
Package pdftex.def Info: ./Images/TU_logo.pdf  used on input line 388.
(pdftex.def)             Requested size: 19.89992pt x 15.61703pt.
 [37

]
File: ./Images/TU_logo.pdf Graphic file (type pdf)
<use ./Images/TU_logo.pdf>
Package pdftex.def Info: ./Images/TU_logo.pdf  used on input line 388.
(pdftex.def)             Requested size: 19.89992pt x 15.61703pt.
 [38

]
File: ./Images/TU_logo.pdf Graphic file (type pdf)
<use ./Images/TU_logo.pdf>
Package pdftex.def Info: ./Images/TU_logo.pdf  used on input line 388.
(pdftex.def)             Requested size: 19.89992pt x 15.61703pt.
 [39

]
File: ./Images/TU_logo.pdf Graphic file (type pdf)
<use ./Images/TU_logo.pdf>
Package pdftex.def Info: ./Images/TU_logo.pdf  used on input line 388.
(pdftex.def)             Requested size: 19.89992pt x 15.61703pt.
 [40

]
File: ./Images/TU_logo.pdf Graphic file (type pdf)
<use ./Images/TU_logo.pdf>
Package pdftex.def Info: ./Images/TU_logo.pdf  used on input line 394.
(pdftex.def)             Requested size: 19.89992pt x 15.61703pt.
 [41

])
\tf@nav=\write6
\openout6 = `main.nav'.

\tf@toc=\write7
\openout7 = `main.toc'.

\tf@snm=\write8
\openout8 = `main.snm'.

Package atveryend Info: Empty hook `BeforeClearDocument' on input line 36.
Package atveryend Info: Empty hook `AfterLastShipout' on input line 36.
 (./main.aux)
Package atveryend Info: Executing hook `AtVeryEndDocument' on input line 36.
Package atveryend Info: Executing hook `AtEndAfterFileList' on input line 36.
Package rerunfilecheck Info: File `main.out' has not changed.
(rerunfilecheck)             Checksum: D41D8CD98F00B204E9800998ECF8427E;0.


LaTeX Warning: There were multiply-defined labels.

 ) 
Here is how much of TeX's memory you used:
 37213 strings out of 493825
 732076 string characters out of 6162074
 875146 words of memory out of 5000000
 40098 multiletter control sequences out of 15000+600000
 554797 words of font info for 105 fonts, out of 8000000 for 9000
 523 hyphenation exceptions out of 8191
 61i,17n,77p,771b,603s stack positions out of 5000i,500n,10000p,200000b,80000s
</net/TeXLive/2018/texmf-dist/fonts/type1/public/amsfonts/cm/cmex10.pfb></net
/TeXLive/2018/texmf-dist/fonts/type1/public/amsfonts/cm/cmmi10.pfb></net/TeXLiv
e/2018/texmf-dist/fonts/type1/public/amsfonts/cm/cmmi8.pfb></net/TeXLive/2018/t
exmf-dist/fonts/type1/public/amsfonts/cm/cmss10.pfb></net/TeXLive/2018/texmf-di
st/fonts/type1/public/amsfonts/cm/cmss12.pfb></net/TeXLive/2018/texmf-dist/font
s/type1/public/amsfonts/cm/cmss8.pfb></net/TeXLive/2018/texmf-dist/fonts/type1/
public/amsfonts/cm/cmss9.pfb></net/TeXLive/2018/texmf-dist/fonts/type1/public/a
msfonts/cm/cmssbx10.pfb></net/TeXLive/2018/texmf-dist/fonts/type1/public/amsfon
ts/cm/cmssi10.pfb></net/TeXLive/2018/texmf-dist/fonts/type1/public/amsfonts/cm/
cmssi8.pfb></net/TeXLive/2018/texmf-dist/fonts/type1/public/amsfonts/cm/cmsy10.
pfb></net/TeXLive/2018/texmf-dist/fonts/type1/public/amsfonts/cm/cmsy6.pfb></ne
t/TeXLive/2018/texmf-dist/fonts/type1/public/amsfonts/cm/cmsy8.pfb></net/TeXLiv
e/2018/texmf-dist/fonts/type1/public/marvosym/marvosym.pfb></net/TeXLive/2018/t
exmf-dist/fonts/type1/public/amsfonts/symbols/msam10.pfb></net/TeXLive/2018/tex
mf-dist/fonts/type1/public/amsfonts/symbols/msbm10.pfb></net/TeXLive/2018/texmf
-dist/fonts/type1/public/wasy2-ps/wasy10.pfb>
Output written on main.pdf (41 pages, 769227 bytes).
PDF statistics:
 400 PDF objects out of 1000 (max. 8388607)
 310 compressed objects within 4 object streams
 86 named destinations out of 1000 (max. 500000)
 112 words of extra memory for PDF output out of 10000 (max. 10000000)

