This is pdfTeX, Version 3.14159265-2.6-1.40.19 (TeX Live 2018) (preloaded format=pdflatex 2018.6.18)  26 JUN 2018 18:37
entering extended mode
 restricted \write18 enabled.
 %&-line parsing enabled.
**main.tex
(./main.tex
LaTeX2e <2018-04-01> patch level 5
(/net/TeXLive/2018/texmf-dist/tex/latex/beamer/beamer.cls
Document Class: beamer 2018/02/20 v3.50 A class for typesetting presentations
(/net/TeXLive/2018/texmf-dist/tex/latex/beamer/beamerbasemodes.sty
(/net/TeXLive/2018/texmf-dist/tex/latex/etoolbox/etoolbox.sty
Package: etoolbox 2018/02/11 v2.5e e-TeX tools for LaTeX (JAW)
\etb@tempcnta=\count80
)
\beamer@tempbox=\box26
\beamer@tempcount=\count81
\c@beamerpauses=\count82

(/net/TeXLive/2018/texmf-dist/tex/latex/beamer/beamerbasedecode.sty
\beamer@slideinframe=\count83
\beamer@minimum=\count84
)
\beamer@commentbox=\box27
\beamer@modecount=\count85
)
(/net/TeXLive/2018/texmf-dist/tex/generic/oberdiek/ifpdf.sty
Package: ifpdf 2017/03/15 v3.2 Provides the ifpdf switch
)
\headdp=\dimen102
\footheight=\dimen103
\sidebarheight=\dimen104
\beamer@tempdim=\dimen105
\beamer@finalheight=\dimen106
\beamer@animht=\dimen107
\beamer@animdp=\dimen108
\beamer@animwd=\dimen109
\beamer@leftmargin=\dimen110
\beamer@rightmargin=\dimen111
\beamer@leftsidebar=\dimen112
\beamer@rightsidebar=\dimen113
\beamer@boxsize=\dimen114
\beamer@vboxoffset=\dimen115
\beamer@descdefault=\dimen116
\beamer@descriptionwidth=\dimen117
\beamer@lastskip=\skip41
\beamer@areabox=\box28
\beamer@animcurrent=\box29
\beamer@animshowbox=\box30
\beamer@sectionbox=\box31
\beamer@logobox=\box32
\beamer@linebox=\box33
\beamer@sectioncount=\count86
\beamer@subsubsectionmax=\count87
\beamer@subsectionmax=\count88
\beamer@sectionmax=\count89
\beamer@totalheads=\count90
\beamer@headcounter=\count91
\beamer@partstartpage=\count92
\beamer@sectionstartpage=\count93
\beamer@subsectionstartpage=\count94
\beamer@animationtempa=\count95
\beamer@animationtempb=\count96
\beamer@xpos=\count97
\beamer@ypos=\count98
\beamer@ypos@offset=\count99
\beamer@showpartnumber=\count100
\beamer@currentsubsection=\count101
\beamer@coveringdepth=\count102
\beamer@sectionadjust=\count103
\beamer@tocsectionnumber=\count104

(/net/TeXLive/2018/texmf-dist/tex/latex/beamer/beamerbaseoptions.sty
(/net/TeXLive/2018/texmf-dist/tex/latex/graphics/keyval.sty
Package: keyval 2014/10/28 v1.15 key=value parser (DPC)
\KV@toks@=\toks14
))
\beamer@paperwidth=\skip42
\beamer@paperheight=\skip43

(/net/TeXLive/2018/texmf-dist/tex/latex/geometry/geometry.sty
Package: geometry 2018/04/16 v5.8 Page Geometry

(/net/TeXLive/2018/texmf-dist/tex/generic/oberdiek/ifvtex.sty
Package: ifvtex 2016/05/16 v1.6 Detect VTeX and its facilities (HO)
Package ifvtex Info: VTeX not detected.
)
(/net/TeXLive/2018/texmf-dist/tex/generic/ifxetex/ifxetex.sty
Package: ifxetex 2010/09/12 v0.6 Provides ifxetex conditional
)
\Gm@cnth=\count105
\Gm@cntv=\count106
\c@Gm@tempcnt=\count107
\Gm@bindingoffset=\dimen118
\Gm@wd@mp=\dimen119
\Gm@odd@mp=\dimen120
\Gm@even@mp=\dimen121
\Gm@layoutwidth=\dimen122
\Gm@layoutheight=\dimen123
\Gm@layouthoffset=\dimen124
\Gm@layoutvoffset=\dimen125
\Gm@dimlist=\toks15
)
(/net/TeXLive/2018/texmf-dist/tex/latex/base/size11.clo
File: size11.clo 2014/09/29 v1.4h Standard LaTeX file (size option)
)
(/net/TeXLive/2018/texmf-dist/tex/latex/pgf/basiclayer/pgfcore.sty
(/net/TeXLive/2018/texmf-dist/tex/latex/graphics/graphicx.sty
Package: graphicx 2017/06/01 v1.1a Enhanced LaTeX Graphics (DPC,SPQR)

(/net/TeXLive/2018/texmf-dist/tex/latex/graphics/graphics.sty
Package: graphics 2017/06/25 v1.2c Standard LaTeX Graphics (DPC,SPQR)

(/net/TeXLive/2018/texmf-dist/tex/latex/graphics/trig.sty
Package: trig 2016/01/03 v1.10 sin cos tan (DPC)
)
(/net/TeXLive/2018/texmf-dist/tex/latex/graphics-cfg/graphics.cfg
File: graphics.cfg 2016/06/04 v1.11 sample graphics configuration
)
Package graphics Info: Driver file: pdftex.def on input line 99.

(/net/TeXLive/2018/texmf-dist/tex/latex/graphics-def/pdftex.def
File: pdftex.def 2018/01/08 v1.0l Graphics/color driver for pdftex
))
\Gin@req@height=\dimen126
\Gin@req@width=\dimen127
)
(/net/TeXLive/2018/texmf-dist/tex/latex/pgf/systemlayer/pgfsys.sty
(/net/TeXLive/2018/texmf-dist/tex/latex/pgf/utilities/pgfrcs.sty
(/net/TeXLive/2018/texmf-dist/tex/generic/pgf/utilities/pgfutil-common.tex
\pgfutil@everybye=\toks16
\pgfutil@tempdima=\dimen128
\pgfutil@tempdimb=\dimen129

(/net/TeXLive/2018/texmf-dist/tex/generic/pgf/utilities/pgfutil-common-lists.te
x)) (/net/TeXLive/2018/texmf-dist/tex/generic/pgf/utilities/pgfutil-latex.def
\pgfutil@abb=\box34

(/net/TeXLive/2018/texmf-dist/tex/latex/ms/everyshi.sty
Package: everyshi 2001/05/15 v3.00 EveryShipout Package (MS)
))
(/net/TeXLive/2018/texmf-dist/tex/generic/pgf/utilities/pgfrcs.code.tex
Package: pgfrcs 2015/08/07 v3.0.1a (rcs-revision 1.31)
))
(/net/TeXLive/2018/texmf-dist/tex/generic/pgf/systemlayer/pgfsys.code.tex
Package: pgfsys 2014/07/09 v3.0.1a (rcs-revision 1.48)

(/net/TeXLive/2018/texmf-dist/tex/generic/pgf/utilities/pgfkeys.code.tex
\pgfkeys@pathtoks=\toks17
\pgfkeys@temptoks=\toks18

(/net/TeXLive/2018/texmf-dist/tex/generic/pgf/utilities/pgfkeysfiltered.code.te
x
\pgfkeys@tmptoks=\toks19
))
\pgf@x=\dimen130
\pgf@y=\dimen131
\pgf@xa=\dimen132
\pgf@ya=\dimen133
\pgf@xb=\dimen134
\pgf@yb=\dimen135
\pgf@xc=\dimen136
\pgf@yc=\dimen137
\w@pgf@writea=\write3
\r@pgf@reada=\read1
\c@pgf@counta=\count108
\c@pgf@countb=\count109
\c@pgf@countc=\count110
\c@pgf@countd=\count111
\t@pgf@toka=\toks20
\t@pgf@tokb=\toks21
\t@pgf@tokc=\toks22
 (/net/TeXLive/2018/texmf-dist/tex/generic/pgf/systemlayer/pgf.cfg
File: pgf.cfg 2008/05/14  (rcs-revision 1.7)
)
Driver file for pgf: pgfsys-pdftex.def

(/net/TeXLive/2018/texmf-dist/tex/generic/pgf/systemlayer/pgfsys-pdftex.def
File: pgfsys-pdftex.def 2014/10/11  (rcs-revision 1.35)

(/net/TeXLive/2018/texmf-dist/tex/generic/pgf/systemlayer/pgfsys-common-pdf.def
File: pgfsys-common-pdf.def 2013/10/10  (rcs-revision 1.13)
)))
(/net/TeXLive/2018/texmf-dist/tex/generic/pgf/systemlayer/pgfsyssoftpath.code.t
ex
File: pgfsyssoftpath.code.tex 2013/09/09  (rcs-revision 1.9)
\pgfsyssoftpath@smallbuffer@items=\count112
\pgfsyssoftpath@bigbuffer@items=\count113
)
(/net/TeXLive/2018/texmf-dist/tex/generic/pgf/systemlayer/pgfsysprotocol.code.t
ex
File: pgfsysprotocol.code.tex 2006/10/16  (rcs-revision 1.4)
)) (/net/TeXLive/2018/texmf-dist/tex/latex/xcolor/xcolor.sty
Package: xcolor 2016/05/11 v2.12 LaTeX color extensions (UK)

(/net/TeXLive/2018/texmf-dist/tex/latex/graphics-cfg/color.cfg
File: color.cfg 2016/01/02 v1.6 sample color configuration
)
Package xcolor Info: Driver file: pdftex.def on input line 225.
Package xcolor Info: Model `cmy' substituted by `cmy0' on input line 1348.
Package xcolor Info: Model `hsb' substituted by `rgb' on input line 1352.
Package xcolor Info: Model `RGB' extended on input line 1364.
Package xcolor Info: Model `HTML' substituted by `rgb' on input line 1366.
Package xcolor Info: Model `Hsb' substituted by `hsb' on input line 1367.
Package xcolor Info: Model `tHsb' substituted by `hsb' on input line 1368.
Package xcolor Info: Model `HSB' substituted by `hsb' on input line 1369.
Package xcolor Info: Model `Gray' substituted by `gray' on input line 1370.
Package xcolor Info: Model `wave' substituted by `hsb' on input line 1371.
)
(/net/TeXLive/2018/texmf-dist/tex/generic/pgf/basiclayer/pgfcore.code.tex
Package: pgfcore 2010/04/11 v3.0.1a (rcs-revision 1.7)

(/net/TeXLive/2018/texmf-dist/tex/generic/pgf/math/pgfmath.code.tex
(/net/TeXLive/2018/texmf-dist/tex/generic/pgf/math/pgfmathcalc.code.tex
(/net/TeXLive/2018/texmf-dist/tex/generic/pgf/math/pgfmathutil.code.tex)
(/net/TeXLive/2018/texmf-dist/tex/generic/pgf/math/pgfmathparser.code.tex
\pgfmath@dimen=\dimen138
\pgfmath@count=\count114
\pgfmath@box=\box35
\pgfmath@toks=\toks23
\pgfmath@stack@operand=\toks24
\pgfmath@stack@operation=\toks25
)
(/net/TeXLive/2018/texmf-dist/tex/generic/pgf/math/pgfmathfunctions.code.tex
(/net/TeXLive/2018/texmf-dist/tex/generic/pgf/math/pgfmathfunctions.basic.code.
tex)
(/net/TeXLive/2018/texmf-dist/tex/generic/pgf/math/pgfmathfunctions.trigonometr
ic.code.tex)
(/net/TeXLive/2018/texmf-dist/tex/generic/pgf/math/pgfmathfunctions.random.code
.tex)
(/net/TeXLive/2018/texmf-dist/tex/generic/pgf/math/pgfmathfunctions.comparison.
code.tex)
(/net/TeXLive/2018/texmf-dist/tex/generic/pgf/math/pgfmathfunctions.base.code.t
ex)
(/net/TeXLive/2018/texmf-dist/tex/generic/pgf/math/pgfmathfunctions.round.code.
tex)
(/net/TeXLive/2018/texmf-dist/tex/generic/pgf/math/pgfmathfunctions.misc.code.t
ex)
(/net/TeXLive/2018/texmf-dist/tex/generic/pgf/math/pgfmathfunctions.integerarit
hmetics.code.tex)))
(/net/TeXLive/2018/texmf-dist/tex/generic/pgf/math/pgfmathfloat.code.tex
\c@pgfmathroundto@lastzeros=\count115
))
(/net/TeXLive/2018/texmf-dist/tex/generic/pgf/basiclayer/pgfcorepoints.code.tex
File: pgfcorepoints.code.tex 2013/10/07  (rcs-revision 1.27)
\pgf@picminx=\dimen139
\pgf@picmaxx=\dimen140
\pgf@picminy=\dimen141
\pgf@picmaxy=\dimen142
\pgf@pathminx=\dimen143
\pgf@pathmaxx=\dimen144
\pgf@pathminy=\dimen145
\pgf@pathmaxy=\dimen146
\pgf@xx=\dimen147
\pgf@xy=\dimen148
\pgf@yx=\dimen149
\pgf@yy=\dimen150
\pgf@zx=\dimen151
\pgf@zy=\dimen152
)
(/net/TeXLive/2018/texmf-dist/tex/generic/pgf/basiclayer/pgfcorepathconstruct.c
ode.tex
File: pgfcorepathconstruct.code.tex 2013/10/07  (rcs-revision 1.29)
\pgf@path@lastx=\dimen153
\pgf@path@lasty=\dimen154
)
(/net/TeXLive/2018/texmf-dist/tex/generic/pgf/basiclayer/pgfcorepathusage.code.
tex
File: pgfcorepathusage.code.tex 2014/11/02  (rcs-revision 1.24)
\pgf@shorten@end@additional=\dimen155
\pgf@shorten@start@additional=\dimen156
)
(/net/TeXLive/2018/texmf-dist/tex/generic/pgf/basiclayer/pgfcorescopes.code.tex
File: pgfcorescopes.code.tex 2015/05/08  (rcs-revision 1.46)
\pgfpic=\box36
\pgf@hbox=\box37
\pgf@layerbox@main=\box38
\pgf@picture@serial@count=\count116
)
(/net/TeXLive/2018/texmf-dist/tex/generic/pgf/basiclayer/pgfcoregraphicstate.co
de.tex
File: pgfcoregraphicstate.code.tex 2014/11/02  (rcs-revision 1.12)
\pgflinewidth=\dimen157
)
(/net/TeXLive/2018/texmf-dist/tex/generic/pgf/basiclayer/pgfcoretransformations
.code.tex
File: pgfcoretransformations.code.tex 2015/08/07  (rcs-revision 1.20)
\pgf@pt@x=\dimen158
\pgf@pt@y=\dimen159
\pgf@pt@temp=\dimen160
)
(/net/TeXLive/2018/texmf-dist/tex/generic/pgf/basiclayer/pgfcorequick.code.tex
File: pgfcorequick.code.tex 2008/10/09  (rcs-revision 1.3)
)
(/net/TeXLive/2018/texmf-dist/tex/generic/pgf/basiclayer/pgfcoreobjects.code.te
x
File: pgfcoreobjects.code.tex 2006/10/11  (rcs-revision 1.2)
)
(/net/TeXLive/2018/texmf-dist/tex/generic/pgf/basiclayer/pgfcorepathprocessing.
code.tex
File: pgfcorepathprocessing.code.tex 2013/09/09  (rcs-revision 1.9)
)
(/net/TeXLive/2018/texmf-dist/tex/generic/pgf/basiclayer/pgfcorearrows.code.tex
File: pgfcorearrows.code.tex 2015/05/14  (rcs-revision 1.43)
\pgfarrowsep=\dimen161
)
(/net/TeXLive/2018/texmf-dist/tex/generic/pgf/basiclayer/pgfcoreshade.code.tex
File: pgfcoreshade.code.tex 2013/07/15  (rcs-revision 1.15)
\pgf@max=\dimen162
\pgf@sys@shading@range@num=\count117
) (/net/TeXLive/2018/texmf-dist/tex/generic/pgf/basiclayer/pgfcoreimage.code.te
x
File: pgfcoreimage.code.tex 2013/07/15  (rcs-revision 1.18)

(/net/TeXLive/2018/texmf-dist/tex/generic/pgf/basiclayer/pgfcoreexternal.code.t
ex
File: pgfcoreexternal.code.tex 2014/07/09  (rcs-revision 1.21)
\pgfexternal@startupbox=\box39
))
(/net/TeXLive/2018/texmf-dist/tex/generic/pgf/basiclayer/pgfcorelayers.code.tex
File: pgfcorelayers.code.tex 2013/07/18  (rcs-revision 1.7)
)
(/net/TeXLive/2018/texmf-dist/tex/generic/pgf/basiclayer/pgfcoretransparency.co
de.tex
File: pgfcoretransparency.code.tex 2013/09/30  (rcs-revision 1.5)
)
(/net/TeXLive/2018/texmf-dist/tex/generic/pgf/basiclayer/pgfcorepatterns.code.t
ex
File: pgfcorepatterns.code.tex 2013/11/07  (rcs-revision 1.5)
))) (/net/TeXLive/2018/texmf-dist/tex/latex/pgf/utilities/xxcolor.sty
Package: xxcolor 2003/10/24 ver 0.1
\XC@nummixins=\count118
\XC@countmixins=\count119
)
(/net/TeXLive/2018/texmf-dist/tex/generic/oberdiek/atbegshi.sty
Package: atbegshi 2016/06/09 v1.18 At begin shipout hook (HO)

(/net/TeXLive/2018/texmf-dist/tex/generic/oberdiek/infwarerr.sty
Package: infwarerr 2016/05/16 v1.4 Providing info/warning/error messages (HO)
)
(/net/TeXLive/2018/texmf-dist/tex/generic/oberdiek/ltxcmds.sty
Package: ltxcmds 2016/05/16 v1.23 LaTeX kernel commands for general use (HO)
))
(/net/TeXLive/2018/texmf-dist/tex/latex/hyperref/hyperref.sty
Package: hyperref 2018/02/06 v6.86b Hypertext links for LaTeX

(/net/TeXLive/2018/texmf-dist/tex/generic/oberdiek/hobsub-hyperref.sty
Package: hobsub-hyperref 2016/05/16 v1.14 Bundle oberdiek, subset hyperref (HO)


(/net/TeXLive/2018/texmf-dist/tex/generic/oberdiek/hobsub-generic.sty
Package: hobsub-generic 2016/05/16 v1.14 Bundle oberdiek, subset generic (HO)
Package: hobsub 2016/05/16 v1.14 Construct package bundles (HO)
Package hobsub Info: Skipping package `infwarerr' (already loaded).
Package hobsub Info: Skipping package `ltxcmds' (already loaded).
Package: ifluatex 2016/05/16 v1.4 Provides the ifluatex switch (HO)
Package ifluatex Info: LuaTeX not detected.
Package hobsub Info: Skipping package `ifvtex' (already loaded).
Package: intcalc 2016/05/16 v1.2 Expandable calculations with integers (HO)
Package hobsub Info: Skipping package `ifpdf' (already loaded).
Package: etexcmds 2016/05/16 v1.6 Avoid name clashes with e-TeX commands (HO)
Package etexcmds Info: Could not find \expanded.
(etexcmds)             That can mean that you are not using pdfTeX 1.50 or
(etexcmds)             that some package has redefined \expanded.
(etexcmds)             In the latter case, load this package earlier.
Package: kvsetkeys 2016/05/16 v1.17 Key value parser (HO)
Package: kvdefinekeys 2016/05/16 v1.4 Define keys (HO)
Package: pdftexcmds 2018/01/30 v0.27 Utility functions of pdfTeX for LuaTeX (HO
)
Package pdftexcmds Info: LuaTeX not detected.
Package pdftexcmds Info: \pdf@primitive is available.
Package pdftexcmds Info: \pdf@ifprimitive is available.
Package pdftexcmds Info: \pdfdraftmode found.
Package: pdfescape 2016/05/16 v1.14 Implements pdfTeX's escape features (HO)
Package: bigintcalc 2016/05/16 v1.4 Expandable calculations on big integers (HO
)
Package: bitset 2016/05/16 v1.2 Handle bit-vector datatype (HO)
Package: uniquecounter 2016/05/16 v1.3 Provide unlimited unique counter (HO)
)
Package hobsub Info: Skipping package `hobsub' (already loaded).
Package: letltxmacro 2016/05/16 v1.5 Let assignment for LaTeX macros (HO)
Package: hopatch 2016/05/16 v1.3 Wrapper for package hooks (HO)
Package: xcolor-patch 2016/05/16 xcolor patch
Package: atveryend 2016/05/16 v1.9 Hooks at the very end of document (HO)
Package hobsub Info: Skipping package `atbegshi' (already loaded).
Package: refcount 2016/05/16 v3.5 Data extraction from label references (HO)
Package: hycolor 2016/05/16 v1.8 Color options for hyperref/bookmark (HO)
)
(/net/TeXLive/2018/texmf-dist/tex/latex/oberdiek/auxhook.sty
Package: auxhook 2016/05/16 v1.4 Hooks for auxiliary files (HO)
)
(/net/TeXLive/2018/texmf-dist/tex/latex/oberdiek/kvoptions.sty
Package: kvoptions 2016/05/16 v3.12 Key value format for package options (HO)
)
\@linkdim=\dimen163
\Hy@linkcounter=\count120
\Hy@pagecounter=\count121

(/net/TeXLive/2018/texmf-dist/tex/latex/hyperref/pd1enc.def
File: pd1enc.def 2018/02/06 v6.86b Hyperref: PDFDocEncoding definition (HO)
Now handling font encoding PD1 ...
... no UTF-8 mapping file for font encoding PD1
)
\Hy@SavedSpaceFactor=\count122

(/net/TeXLive/2018/texmf-dist/tex/latex/latexconfig/hyperref.cfg
File: hyperref.cfg 2002/06/06 v1.2 hyperref configuration of TeXLive
)
Package hyperref Info: Option `bookmarks' set `true' on input line 4383.
Package hyperref Info: Option `bookmarksopen' set `true' on input line 4383.
Package hyperref Info: Option `implicit' set `false' on input line 4383.
Package hyperref Info: Hyper figures OFF on input line 4509.
Package hyperref Info: Link nesting OFF on input line 4514.
Package hyperref Info: Hyper index ON on input line 4517.
Package hyperref Info: Plain pages OFF on input line 4524.
Package hyperref Info: Backreferencing OFF on input line 4529.
Package hyperref Info: Implicit mode OFF; no redefinition of LaTeX internals.
Package hyperref Info: Bookmarks ON on input line 4762.
\c@Hy@tempcnt=\count123

(/net/TeXLive/2018/texmf-dist/tex/latex/url/url.sty
\Urlmuskip=\muskip10
Package: url 2013/09/16  ver 3.4  Verb mode for urls, etc.
)
LaTeX Info: Redefining \url on input line 5115.
\XeTeXLinkMargin=\dimen164
\Fld@menulength=\count124
\Field@Width=\dimen165
\Fld@charsize=\dimen166
Package hyperref Info: Hyper figures OFF on input line 6369.
Package hyperref Info: Link nesting OFF on input line 6374.
Package hyperref Info: Hyper index ON on input line 6377.
Package hyperref Info: backreferencing OFF on input line 6384.
Package hyperref Info: Link coloring OFF on input line 6389.
Package hyperref Info: Link coloring with OCG OFF on input line 6394.
Package hyperref Info: PDF/A mode OFF on input line 6399.
LaTeX Info: Redefining \ref on input line 6439.
LaTeX Info: Redefining \pageref on input line 6443.
\Hy@abspage=\count125


Package hyperref Message: Stopped early.

)
Package hyperref Info: Driver (autodetected): hpdftex.
 (/net/TeXLive/2018/texmf-dist/tex/latex/hyperref/hpdftex.def
File: hpdftex.def 2018/02/06 v6.86b Hyperref driver for pdfTeX
\Fld@listcount=\count126
\c@bookmark@seq@number=\count127

(/net/TeXLive/2018/texmf-dist/tex/latex/oberdiek/rerunfilecheck.sty
Package: rerunfilecheck 2016/05/16 v1.8 Rerun checks for auxiliary files (HO)
Package uniquecounter Info: New unique counter `rerunfilecheck' on input line 2
82.
))
(/net/TeXLive/2018/texmf-dist/tex/latex/beamer/beamerbaserequires.sty
(/net/TeXLive/2018/texmf-dist/tex/latex/beamer/beamerbasecompatibility.sty)
(/net/TeXLive/2018/texmf-dist/tex/latex/beamer/beamerbasefont.sty
(/net/TeXLive/2018/texmf-dist/tex/latex/amsfonts/amssymb.sty
Package: amssymb 2013/01/14 v3.01 AMS font symbols

(/net/TeXLive/2018/texmf-dist/tex/latex/amsfonts/amsfonts.sty
Package: amsfonts 2013/01/14 v3.01 Basic AMSFonts support
\@emptytoks=\toks26
\symAMSa=\mathgroup4
\symAMSb=\mathgroup5
LaTeX Font Info:    Overwriting math alphabet `\mathfrak' in version `bold'
(Font)                  U/euf/m/n --> U/euf/b/n on input line 106.
))
(/net/TeXLive/2018/texmf-dist/tex/latex/sansmathaccent/sansmathaccent.sty
Package: sansmathaccent 2013/03/28

(/net/TeXLive/2018/texmf-dist/tex/latex/filehook/filehook.sty
Package: filehook 2011/10/12 v0.5d Hooks for input files
)))
(/net/TeXLive/2018/texmf-dist/tex/latex/beamer/beamerbasetranslator.sty
(/net/TeXLive/2018/texmf-dist/tex/latex/translator/translator.sty
Package: translator 2018/01/04 v1.12 Easy translation of strings in LaTeX
))
(/net/TeXLive/2018/texmf-dist/tex/latex/beamer/beamerbasemisc.sty)
(/net/TeXLive/2018/texmf-dist/tex/latex/beamer/beamerbasetwoscreens.sty)
(/net/TeXLive/2018/texmf-dist/tex/latex/beamer/beamerbaseoverlay.sty
\beamer@argscount=\count128
\beamer@lastskipcover=\skip44
\beamer@trivlistdepth=\count129
)
(/net/TeXLive/2018/texmf-dist/tex/latex/beamer/beamerbasetitle.sty)
(/net/TeXLive/2018/texmf-dist/tex/latex/beamer/beamerbasesection.sty
\c@lecture=\count130
\c@part=\count131
\c@section=\count132
\c@subsection=\count133
\c@subsubsection=\count134
)
(/net/TeXLive/2018/texmf-dist/tex/latex/beamer/beamerbaseframe.sty
\beamer@framebox=\box40
\beamer@frametitlebox=\box41
\beamer@zoombox=\box42
\beamer@zoomcount=\count135
\beamer@zoomframecount=\count136
\beamer@frametextheight=\dimen167
\c@subsectionslide=\count137
\beamer@frametopskip=\skip45
\beamer@framebottomskip=\skip46
\beamer@frametopskipautobreak=\skip47
\beamer@framebottomskipautobreak=\skip48
\beamer@envbody=\toks27
\framewidth=\dimen168
\c@framenumber=\count138
)
(/net/TeXLive/2018/texmf-dist/tex/latex/beamer/beamerbaseverbatim.sty
\beamer@verbatimfileout=\write4
)
(/net/TeXLive/2018/texmf-dist/tex/latex/beamer/beamerbaseframesize.sty
\beamer@splitbox=\box43
\beamer@autobreakcount=\count139
\beamer@autobreaklastheight=\dimen169
\beamer@frametitletoks=\toks28
\beamer@framesubtitletoks=\toks29
)
(/net/TeXLive/2018/texmf-dist/tex/latex/beamer/beamerbaseframecomponents.sty
\beamer@footins=\box44
)
(/net/TeXLive/2018/texmf-dist/tex/latex/beamer/beamerbasecolor.sty
\beamer@bg@ht=\dimen170
\beamer@bg@wd=\dimen171
\beamer@bg@dp=\dimen172
)
(/net/TeXLive/2018/texmf-dist/tex/latex/beamer/beamerbasenotes.sty
\beamer@frameboxcopy=\box45
)
(/net/TeXLive/2018/texmf-dist/tex/latex/beamer/beamerbasetoc.sty)
(/net/TeXLive/2018/texmf-dist/tex/latex/beamer/beamerbasetemplates.sty
\beamer@sbttoks=\toks30

(/net/TeXLive/2018/texmf-dist/tex/latex/beamer/beamerbaseauxtemplates.sty
(/net/TeXLive/2018/texmf-dist/tex/latex/beamer/beamerbaseboxes.sty
\bmb@box=\box46
\bmb@colorbox=\box47
\bmb@boxshadow=\box48
\bmb@boxshadowball=\box49
\bmb@boxshadowballlarge=\box50
\bmb@temp=\dimen173
\bmb@dima=\dimen174
\bmb@dimb=\dimen175
\bmb@prevheight=\dimen176
)
\beamer@blockheadheight=\dimen177
))
(/net/TeXLive/2018/texmf-dist/tex/latex/beamer/beamerbaselocalstructure.sty
(/net/TeXLive/2018/texmf-dist/tex/latex/tools/enumerate.sty
Package: enumerate 2015/07/23 v3.00 enumerate extensions (DPC)
\@enLab=\toks31
)
\c@figure=\count140
\c@table=\count141
\abovecaptionskip=\skip49
\belowcaptionskip=\skip50
)
(/net/TeXLive/2018/texmf-dist/tex/latex/beamer/beamerbasenavigation.sty
\beamer@section@min@dim=\dimen178
)
(/net/TeXLive/2018/texmf-dist/tex/latex/beamer/beamerbasetheorems.sty
(/net/TeXLive/2018/texmf-dist/tex/latex/amsmath/amsmath.sty
Package: amsmath 2017/09/02 v2.17a AMS math features
\@mathmargin=\skip51

For additional information on amsmath, use the `?' option.
(/net/TeXLive/2018/texmf-dist/tex/latex/amsmath/amstext.sty
Package: amstext 2000/06/29 v2.01 AMS text

(/net/TeXLive/2018/texmf-dist/tex/latex/amsmath/amsgen.sty
File: amsgen.sty 1999/11/30 v2.0 generic functions
\@emptytoks=\toks32
\ex@=\dimen179
))
(/net/TeXLive/2018/texmf-dist/tex/latex/amsmath/amsbsy.sty
Package: amsbsy 1999/11/29 v1.2d Bold Symbols
\pmbraise@=\dimen180
)
(/net/TeXLive/2018/texmf-dist/tex/latex/amsmath/amsopn.sty
Package: amsopn 2016/03/08 v2.02 operator names
)
\inf@bad=\count142
LaTeX Info: Redefining \frac on input line 213.
\uproot@=\count143
\leftroot@=\count144
LaTeX Info: Redefining \overline on input line 375.
\classnum@=\count145
\DOTSCASE@=\count146
LaTeX Info: Redefining \ldots on input line 472.
LaTeX Info: Redefining \dots on input line 475.
LaTeX Info: Redefining \cdots on input line 596.
\Mathstrutbox@=\box51
\strutbox@=\box52
\big@size=\dimen181
LaTeX Font Info:    Redeclaring font encoding OML on input line 712.
LaTeX Font Info:    Redeclaring font encoding OMS on input line 713.
\macc@depth=\count147
\c@MaxMatrixCols=\count148
\dotsspace@=\muskip11
\c@parentequation=\count149
\dspbrk@lvl=\count150
\tag@help=\toks33
\row@=\count151
\column@=\count152
\maxfields@=\count153
\andhelp@=\toks34
\eqnshift@=\dimen182
\alignsep@=\dimen183
\tagshift@=\dimen184
\tagwidth@=\dimen185
\totwidth@=\dimen186
\lineht@=\dimen187
\@envbody=\toks35
\multlinegap=\skip52
\multlinetaggap=\skip53
\mathdisplay@stack=\toks36
LaTeX Info: Redefining \[ on input line 2817.
LaTeX Info: Redefining \] on input line 2818.
)
(/net/TeXLive/2018/texmf-dist/tex/latex/amscls/amsthm.sty
Package: amsthm 2017/10/31 v2.20.4
\thm@style=\toks37
\thm@bodyfont=\toks38
\thm@headfont=\toks39
\thm@notefont=\toks40
\thm@headpunct=\toks41
\thm@preskip=\skip54
\thm@postskip=\skip55
\thm@headsep=\skip56
\dth@everypar=\toks42
)
\c@theorem=\count154
)
(/net/TeXLive/2018/texmf-dist/tex/latex/beamer/beamerbasethemes.sty))
(/net/TeXLive/2018/texmf-dist/tex/latex/beamer/beamerthemedefault.sty
(/net/TeXLive/2018/texmf-dist/tex/latex/beamer/beamerfontthemedefault.sty)
(/net/TeXLive/2018/texmf-dist/tex/latex/beamer/beamercolorthemedefault.sty)
(/net/TeXLive/2018/texmf-dist/tex/latex/beamer/beamerinnerthemedefault.sty
\beamer@dima=\dimen188
\beamer@dimb=\dimen189
)
(/net/TeXLive/2018/texmf-dist/tex/latex/beamer/beamerouterthemedefault.sty)))
(/net/TeXLive/2018/texmf-dist/tex/latex/base/inputenc.sty
Package: inputenc 2018/04/06 v1.3b Input encoding file
\inpenc@prehook=\toks43
\inpenc@posthook=\toks44
)
(/net/TeXLive/2018/texmf-dist/tex/latex/oberdiek/grffile.sty
Package: grffile 2017/06/30 v1.18 Extended file name support for graphics (HO)
Package grffile Info: Option `multidot' is set to `true'.
Package grffile Info: Option `extendedchars' is set to `false'.
Package grffile Info: Option `space' is set to `true'.
Package grffile Info: \Gin@ii of package `graphicx' fixed on input line 494.
)
(/net/TeXLive/2018/texmf-dist/tex/latex/csquotes/csquotes.sty
Package: csquotes 2018/04/13 v5.2d context-sensitive quotations (JAW)
\csq@reset=\count155
\csq@gtype=\count156
\csq@glevel=\count157
\csq@qlevel=\count158
\csq@maxlvl=\count159
\csq@tshold=\count160
\csq@ltx@everypar=\toks45

(/net/TeXLive/2018/texmf-dist/tex/latex/csquotes/csquotes.def
File: csquotes.def 2018/04/13 v5.2d csquotes generic definitions (JAW)
)
Package csquotes Info: Trying to load configuration file 'csquotes.cfg'...
Package csquotes Info: ... configuration file loaded successfully.

(/net/TeXLive/2018/texmf-dist/tex/latex/csquotes/csquotes.cfg
File: csquotes.cfg 
)
Package csquotes Info: Disabling multilingual quotes.
Package csquotes Info: Redefining alias 'default' -> 'british'.
)
(/net/TeXLive/2018/texmf-dist/tex/latex/algorithm2e/algorithm2e.sty
Package: algorithm2e 2017/07/18 v5.2 algorithms environments
\c@AlgoLine=\count161

(/net/TeXLive/2018/texmf-dist/tex/latex/base/ifthen.sty
Package: ifthen 2014/09/29 v1.1c Standard LaTeX ifthen package (DPC)
)
\algocf@hangindent=\skip57

(/net/TeXLive/2018/texmf-dist/tex/latex/ifoddpage/ifoddpage.sty
Package: ifoddpage 2016/04/23 v1.1 Conditionals for odd/even page detection
\c@checkoddpage=\count162
)
(/net/TeXLive/2018/texmf-dist/tex/latex/tools/xspace.sty
Package: xspace 2014/10/28 v1.13 Space after command names (DPC,MH)
)
(/net/TeXLive/2018/texmf-dist/tex/latex/relsize/relsize.sty
Package: relsize 2013/03/29 ver 4.1
)
\skiptotal=\skip58
\skiplinenumber=\skip59
\skiprule=\skip60
\skiphlne=\skip61
\skiptext=\skip62
\skiplength=\skip63
\algomargin=\skip64
\skipalgocfslide=\skip65
\algowidth=\dimen190
\inoutsize=\dimen191
\inoutindent=\dimen192
\interspacetitleruled=\dimen193
\interspacealgoruled=\dimen194
\interspacetitleboxruled=\dimen195
\algocf@ruledwidth=\skip66
\algocf@inoutbox=\box53
\algocf@inputbox=\box54
\AlCapSkip=\skip67
\AlCapHSkip=\skip68
\algoskipindent=\skip69
\algocf@nlbox=\box55
\algocf@hangingbox=\box56
\algocf@untilbox=\box57
\algocf@skipuntil=\skip70
\algocf@capbox=\box58
\algocf@lcaptionbox=\skip71
\algoheightruledefault=\skip72
\algoheightrule=\skip73
\algotitleheightruledefault=\skip74
\algotitleheightrule=\skip75
\c@algocfline=\count163
\c@algocfproc=\count164
\c@algocf=\count165
\algocf@algoframe=\box59
\algocf@algobox=\box60
)
(/net/TeXLive/2018/texmf-dist/tex/latex/algorithms/algorithmic.sty
Package: algorithmic 2009/08/24 v0.1 Document Style `algorithmic'
\c@ALC@unique=\count166
\c@ALC@line=\count167
\c@ALC@rem=\count168
\c@ALC@depth=\count169
\ALC@tlm=\skip76
\algorithmicindent=\skip77
)
(/net/TeXLive/2018/texmf-dist/tex/latex/float/float.sty
Package: float 2001/11/08 v1.3d Float enhancements (AL)
\c@float@type=\count170
\float@exts=\toks46
\float@box=\box61
\@float@everytoks=\toks47
\@floatcapt=\box62
) (./preamble.tex
(/net/TeXLive/2018/texmf-dist/tex/latex/bera/beramono.sty
Package: beramono 2004/01/31 (WaS)
)
(/net/TeXLive/2018/texmf-dist/tex/latex/listings/listings.sty
\lst@mode=\count171
\lst@gtempboxa=\box63
\lst@token=\toks48
\lst@length=\count172
\lst@currlwidth=\dimen196
\lst@column=\count173
\lst@pos=\count174
\lst@lostspace=\dimen197
\lst@width=\dimen198
\lst@newlines=\count175
\lst@lineno=\count176
\lst@maxwidth=\dimen199

(/net/TeXLive/2018/texmf-dist/tex/latex/listings/lstmisc.sty
File: lstmisc.sty 2015/06/04 1.6 (Carsten Heinz)
\c@lstnumber=\count177
\lst@skipnumbers=\count178
\lst@framebox=\box64
)
(/net/TeXLive/2018/texmf-dist/tex/latex/listings/listings.cfg
File: listings.cfg 2015/06/04 1.6 listings configuration
))
Package: listings 2015/06/04 1.6 (Carsten Heinz)

(/net/TeXLive/2018/texmf-dist/tex/latex/xargs/xargs.sty
Package: xargs 2008/03/22 v1.1  extended macro definitions  (mpg)

(/net/TeXLive/2018/texmf-dist/tex/latex/xkeyval/xkeyval.sty
Package: xkeyval 2014/12/03 v2.7a package option processing (HA)

(/net/TeXLive/2018/texmf-dist/tex/generic/xkeyval/xkeyval.tex
(/net/TeXLive/2018/texmf-dist/tex/generic/xkeyval/xkvutils.tex
\XKV@toks=\toks49
\XKV@tempa@toks=\toks50
)
\XKV@depth=\count179
File: xkeyval.tex 2014/12/03 v2.7a key=value parser (HA)
))
\xargs@max=\count180
\xargs@toksa=\toks51
\xargs@toksb=\toks52
)
(/net/TeXLive/2018/texmf-dist/tex/generic/babel/babel.sty
Package: babel 2018/06/05 3.22 The Babel package

(/net/TeXLive/2018/texmf-dist/tex/generic/babel/switch.def
File: switch.def 2018/06/05 3.22 Babel switching mechanism
)
(/net/TeXLive/2018/texmf-dist/tex/generic/babel-english/english.ldf
Language: english 2017/06/06 v3.3r English support from the babel system

(/net/TeXLive/2018/texmf-dist/tex/generic/babel/babel.def
File: babel.def 2018/06/05 3.22 Babel common definitions
\babel@savecnt=\count181
\U@D=\dimen256

(/net/TeXLive/2018/texmf-dist/tex/generic/babel/txtbabel.def)
LaTeX Info: Redefining \textlatin on input line 1915.
\bbl@dirlevel=\count182
)
\l@canadian = a dialect from \language\l@american 
\l@australian = a dialect from \language\l@british 
\l@newzealand = a dialect from \language\l@british 
))
(/net/TeXLive/2018/texmf-dist/tex/latex/tools/array.sty
Package: array 2018/04/30 v2.4h Tabular extension package (FMi)
\col@sep=\dimen257
\ar@mcellbox=\box65
\extrarowheight=\dimen258
\NC@list=\toks53
\extratabsurround=\skip78
\backup@length=\skip79
\ar@cellbox=\box66
)
(/net/TeXLive/2018/texmf-dist/tex/latex/tools/multicol.sty
Package: multicol 2018/04/20 v1.8s multicolumn formatting (FMi)
\c@tracingmulticols=\count183
\mult@box=\box67
\multicol@leftmargin=\dimen259
\c@unbalance=\count184
\c@collectmore=\count185
\doublecol@number=\count186
\multicoltolerance=\count187
\multicolpretolerance=\count188
\full@width=\dimen260
\page@free=\dimen261
\premulticols=\dimen262
\postmulticols=\dimen263
\multicolsep=\skip80
\multicolbaselineskip=\skip81
\partial@page=\box68
\last@line=\box69
\maxbalancingoverflow=\dimen264
\mult@rightbox=\box70
\mult@grightbox=\box71
\mult@gfirstbox=\box72
\mult@firstbox=\box73
\@tempa=\box74
\@tempa=\box75
\@tempa=\box76
\@tempa=\box77
\@tempa=\box78
\@tempa=\box79
\@tempa=\box80
\@tempa=\box81
\@tempa=\box82
\@tempa=\box83
\@tempa=\box84
\@tempa=\box85
\@tempa=\box86
\@tempa=\box87
\@tempa=\box88
\@tempa=\box89
\@tempa=\box90
\c@columnbadness=\count189
\c@finalcolumnbadness=\count190
\last@try=\dimen265
\multicolovershoot=\dimen266
\multicolundershoot=\dimen267
\mult@nat@firstbox=\box91
\colbreak@box=\box92
\mc@col@check@num=\count191
)
(/net/TeXLive/2018/texmf-dist/tex/latex/wrapfig/wrapfig.sty
\wrapoverhang=\dimen268
\WF@size=\dimen269
\c@WF@wrappedlines=\count192
\WF@box=\box93
\WF@everypar=\toks54
Package: wrapfig 2003/01/31  v 3.6
)
(/net/TeXLive/2018/texmf-dist/tex/latex/mdframed/mdframed.sty
Package: mdframed 2013/07/01 1.9b: mdframed

(/net/TeXLive/2018/texmf-dist/tex/latex/l3packages/xparse/xparse.sty
(/net/TeXLive/2018/texmf-dist/tex/latex/l3kernel/expl3.sty
Package: expl3 2018-06-14 L3 programming layer (loader) 

(/net/TeXLive/2018/texmf-dist/tex/latex/l3kernel/expl3-code.tex
Package: expl3 2018-06-14 L3 programming layer (code)
\c_max_int=\count193
\l_tmpa_int=\count194
\l_tmpb_int=\count195
\g_tmpa_int=\count196
\g_tmpb_int=\count197
\g__kernel_prg_map_int=\count198
\c_log_iow=\count199
\l_iow_line_count_int=\count266
\l__iow_line_target_int=\count267
\l__iow_one_indent_int=\count268
\l__iow_indent_int=\count269
\c_zero_dim=\dimen270
\c_max_dim=\dimen271
\l_tmpa_dim=\dimen272
\l_tmpb_dim=\dimen273
\g_tmpa_dim=\dimen274
\g_tmpb_dim=\dimen275
\c_zero_skip=\skip82
\c_max_skip=\skip83
\l_tmpa_skip=\skip84
\l_tmpb_skip=\skip85
\g_tmpa_skip=\skip86
\g_tmpb_skip=\skip87
\c_zero_muskip=\muskip12
\c_max_muskip=\muskip13
\l_tmpa_muskip=\muskip14
\l_tmpb_muskip=\muskip15
\g_tmpa_muskip=\muskip16
\g_tmpb_muskip=\muskip17
\l_keys_choice_int=\count270
\l__intarray_loop_int=\count271
\c__intarray_sp_dim=\dimen276
\g__intarray_font_int=\count272
\c__fp_leading_shift_int=\count273
\c__fp_middle_shift_int=\count274
\c__fp_trailing_shift_int=\count275
\c__fp_big_leading_shift_int=\count276
\c__fp_big_middle_shift_int=\count277
\c__fp_big_trailing_shift_int=\count278
\c__fp_Bigg_leading_shift_int=\count279
\c__fp_Bigg_middle_shift_int=\count280
\c__fp_Bigg_trailing_shift_int=\count281
\c__kernel_randint_max_int=\count282
\g__fp_array_int=\count283
\l__fp_array_loop_int=\count284
\l__sort_length_int=\count285
\l__sort_min_int=\count286
\l__sort_top_int=\count287
\l__sort_max_int=\count288
\l__sort_true_max_int=\count289
\l__sort_block_int=\count290
\l__sort_begin_int=\count291
\l__sort_end_int=\count292
\l__sort_A_int=\count293
\l__sort_B_int=\count294
\l__sort_C_int=\count295
\l__tl_analysis_normal_int=\count296
\l__tl_analysis_index_int=\count297
\l__tl_analysis_nesting_int=\count298
\l__tl_analysis_type_int=\count299
\l__regex_internal_a_int=\count300
\l__regex_internal_b_int=\count301
\l__regex_internal_c_int=\count302
\l__regex_balance_int=\count303
\l__regex_group_level_int=\count304
\l__regex_mode_int=\count305
\c__regex_cs_in_class_mode_int=\count306
\c__regex_cs_mode_int=\count307
\l__regex_catcodes_int=\count308
\l__regex_default_catcodes_int=\count309
\c__regex_catcode_D_int=\count310
\c__regex_catcode_S_int=\count311
\c__regex_catcode_L_int=\count312
\c__regex_catcode_O_int=\count313
\c__regex_catcode_A_int=\count314
\c__regex_all_catcodes_int=\count315
\l__regex_show_lines_int=\count316
\l__regex_min_state_int=\count317
\l__regex_max_state_int=\count318
\l__regex_left_state_int=\count319
\l__regex_right_state_int=\count320
\l__regex_capturing_group_int=\count321
\l__regex_min_pos_int=\count322
\l__regex_max_pos_int=\count323
\l__regex_curr_pos_int=\count324
\l__regex_start_pos_int=\count325
\l__regex_success_pos_int=\count326
\l__regex_curr_char_int=\count327
\l__regex_curr_catcode_int=\count328
\l__regex_last_char_int=\count329
\l__regex_case_changed_char_int=\count330
\l__regex_curr_state_int=\count331
\l__regex_step_int=\count332
\l__regex_min_active_int=\count333
\l__regex_max_active_int=\count334
\l__regex_replacement_csnames_int=\count335
\l__regex_match_count_int=\count336
\l__regex_min_submatch_int=\count337
\l__regex_submatch_int=\count338
\l__regex_zeroth_submatch_int=\count339
\g__regex_trace_regex_int=\count340
\c_empty_box=\box94
\l_tmpa_box=\box95
\l_tmpb_box=\box96
\g_tmpa_box=\box97
\g_tmpb_box=\box98
\l__box_top_dim=\dimen277
\l__box_bottom_dim=\dimen278
\l__box_left_dim=\dimen279
\l__box_right_dim=\dimen280
\l__box_top_new_dim=\dimen281
\l__box_bottom_new_dim=\dimen282
\l__box_left_new_dim=\dimen283
\l__box_right_new_dim=\dimen284
\l__box_internal_box=\box99
\l__coffin_internal_box=\box100
\l__coffin_internal_dim=\dimen285
\l__coffin_offset_x_dim=\dimen286
\l__coffin_offset_y_dim=\dimen287
\l__coffin_x_dim=\dimen288
\l__coffin_y_dim=\dimen289
\l__coffin_x_prime_dim=\dimen290
\l__coffin_y_prime_dim=\dimen291
\c_empty_coffin=\box101
\l__coffin_aligned_coffin=\box102
\l__coffin_aligned_internal_coffin=\box103
\l_tmpa_coffin=\box104
\l_tmpb_coffin=\box105
\l__coffin_display_coffin=\box106
\l__coffin_display_coord_coffin=\box107
\l__coffin_display_pole_coffin=\box108
\l__coffin_display_offset_dim=\dimen292
\l__coffin_display_x_dim=\dimen293
\l__coffin_display_y_dim=\dimen294
\g__file_internal_ior=\read2
\l__coffin_bounding_shift_dim=\dimen295
\l__coffin_left_corner_dim=\dimen296
\l__coffin_right_corner_dim=\dimen297
\l__coffin_bottom_corner_dim=\dimen298
\l__coffin_top_corner_dim=\dimen299
\l__coffin_scaled_total_height_dim=\dimen300
\l__coffin_scaled_width_dim=\dimen301
\l__seq_internal_a_int=\count341
\l__seq_internal_b_int=\count342
)
(/net/TeXLive/2018/texmf-dist/tex/latex/l3kernel/l3pdfmode.def
File: l3pdfmode.def 2018-06-14 v L3 Experimental driver: PDF mode
\l__driver_color_stack_int=\count343
))
Package: xparse 2018-05-12 L3 Experimental document command parser
\l__xparse_current_arg_int=\count344
\g__xparse_grabber_int=\count345
\l__xparse_m_args_int=\count346
\l__xparse_mandatory_args_int=\count347
\l__xparse_v_nesting_int=\count348
)
(/net/TeXLive/2018/texmf-dist/tex/latex/oberdiek/zref-abspage.sty
Package: zref-abspage 2016/05/21 v2.26 Module abspage for zref (HO)

(/net/TeXLive/2018/texmf-dist/tex/latex/oberdiek/zref-base.sty
Package: zref-base 2016/05/21 v2.26 Module base for zref (HO)
Package zref Info: New property list: main on input line 759.
Package zref Info: New property: default on input line 760.
Package zref Info: New property: page on input line 761.
)
\c@abspage=\count349
Package zref Info: New property: abspage on input line 62.
)
(/net/TeXLive/2018/texmf-dist/tex/latex/needspace/needspace.sty
Package: needspace 2010/09/12 v1.3d reserve vertical space
)
\mdf@templength=\skip88
\c@mdf@globalstyle@cnt=\count350
\mdf@skipabove@length=\skip89
\mdf@skipbelow@length=\skip90
\mdf@leftmargin@length=\skip91
\mdf@rightmargin@length=\skip92
\mdf@innerleftmargin@length=\skip93
\mdf@innerrightmargin@length=\skip94
\mdf@innertopmargin@length=\skip95
\mdf@innerbottommargin@length=\skip96
\mdf@splittopskip@length=\skip97
\mdf@splitbottomskip@length=\skip98
\mdf@outermargin@length=\skip99
\mdf@innermargin@length=\skip100
\mdf@linewidth@length=\skip101
\mdf@innerlinewidth@length=\skip102
\mdf@middlelinewidth@length=\skip103
\mdf@outerlinewidth@length=\skip104
\mdf@roundcorner@length=\skip105
\mdf@footenotedistance@length=\skip106
\mdf@userdefinedwidth@length=\skip107
\mdf@needspace@length=\skip108
\mdf@frametitleaboveskip@length=\skip109
\mdf@frametitlebelowskip@length=\skip110
\mdf@frametitlerulewidth@length=\skip111
\mdf@frametitleleftmargin@length=\skip112
\mdf@frametitlerightmargin@length=\skip113
\mdf@shadowsize@length=\skip114
\mdf@extratopheight@length=\skip115
\mdf@subtitleabovelinewidth@length=\skip116
\mdf@subtitlebelowlinewidth@length=\skip117
\mdf@subtitleaboveskip@length=\skip118
\mdf@subtitlebelowskip@length=\skip119
\mdf@subtitleinneraboveskip@length=\skip120
\mdf@subtitleinnerbelowskip@length=\skip121
\mdf@subsubtitleabovelinewidth@length=\skip122
\mdf@subsubtitlebelowlinewidth@length=\skip123
\mdf@subsubtitleaboveskip@length=\skip124
\mdf@subsubtitlebelowskip@length=\skip125
\mdf@subsubtitleinneraboveskip@length=\skip126
\mdf@subsubtitleinnerbelowskip@length=\skip127

(/net/TeXLive/2018/texmf-dist/tex/latex/mdframed/md-frame-0.mdf
File: md-frame-0.mdf 2013/07/01\ 1.9b: md-frame-0
)
\mdf@frametitlebox=\box109
\mdf@footnotebox=\box110
\mdf@splitbox@one=\box111
\mdf@splitbox@two=\box112
\mdf@splitbox@save=\box113
\mdfsplitboxwidth=\skip128
\mdfsplitboxtotalwidth=\skip129
\mdfsplitboxheight=\skip130
\mdfsplitboxdepth=\skip131
\mdfsplitboxtotalheight=\skip132
\mdfframetitleboxwidth=\skip133
\mdfframetitleboxtotalwidth=\skip134
\mdfframetitleboxheight=\skip135
\mdfframetitleboxdepth=\skip136
\mdfframetitleboxtotalheight=\skip137
\mdffootnoteboxwidth=\skip138
\mdffootnoteboxtotalwidth=\skip139
\mdffootnoteboxheight=\skip140
\mdffootnoteboxdepth=\skip141
\mdffootnoteboxtotalheight=\skip142
\mdftotallinewidth=\skip143
\mdfboundingboxwidth=\skip144
\mdfboundingboxtotalwidth=\skip145
\mdfboundingboxheight=\skip146
\mdfboundingboxdepth=\skip147
\mdfboundingboxtotalheight=\skip148
\mdf@freevspace@length=\skip149
\mdf@horizontalwidthofbox@length=\skip150
\mdf@verticalmarginwhole@length=\skip151
\mdf@horizontalspaceofbox=\skip152
\mdfsubtitleheight=\skip153
\mdfsubsubtitleheight=\skip154
\c@mdfcountframes=\count351

****** mdframed patching \endmdf@trivlist

****** -- failed******

.................................................
. LaTeX info: "xparse/define-command"
. 
. Defining command \newmdtheoremenv with sig. 'O{} m o m o ' on line 601.
.................................................
.................................................
. LaTeX info: "xparse/define-command"
. 
. Defining command \mdtheorem with sig. ' O{} m o m o ' on line 701.
.................................................
\mdf@envdepth=\count352
\c@mdf@env@i=\count353
\c@mdf@env@ii=\count354
\c@mdf@zref@counter=\count355
Package zref Info: New property: mdf@pagevalue on input line 895.
)
(/net/TeXLive/2018/texmf-dist/tex/latex/pgf/utilities/pgfpages.sty
Package: pgfpages 2011/01/05 ver 0.02

(/net/TeXLive/2018/texmf-dist/tex/latex/tools/calc.sty
Package: calc 2017/05/25 v4.3 Infix arithmetic (KKT,FJ)
\calc@Acount=\count356
\calc@Bcount=\count357
\calc@Adimen=\dimen302
\calc@Bdimen=\dimen303
\calc@Askip=\skip155
\calc@Bskip=\skip156
LaTeX Info: Redefining \setlength on input line 80.
LaTeX Info: Redefining \addtolength on input line 81.
\calc@Ccount=\count358
\calc@Cskip=\skip157
)
\pgf@logicalpages=\count359
\pgf@firstshipout=\count360
\pgf@lastshipout=\count361
\pgf@currentshipout=\count362
\pgf@cpn=\count363
\pgf@shipoutnextto=\count364
\pgfphysicalheight=\dimen304
\pgfphysicalwidth=\dimen305
\pgfpages@shipoutbox=\box114
)
(/net/TeXLive/2018/texmf-dist/tex/latex/pgf/frontendlayer/tikz.sty
(/net/TeXLive/2018/texmf-dist/tex/latex/pgf/basiclayer/pgf.sty
Package: pgf 2015/08/07 v3.0.1a (rcs-revision 1.15)

(/net/TeXLive/2018/texmf-dist/tex/generic/pgf/modules/pgfmoduleshapes.code.tex
File: pgfmoduleshapes.code.tex 2014/03/21  (rcs-revision 1.35)
\pgfnodeparttextbox=\box115
) (/net/TeXLive/2018/texmf-dist/tex/generic/pgf/modules/pgfmoduleplot.code.tex
File: pgfmoduleplot.code.tex 2015/08/03  (rcs-revision 1.13)
)
(/net/TeXLive/2018/texmf-dist/tex/latex/pgf/compatibility/pgfcomp-version-0-65.
sty
Package: pgfcomp-version-0-65 2007/07/03 v3.0.1a (rcs-revision 1.7)
\pgf@nodesepstart=\dimen306
\pgf@nodesepend=\dimen307
)
(/net/TeXLive/2018/texmf-dist/tex/latex/pgf/compatibility/pgfcomp-version-1-18.
sty
Package: pgfcomp-version-1-18 2007/07/23 v3.0.1a (rcs-revision 1.1)
)) (/net/TeXLive/2018/texmf-dist/tex/latex/pgf/utilities/pgffor.sty
(/net/TeXLive/2018/texmf-dist/tex/latex/pgf/utilities/pgfkeys.sty
(/net/TeXLive/2018/texmf-dist/tex/generic/pgf/utilities/pgfkeys.code.tex))
(/net/TeXLive/2018/texmf-dist/tex/latex/pgf/math/pgfmath.sty
(/net/TeXLive/2018/texmf-dist/tex/generic/pgf/math/pgfmath.code.tex))
(/net/TeXLive/2018/texmf-dist/tex/generic/pgf/utilities/pgffor.code.tex
Package: pgffor 2013/12/13 v3.0.1a (rcs-revision 1.25)

(/net/TeXLive/2018/texmf-dist/tex/generic/pgf/math/pgfmath.code.tex)
\pgffor@iter=\dimen308
\pgffor@skip=\dimen309
\pgffor@stack=\toks55
\pgffor@toks=\toks56
))
(/net/TeXLive/2018/texmf-dist/tex/generic/pgf/frontendlayer/tikz/tikz.code.tex
Package: tikz 2015/08/07 v3.0.1a (rcs-revision 1.151)

(/net/TeXLive/2018/texmf-dist/tex/generic/pgf/libraries/pgflibraryplothandlers.
code.tex
File: pgflibraryplothandlers.code.tex 2013/08/31 v3.0.1a (rcs-revision 1.20)
\pgf@plot@mark@count=\count365
\pgfplotmarksize=\dimen310
)
\tikz@lastx=\dimen311
\tikz@lasty=\dimen312
\tikz@lastxsaved=\dimen313
\tikz@lastysaved=\dimen314
\tikzleveldistance=\dimen315
\tikzsiblingdistance=\dimen316
\tikz@figbox=\box116
\tikz@figbox@bg=\box117
\tikz@tempbox=\box118
\tikz@tempbox@bg=\box119
\tikztreelevel=\count366
\tikznumberofchildren=\count367
\tikznumberofcurrentchild=\count368
\tikz@fig@count=\count369

(/net/TeXLive/2018/texmf-dist/tex/generic/pgf/modules/pgfmodulematrix.code.tex
File: pgfmodulematrix.code.tex 2013/09/17  (rcs-revision 1.8)
\pgfmatrixcurrentrow=\count370
\pgfmatrixcurrentcolumn=\count371
\pgf@matrix@numberofcolumns=\count372
)
\tikz@expandcount=\count373

(/net/TeXLive/2018/texmf-dist/tex/generic/pgf/frontendlayer/tikz/libraries/tikz
librarytopaths.code.tex
File: tikzlibrarytopaths.code.tex 2008/06/17 v3.0.1a (rcs-revision 1.2)
)))
(/net/TeXLive/2018/texmf-dist/tex/generic/pgf/frontendlayer/tikz/libraries/tikz
libraryarrows.code.tex
File: tikzlibraryarrows.code.tex 2008/01/09 v3.0.1a (rcs-revision 1.1)

(/net/TeXLive/2018/texmf-dist/tex/generic/pgf/libraries/pgflibraryarrows.code.t
ex
File: pgflibraryarrows.code.tex 2013/09/23 v3.0.1a (rcs-revision 1.16)
\arrowsize=\dimen317
))
(/net/TeXLive/2018/texmf-dist/tex/generic/pgf/frontendlayer/tikz/libraries/tikz
libraryshapes.code.tex
File: tikzlibraryshapes.code.tex 2008/01/09 v3.0.1a (rcs-revision 1.1)

(/net/TeXLive/2018/texmf-dist/tex/generic/pgf/frontendlayer/tikz/libraries/tikz
libraryshapes.geometric.code.tex
File: tikzlibraryshapes.geometric.code.tex 2008/01/09 v3.0.1a (rcs-revision 1.1
)

(/net/TeXLive/2018/texmf-dist/tex/generic/pgf/libraries/shapes/pgflibraryshapes
.geometric.code.tex
File: pgflibraryshapes.geometric.code.tex 2008/06/26 v3.0.1a (rcs-revision 1.1)

))
(/net/TeXLive/2018/texmf-dist/tex/generic/pgf/frontendlayer/tikz/libraries/tikz
libraryshapes.misc.code.tex
File: tikzlibraryshapes.misc.code.tex 2008/01/09 v3.0.1a (rcs-revision 1.1)

(/net/TeXLive/2018/texmf-dist/tex/generic/pgf/libraries/shapes/pgflibraryshapes
.misc.code.tex
File: pgflibraryshapes.misc.code.tex 2013/07/18 v3.0.1a (rcs-revision 1.5)
))
(/net/TeXLive/2018/texmf-dist/tex/generic/pgf/frontendlayer/tikz/libraries/tikz
libraryshapes.symbols.code.tex
File: tikzlibraryshapes.symbols.code.tex 2008/01/09 v3.0.1a (rcs-revision 1.1)

(/net/TeXLive/2018/texmf-dist/tex/generic/pgf/libraries/shapes/pgflibraryshapes
.symbols.code.tex
File: pgflibraryshapes.symbols.code.tex 2013/09/11 v3.0.1a (rcs-revision 1.6)
))
(/net/TeXLive/2018/texmf-dist/tex/generic/pgf/frontendlayer/tikz/libraries/tikz
libraryshapes.arrows.code.tex
File: tikzlibraryshapes.arrows.code.tex 2008/01/09 v3.0.1a (rcs-revision 1.1)

(/net/TeXLive/2018/texmf-dist/tex/generic/pgf/libraries/shapes/pgflibraryshapes
.arrows.code.tex
File: pgflibraryshapes.arrows.code.tex 2008/06/26 v3.0.1a (rcs-revision 1.1)
))
(/net/TeXLive/2018/texmf-dist/tex/generic/pgf/frontendlayer/tikz/libraries/tikz
libraryshapes.callouts.code.tex
(/net/TeXLive/2018/texmf-dist/tex/generic/pgf/libraries/shapes/pgflibraryshapes
.callouts.code.tex))
(/net/TeXLive/2018/texmf-dist/tex/generic/pgf/frontendlayer/tikz/libraries/tikz
libraryshapes.multipart.code.tex
File: tikzlibraryshapes.multipart.code.tex 2008/01/09 v3.0.1a (rcs-revision 1.1
)

(/net/TeXLive/2018/texmf-dist/tex/generic/pgf/libraries/shapes/pgflibraryshapes
.multipart.code.tex
File: pgflibraryshapes.multipart.code.tex 2010/01/07 v3.0.1a (rcs-revision 1.2)

\pgfnodepartlowerbox=\box120
\pgfnodeparttwobox=\box121
\pgfnodepartthreebox=\box122
\pgfnodepartfourbox=\box123
\pgfnodeparttwentybox=\box124
\pgfnodepartnineteenbox=\box125
\pgfnodeparteighteenbox=\box126
\pgfnodepartseventeenbox=\box127
\pgfnodepartsixteenbox=\box128
\pgfnodepartfifteenbox=\box129
\pgfnodepartfourteenbox=\box130
\pgfnodepartthirteenbox=\box131
\pgfnodeparttwelvebox=\box132
\pgfnodepartelevenbox=\box133
\pgfnodeparttenbox=\box134
\pgfnodepartninebox=\box135
\pgfnodeparteightbox=\box136
\pgfnodepartsevenbox=\box137
\pgfnodepartsixbox=\box138
\pgfnodepartfivebox=\box139
)))
(/net/TeXLive/2018/texmf-dist/tex/generic/pgf/frontendlayer/tikz/libraries/tikz
librarycalc.code.tex
File: tikzlibrarycalc.code.tex 2013/07/15 v3.0.1a (rcs-revision 1.9)
)
(/net/TeXLive/2018/texmf-dist/tex/latex/textpos/textpos.sty
Package: textpos 2016/06/07 v1.8

Package: textpos 2016/06/07 1.8, absolute positioning of text on the page
\TP@textbox=\box140
\TP@holdbox=\box141
\TPHorizModule=\dimen318
\TPVertModule=\dimen319
\TP@margin=\dimen320
\TP@absmargin=\dimen321
Grid set 16 x 16 = 22.7622pt x 17.07166pt
\TPboxrulesize=\dimen322
\TP@ox=\dimen323
\TP@oy=\dimen324
\TP@tbargs=\toks57
\TP@prevdepth=\dimen325
TextBlockOrigin set to 0pt x 0pt
) (/net/TeXLive/2018/texmf-dist/tex/latex/mathtools/mathtools.sty
Package: mathtools 2018/01/08 v1.21 mathematical typesetting tools

(/net/TeXLive/2018/texmf-dist/tex/latex/mathtools/mhsetup.sty
Package: mhsetup 2017/03/31 v1.3 programming setup (MH)
)
LaTeX Info: Thecontrolsequence`\('isalreadyrobust on input line 129.
LaTeX Info: Thecontrolsequence`\)'isalreadyrobust on input line 129.
LaTeX Info: Thecontrolsequence`\['isalreadyrobust on input line 129.
LaTeX Info: Thecontrolsequence`\]'isalreadyrobust on input line 129.
\g_MT_multlinerow_int=\count374
\l_MT_multwidth_dim=\dimen326
\origjot=\skip158
\l_MT_shortvdotswithinadjustabove_dim=\dimen327
\l_MT_shortvdotswithinadjustbelow_dim=\dimen328
\l_MT_above_intertext_sep=\dimen329
\l_MT_below_intertext_sep=\dimen330
\l_MT_above_shortintertext_sep=\dimen331
\l_MT_below_shortintertext_sep=\dimen332
)
(/net/TeXLive/2018/texmf-dist/tex/latex/jknapltx/mathrsfs.sty
Package: mathrsfs 1996/01/01 Math RSFS package v1.0 (jk)
\symrsfs=\mathgroup6
)
\sympureletters=\mathgroup7
LaTeX Font Info:    Overwriting symbol font `pureletters' in version `bold'
(Font)                  OT1/mathkerncmss/m/sl --> OT1/mathkerncmss/bx/sl on inp
ut line 95.

(/net/TeXLive/2018/texmf-dist/tex/latex/tools/bm.sty
Package: bm 2017/01/16 v1.2c Bold Symbol Support (DPC/FMi)
\symboldoperators=\mathgroup8
\symboldletters=\mathgroup9
\symboldsymbols=\mathgroup10
\symboldpureletters=\mathgroup11
LaTeX Font Info:    Redeclaring math alphabet \mathbf on input line 141.
LaTeX Info: Redefining \bm on input line 207.
)
(/net/TeXLive/2018/texmf-dist/tex/latex/doublestroke/dsfont.sty
Package: dsfont 1995/08/01 v0.1 Double stroke roman fonts
)
(/net/TeXLive/2018/texmf-dist/tex/latex/animate/animate.sty
Package: animate 2018/06/07 PDF animations from files and inline graphics

(/net/TeXLive/2018/texmf-dist/tex/latex/oberdiek/ifdraft.sty
Package: ifdraft 2016/05/16 v1.4 Detect class options draft and final (HO)
)
(/net/TeXLive/2018/texmf-dist/tex/latex/media9/pdfbase.sty
(/net/TeXLive/2018/texmf-dist/tex/latex/l3packages/l3keys2e/l3keys2e.sty
Package: l3keys2e 2018-05-12 LaTeX2e option processing using LaTeX3 keys
)
Package: pdfbase 2018/06/07 v0.24 driver independent access to low-level PDF fe
atures
\g_pbs_page_int=\count375
\g_pbs_oc_int=\count376
)
(/net/TeXLive/2018/texmf-dist/tex/latex/ocgx2/ocgbase.sty
Package: ocgbase 2018/06/07 v0.14 support package for ocgx2.sty
\g_ocgbase_nd_int=\count377
)
\@anim@box=\box142
\@anim@measbox=\box143
\@anim@tmpdima=\dimen333
\@anim@tmpdimb=\dimen334
\@anim@num=\count378
\@anim@curframe=\count379
\@anim@curframe@zb=\count380
\@anim@resizeflags=\count381
\@anim@skipfram=\count382
\@anim@mulframecnt=\count383
\@anim@@tmlnfile=\read3
\@anim@tmpcnt=\count384
\c@@anim@ltxcnt=\count385
\@anim@curlayer=\count386
\@anim@lineno=\count387
\@anim@curfield=\count388
\@anim@@resizeflags=\count389
)
\c@algorithm=\count390
\c@proposition=\count391

(/net/TeXLive/2018/texmf-dist/tex/latex/beamer/beamerthemeBoadilla.sty
(/net/TeXLive/2018/texmf-dist/tex/latex/beamer/beamercolorthemerose.sty)
(/net/TeXLive/2018/texmf-dist/tex/latex/beamer/beamerinnerthemerounded.sty)
(/net/TeXLive/2018/texmf-dist/tex/latex/beamer/beamercolorthemedolphin.sty)
(/net/TeXLive/2018/texmf-dist/tex/latex/beamer/beamerouterthemeinfolines.sty))
(/net/TeXLive/2018/texmf-dist/tex/latex/beamer/beamercolorthemebeaver.sty)
\footlineextrabox=\box144
)
(./math.tex) (./content/content-macros.tex) (./main.aux)
\openout1 = `main.aux'.

LaTeX Font Info:    Checking defaults for OML/cmm/m/it on input line 26.
LaTeX Font Info:    ... okay on input line 26.
LaTeX Font Info:    Checking defaults for T1/cmr/m/n on input line 26.
LaTeX Font Info:    ... okay on input line 26.
LaTeX Font Info:    Checking defaults for OT1/cmr/m/n on input line 26.
LaTeX Font Info:    ... okay on input line 26.
LaTeX Font Info:    Checking defaults for OMS/cmsy/m/n on input line 26.
LaTeX Font Info:    ... okay on input line 26.
LaTeX Font Info:    Checking defaults for OMX/cmex/m/n on input line 26.
LaTeX Font Info:    ... okay on input line 26.
LaTeX Font Info:    Checking defaults for U/cmr/m/n on input line 26.
LaTeX Font Info:    ... okay on input line 26.
LaTeX Font Info:    Checking defaults for PD1/pdf/m/n on input line 26.
LaTeX Font Info:    ... okay on input line 26.

*geometry* driver: auto-detecting
*geometry* detected driver: pdftex
*geometry* verbose mode - [ preamble ] result:
* driver: pdftex
* paper: custom
* layout: <same size as paper>
* layoutoffset:(h,v)=(0.0pt,0.0pt)
* modes: includehead includefoot 
* h-part:(L,W,R)=(10.95003pt, 342.2953pt, 10.95003pt)
* v-part:(T,H,B)=(0.0pt, 273.14662pt, 0.0pt)
* \paperwidth=364.19536pt
* \paperheight=273.14662pt
* \textwidth=342.2953pt
* \textheight=244.6939pt
* \oddsidemargin=-61.31996pt
* \evensidemargin=-61.31996pt
* \topmargin=-72.26999pt
* \headheight=14.22636pt
* \headsep=0.0pt
* \topskip=11.0pt
* \footskip=14.22636pt
* \marginparwidth=4.0pt
* \marginparsep=10.0pt
* \columnsep=10.0pt
* \skip\footins=10.0pt plus 4.0pt minus 2.0pt
* \hoffset=0.0pt
* \voffset=0.0pt
* \mag=1000
* \@twocolumnfalse
* \@twosidefalse
* \@mparswitchfalse
* \@reversemarginfalse
* (1in=72.27pt=25.4mm, 1cm=28.453pt)

(/net/TeXLive/2018/texmf-dist/tex/context/base/mkii/supp-pdf.mkii
[Loading MPS to PDF converter (version 2006.09.02).]
\scratchcounter=\count392
\scratchdimen=\dimen335
\scratchbox=\box145
\nofMPsegments=\count393
\nofMParguments=\count394
\everyMPshowfont=\toks58
\MPscratchCnt=\count395
\MPscratchDim=\dimen336
\MPnumerator=\count396
\makeMPintoPDFobject=\count397
\everyMPtoPDFconversion=\toks59
) (/net/TeXLive/2018/texmf-dist/tex/latex/oberdiek/epstopdf-base.sty
Package: epstopdf-base 2016/05/15 v2.6 Base part for package epstopdf

(/net/TeXLive/2018/texmf-dist/tex/latex/oberdiek/grfext.sty
Package: grfext 2016/05/16 v1.2 Manage graphics extensions (HO)
)
Package epstopdf-base Info: Redefining graphics rule for `.eps' on input line 4
38.
Package grfext Info: Graphics extension search list:
(grfext)             [.pdf,.png,.jpg,.mps,.jpeg,.jbig2,.jb2,.PDF,.PNG,.JPG,.JPE
G,.JBIG2,.JB2,.eps]
(grfext)             \AppendGraphicsExtensions on input line 456.

(/net/TeXLive/2018/texmf-dist/tex/latex/latexconfig/epstopdf-sys.cfg
File: epstopdf-sys.cfg 2010/07/13 v1.3 Configuration of (r)epstopdf for TeX Liv
e
))
ABD: EveryShipout initializing macros
\AtBeginShipoutBox=\box146
Package hyperref Info: Link coloring OFF on input line 26.

(/net/TeXLive/2018/texmf-dist/tex/latex/hyperref/nameref.sty
Package: nameref 2016/05/21 v2.44 Cross-referencing by name of section

(/net/TeXLive/2018/texmf-dist/tex/generic/oberdiek/gettitlestring.sty
Package: gettitlestring 2016/05/16 v1.5 Cleanup title references (HO)
)
\c@section@level=\count398
)
LaTeX Info: Redefining \ref on input line 26.
LaTeX Info: Redefining \pageref on input line 26.
LaTeX Info: Redefining \nameref on input line 26.

(./main.out) (./main.out)
\@outlinefile=\write5
\openout5 = `main.out'.

LaTeX Font Info:    Overwriting symbol font `operators' in version `normal'
(Font)                  OT1/cmr/m/n --> OT1/cmss/m/n on input line 26.
LaTeX Font Info:    Overwriting symbol font `operators' in version `bold'
(Font)                  OT1/cmr/bx/n --> OT1/cmss/bx/n on input line 26.
\symnumbers=\mathgroup12
LaTeX Font Info:    Redeclaring symbol font `pureletters' on input line 26.
LaTeX Font Info:    Overwriting symbol font `pureletters' in version `normal'
(Font)                  OT1/mathkerncmss/m/sl --> OT1/cmss/m/it on input line 2
6.
LaTeX Font Info:    Overwriting symbol font `pureletters' in version `bold'
(Font)                  OT1/mathkerncmss/bx/sl --> OT1/cmss/m/it on input line 
26.
LaTeX Font Info:    Overwriting math alphabet `\mathrm' in version `normal'
(Font)                  OT1/cmss/m/n --> OT1/cmr/m/n on input line 26.
LaTeX Font Info:    Redeclaring math alphabet \mathbf on input line 26.
LaTeX Font Info:    Redeclaring math alphabet \mathsf on input line 26.
LaTeX Font Info:    Overwriting math alphabet `\mathsf' in version `normal'
(Font)                  OT1/cmss/m/n --> OT1/cmss/m/n on input line 26.
LaTeX Font Info:    Overwriting math alphabet `\mathsf' in version `bold'
(Font)                  OT1/cmss/bx/n --> OT1/cmss/m/n on input line 26.
LaTeX Font Info:    Redeclaring math alphabet \mathit on input line 26.
LaTeX Font Info:    Overwriting math alphabet `\mathit' in version `normal'
(Font)                  OT1/cmr/m/it --> OT1/cmss/m/it on input line 26.
LaTeX Font Info:    Overwriting math alphabet `\mathit' in version `bold'
(Font)                  OT1/cmr/bx/it --> OT1/cmss/m/it on input line 26.
LaTeX Font Info:    Redeclaring math alphabet \mathtt on input line 26.
LaTeX Font Info:    Overwriting math alphabet `\mathtt' in version `normal'
(Font)                  OT1/cmtt/m/n --> OT1/fvm/m/n on input line 26.
LaTeX Font Info:    Overwriting math alphabet `\mathtt' in version `bold'
(Font)                  OT1/cmtt/m/n --> OT1/fvm/m/n on input line 26.
LaTeX Font Info:    Overwriting symbol font `numbers' in version `bold'
(Font)                  OT1/cmss/m/n --> OT1/cmss/bx/n on input line 26.
LaTeX Font Info:    Overwriting symbol font `pureletters' in version `bold'
(Font)                  OT1/cmss/m/it --> OT1/cmss/bx/it on input line 26.
LaTeX Font Info:    Overwriting math alphabet `\mathrm' in version `bold'
(Font)                  OT1/cmss/bx/n --> OT1/cmr/bx/n on input line 26.
LaTeX Font Info:    Overwriting math alphabet `\mathbf' in version `bold'
(Font)                  OT1/cmss/bx/n --> OT1/cmss/bx/n on input line 26.
LaTeX Font Info:    Overwriting math alphabet `\mathsf' in version `bold'
(Font)                  OT1/cmss/m/n --> OT1/cmss/bx/n on input line 26.
LaTeX Font Info:    Overwriting math alphabet `\mathit' in version `bold'
(Font)                  OT1/cmss/m/it --> OT1/cmss/bx/it on input line 26.
LaTeX Font Info:    Overwriting math alphabet `\mathtt' in version `bold'
(Font)                  OT1/fvm/m/n --> OT1/fvm/bx/n on input line 26.
LaTeX Font Info:    Redeclaring symbol font `pureletters' on input line 26.
LaTeX Font Info:    Overwriting symbol font `pureletters' in version `normal'
(Font)                  OT1/cmss/m/it --> OT1/mathkerncmss/m/sl on input line 2
6.
LaTeX Font Info:    Overwriting symbol font `pureletters' in version `bold'
(Font)                  OT1/cmss/bx/it --> OT1/mathkerncmss/m/sl on input line 
26.
LaTeX Font Info:    Overwriting symbol font `pureletters' in version `bold'
(Font)                  OT1/mathkerncmss/m/sl --> OT1/mathkerncmss/bx/sl on inp
ut line 26.

(/net/TeXLive/2018/texmf-dist/tex/latex/translator/translator-basic-dictionary-
English.dict
Dictionary: translator-basic-dictionary, Language: English 
)
(/net/TeXLive/2018/texmf-dist/tex/latex/translator/translator-bibliography-dict
ionary-English.dict
Dictionary: translator-bibliography-dictionary, Language: English 
)
(/net/TeXLive/2018/texmf-dist/tex/latex/translator/translator-environment-dicti
onary-English.dict
Dictionary: translator-environment-dictionary, Language: English 
)
(/net/TeXLive/2018/texmf-dist/tex/latex/translator/translator-months-dictionary
-English.dict
Dictionary: translator-months-dictionary, Language: English 
)
(/net/TeXLive/2018/texmf-dist/tex/latex/translator/translator-numbers-dictionar
y-English.dict
Dictionary: translator-numbers-dictionary, Language: English 
)
(/net/TeXLive/2018/texmf-dist/tex/latex/translator/translator-theorem-dictionar
y-English.dict
Dictionary: translator-theorem-dictionary, Language: English 
)
\c@lstlisting=\count399
 (./main.nav) (./content/title.tex
LaTeX Font Info:    Try loading font information for U+msa on input line 22.

(/net/TeXLive/2018/texmf-dist/tex/latex/amsfonts/umsa.fd
File: umsa.fd 2013/01/14 v3.01 AMS symbols A
)
LaTeX Font Info:    Try loading font information for U+msb on input line 22.

(/net/TeXLive/2018/texmf-dist/tex/latex/amsfonts/umsb.fd
File: umsb.fd 2013/01/14 v3.01 AMS symbols B
)
LaTeX Font Info:    Try loading font information for U+rsfs on input line 22.

(/net/TeXLive/2018/texmf-dist/tex/latex/jknapltx/ursfs.fd
File: ursfs.fd 1998/03/24 rsfs font definition file (jk)
)
LaTeX Font Info:    Try loading font information for OT1+mathkerncmss on input 
line 22.

(/net/TeXLive/2018/texmf-dist/tex/latex/sansmathaccent/ot1mathkerncmss.fd
File: ot1mathkerncmss.fd 2013/03/27 Fontinst v1.933 font definitions for OT1/ma
thkerncmss.
)
<images/bms-logo-button.png, id=20, 80.3pt x 80.3pt>
File: images/bms-logo-button.png Graphic file (type png)
<use images/bms-logo-button.png>
Package pdftex.def Info: images/bms-logo-button.png  used on input line 22.
(pdftex.def)             Requested size: 28.45216pt x 28.45274pt.
<images/tub_logo.png, id=21, 741.36975pt x 551.05875pt>
File: images/tub_logo.png Graphic file (type png)
<use images/tub_logo.png>
Package pdftex.def Info: images/tub_logo.png  used on input line 22.
(pdftex.def)             Requested size: 38.26976pt x 28.45274pt.

[1

{/net/TeXLive/2018/texmf-var/fonts/map/pdftex/updmap/pdftex.map} <./images/bms-
logo-button.png> <./images/tub_logo.png>]) (./content/content.tex
<./images/depth-final.jpg, id=36, 1892.06876pt x 723.70375pt>
File: ./images/depth-final.jpg Graphic file (type jpg)
<use ./images/depth-final.jpg>
Package pdftex.def Info: ./images/depth-final.jpg  used on input line 17.
(pdftex.def)             Requested size: 273.83728pt x 104.73006pt.
 [2

 <./images/depth-final.jpg>]
File: ./images/depth-final.jpg Graphic file (type jpg)
<use ./images/depth-final.jpg>
Package pdftex.def Info: ./images/depth-final.jpg  used on input line 17.
(pdftex.def)             Requested size: 273.83728pt x 104.73006pt.
 [3

]
File: ./images/depth-final.jpg Graphic file (type jpg)
<use ./images/depth-final.jpg>
Package pdftex.def Info: ./images/depth-final.jpg  used on input line 17.
(pdftex.def)             Requested size: 273.83728pt x 104.73006pt.
 [4

]
<./images/Plenoptic_function.jpg, id=56, 211.992pt x 197.538pt>
File: ./images/Plenoptic_function.jpg Graphic file (type jpg)
<use ./images/Plenoptic_function.jpg>
Package pdftex.def Info: ./images/Plenoptic_function.jpg  used on input line 40
.
(pdftex.def)             Requested size: 102.68962pt x 95.68825pt.

Overfull \vbox (3.51021pt too high) detected at line 40
 []

[5

 <./images/Plenoptic_function.jpg>]
File: ./images/Plenoptic_function.jpg Graphic file (type jpg)
<use ./images/Plenoptic_function.jpg>
Package pdftex.def Info: ./images/Plenoptic_function.jpg  used on input line 40
.
(pdftex.def)             Requested size: 102.68962pt x 95.68825pt.

Overfull \vbox (3.51021pt too high) detected at line 40
 []

[6

]
File: ./images/Plenoptic_function.jpg Graphic file (type jpg)
<use ./images/Plenoptic_function.jpg>
Package pdftex.def Info: ./images/Plenoptic_function.jpg  used on input line 40
.
(pdftex.def)             Requested size: 102.68962pt x 95.68825pt.

Overfull \vbox (3.51021pt too high) detected at line 40
 []

[7

]
File: ./images/Plenoptic_function.jpg Graphic file (type jpg)
<use ./images/Plenoptic_function.jpg>
Package pdftex.def Info: ./images/Plenoptic_function.jpg  used on input line 40
.
(pdftex.def)             Requested size: 102.68962pt x 95.68825pt.

Overfull \vbox (3.51021pt too high) detected at line 40
 []

[8

]
<./images/Light-field-parametrizations.jpg, id=86, 518.3pt x 85.41pt>
File: ./images/Light-field-parametrizations.jpg Graphic file (type jpg)
<use ./images/Light-field-parametrizations.jpg>
Package pdftex.def Info: ./images/Light-field-parametrizations.jpg  used on inp
ut line 54.
(pdftex.def)             Requested size: 273.83728pt x 45.12631pt.
<./images/two-planes_param.jpg, id=87, 385.9218pt x 232.7094pt>
File: ./images/two-planes_param.jpg Graphic file (type jpg)
<use ./images/two-planes_param.jpg>
Package pdftex.def Info: ./images/two-planes_param.jpg  used on input line 54.
(pdftex.def)             Requested size: 171.14764pt x 103.20204pt.

Overfull \vbox (11.10223pt too high) detected at line 54
 []

[9

 <./images/Light-field-parametrizations.jpg> <./images/two-planes_param.jpg>]
File: ./images/Light-field-parametrizations.jpg Graphic file (type jpg)
<use ./images/Light-field-parametrizations.jpg>
Package pdftex.def Info: ./images/Light-field-parametrizations.jpg  used on inp
ut line 54.
(pdftex.def)             Requested size: 273.83728pt x 45.12631pt.
File: ./images/two-planes_param.jpg Graphic file (type jpg)
<use ./images/two-planes_param.jpg>
Package pdftex.def Info: ./images/two-planes_param.jpg  used on input line 54.
(pdftex.def)             Requested size: 171.14764pt x 103.20204pt.

Overfull \vbox (11.10223pt too high) detected at line 54
 []

[10

]
<./images/epipolarline.jpg, id=101, 486.81876pt x 293.095pt>
File: ./images/epipolarline.jpg Graphic file (type jpg)
<use ./images/epipolarline.jpg>
Package pdftex.def Info: ./images/epipolarline.jpg  used on input line 73.
(pdftex.def)             Requested size: 177.99501pt x 107.16437pt.

Overfull \vbox (2.25716pt too high) detected at line 73
 []

[11

 <./images/epipolarline.jpg>]
File: ./images/epipolarline.jpg Graphic file (type jpg)
<use ./images/epipolarline.jpg>
Package pdftex.def Info: ./images/epipolarline.jpg  used on input line 73.
(pdftex.def)             Requested size: 177.99501pt x 107.16437pt.

Overfull \vbox (2.25716pt too high) detected at line 73
 []

[12

]
File: ./images/epipolarline.jpg Graphic file (type jpg)
<use ./images/epipolarline.jpg>
Package pdftex.def Info: ./images/epipolarline.jpg  used on input line 73.
(pdftex.def)             Requested size: 177.99501pt x 107.16437pt.

Overfull \vbox (2.25716pt too high) detected at line 73
 []

[13

]
<./images/perp-move.jpg, id=121, 233.1493pt x 160.8793pt>
File: ./images/perp-move.jpg Graphic file (type jpg)
<use ./images/perp-move.jpg>
Package pdftex.def Info: ./images/perp-move.jpg  used on input line 85.
(pdftex.def)             Requested size: 154.03183pt x 106.28867pt.
<./images/EPI-dices.jpg, id=122, 744.7825pt x 300.12125pt>
File: ./images/EPI-dices.jpg Graphic file (type jpg)
<use ./images/EPI-dices.jpg>
Package pdftex.def Info: ./images/EPI-dices.jpg  used on input line 85.
(pdftex.def)             Requested size: 308.06367pt x 124.14041pt.

Overfull \vbox (23.15851pt too high) detected at line 85
 []

[14

 <./images/perp-move.jpg> <./images/EPI-dices.jpg>]
<./images/stereo-dist.jpg, id=129, 237.54836pt x 202.98444pt>
File: ./images/stereo-dist.jpg Graphic file (type jpg)
<use ./images/stereo-dist.jpg>
Package pdftex.def Info: ./images/stereo-dist.jpg  used on input line 102.
(pdftex.def)             Requested size: 171.14764pt x 146.24467pt.
 [15

 <./images/stereo-dist.jpg>]
<./images/lytro.jpg, id=137, 727.65565pt x 501.14082pt>
File: ./images/lytro.jpg Graphic file (type jpg)
<use ./images/lytro.jpg>
Package pdftex.def Info: ./images/lytro.jpg  used on input line 115.
(pdftex.def)             Requested size: 154.03183pt x 106.08382pt.
<./images/raytrix.jpg, id=138, 615.29875pt x 248.93pt>
File: ./images/raytrix.jpg Graphic file (type jpg)
<use ./images/raytrix.jpg>
Package pdftex.def Info: ./images/raytrix.jpg  used on input line 115.
(pdftex.def)             Requested size: 308.06367pt x 124.6356pt.

Overfull \vbox (23.44885pt too high) detected at line 115
 []

[16

 <./images/lytro.jpg> <./images/raytrix.jpg>]
<./images/sparse_EPI.jpg, id=145, 264.5082pt x 222.1098pt>
File: ./images/sparse_EPI.jpg Graphic file (type jpg)
<use ./images/sparse_EPI.jpg>
Package pdftex.def Info: ./images/sparse_EPI.jpg  used on input line 123.
(pdftex.def)             Requested size: 239.60567pt x 201.20178pt.
 [17

 <./images/sparse_EPI.jpg>]
<./images/inpaint.jpg, id=154, 343.2825pt x 118.5228pt>
File: ./images/inpaint.jpg Graphic file (type jpg)
<use ./images/inpaint.jpg>
Package pdftex.def Info: ./images/inpaint.jpg  used on input line 139.
(pdftex.def)             Requested size: 308.06367pt x 106.36206pt.
[18

 <./images/inpaint.jpg>] [19

] [20

] [21

] [22

]
<./images/tiling_nocone.jpg, id=188, 461.725pt x 342.27875pt>
File: ./images/tiling_nocone.jpg Graphic file (type jpg)
<use ./images/tiling_nocone.jpg>
Package pdftex.def Info: ./images/tiling_nocone.jpg  used on input line 209.
(pdftex.def)             Requested size: 136.91603pt x 101.49362pt.
 [23

 <./images/tiling_nocone.jpg>]
<./images/tiling_cone.jpg, id=196, 812.03375pt x 424.58624pt>
File: ./images/tiling_cone.jpg Graphic file (type jpg)
<use ./images/tiling_cone.jpg>
Package pdftex.def Info: ./images/tiling_cone.jpg  used on input line 228.
(pdftex.def)             Requested size: 205.37926pt x 107.38371pt.
 [24

 <./images/tiling_cone.jpg>]
File: ./images/tiling_cone.jpg Graphic file (type jpg)
<use ./images/tiling_cone.jpg>
Package pdftex.def Info: ./images/tiling_cone.jpg  used on input line 228.
(pdftex.def)             Requested size: 205.37926pt x 107.38371pt.
 [25

]
<./images/pipeline.jpg, id=210, 504.88625pt x 720.6925pt>
File: ./images/pipeline.jpg Graphic file (type jpg)
<use ./images/pipeline.jpg>
Package pdftex.def Info: ./images/pipeline.jpg  used on input line 236.
(pdftex.def)             Requested size: 160.8792pt x 229.64758pt.

Overfull \vbox (9.37701pt too high) detected at line 236
 []

[26

 <./images/pipeline.jpg>]
<./images/setting.jpg, id=217, 900.36375pt x 506.89375pt>
File: ./images/setting.jpg Graphic file (type jpg)
<use ./images/setting.jpg>
Package pdftex.def Info: ./images/setting.jpg  used on input line 250.
(pdftex.def)             Requested size: 205.37926pt x 115.62402pt.
 [27

 <./images/setting.jpg>]
File: ./images/setting.jpg Graphic file (type jpg)
<use ./images/setting.jpg>
Package pdftex.def Info: ./images/setting.jpg  used on input line 250.
(pdftex.def)             Requested size: 205.37926pt x 115.62402pt.
 [28

]
File: ./images/setting.jpg Graphic file (type jpg)
<use ./images/setting.jpg>
Package pdftex.def Info: ./images/setting.jpg  used on input line 250.
(pdftex.def)             Requested size: 205.37926pt x 115.62402pt.
 [29

]
<./images/first_frame_church.png, id=236, 357.7365pt x 237.7683pt>
File: ./images/first_frame_church.png Graphic file (type png)
<use ./images/first_frame_church.png>
Package pdftex.def Info: ./images/first_frame_church.png  used on input line 26
4.
(pdftex.def)             Requested size: 167.72658pt x 111.479pt.
<./images/last_frame_church.png, id=237, 359.1819pt x 238.491pt>
File: ./images/last_frame_church.png Graphic file (type png)
<use ./images/last_frame_church.png>
Package pdftex.def Info: ./images/last_frame_church.png  used on input line 264
.
(pdftex.def)             Requested size: 171.14764pt x 113.64102pt.
 [30

 <./images/first_frame_church.png> <./images/last_frame_church.png>]
File: ./images/first_frame_church.png Graphic file (type png)
<use ./images/first_frame_church.png>
Package pdftex.def Info: ./images/first_frame_church.png  used on input line 26
4.
(pdftex.def)             Requested size: 167.72658pt x 111.479pt.
File: ./images/last_frame_church.png Graphic file (type png)
<use ./images/last_frame_church.png>
Package pdftex.def Info: ./images/last_frame_church.png  used on input line 264
.
(pdftex.def)             Requested size: 171.14764pt x 113.64102pt.
 [31

]
<./images/first_frame_church_points.png, id=253, 359.9046pt x 240.6591pt>
File: ./images/first_frame_church_points.png Graphic file (type png)
<use ./images/first_frame_church_points.png>
Package pdftex.def Info: ./images/first_frame_church_points.png  used on input 
line 278.
(pdftex.def)             Requested size: 167.72658pt x 112.15503pt.
<./images/track_points_church.png, id=254, 513.92pt x 342.27875pt>
File: ./images/track_points_church.png Graphic file (type png)
<use ./images/track_points_church.png>
Package pdftex.def Info: ./images/track_points_church.png  used on input line 2
78.
(pdftex.def)             Requested size: 171.14764pt x 113.98643pt.
 [32

 <./images/first_frame_church_points.png> <./images/track_points_church.png>]
File: ./images/first_frame_church_points.png Graphic file (type png)
<use ./images/first_frame_church_points.png>
Package pdftex.def Info: ./images/first_frame_church_points.png  used on input 
line 278.
(pdftex.def)             Requested size: 167.72658pt x 112.15503pt.
File: ./images/track_points_church.png Graphic file (type png)
<use ./images/track_points_church.png>
Package pdftex.def Info: ./images/track_points_church.png  used on input line 2
78.
(pdftex.def)             Requested size: 171.14764pt x 113.98643pt.
 [33

]
<./images/EPI-strip.png, id=269, 374.90062pt x 255.65512pt>
File: ./images/EPI-strip.png Graphic file (type png)
<use ./images/EPI-strip.png>
Package pdftex.def Info: ./images/EPI-strip.png  used on input line 297.
(pdftex.def)             Requested size: 154.03183pt x 105.03772pt.
<./images/EPI-dense.png, id=270, 324.0105pt x 240.9pt>
File: ./images/EPI-dense.png Graphic file (type png)
<use ./images/EPI-dense.png>
Package pdftex.def Info: ./images/EPI-dense.png  used on input line 297.
(pdftex.def)             Requested size: 154.03183pt x 114.52425pt.
<./images/EPI-sparse.png, id=271, 323.40825pt x 240.29774pt>
File: ./images/EPI-sparse.png Graphic file (type png)
<use ./images/EPI-sparse.png>
Package pdftex.def Info: ./images/EPI-sparse.png  used on input line 297.
(pdftex.def)             Requested size: 154.03183pt x 114.44693pt.

Overfull \vbox (12.2914pt too high) detected at line 297
 []

[34

 <./images/EPI-strip.png> <./images/EPI-dense.png> <./images/EPI-sparse.png>]
File: ./images/EPI-strip.png Graphic file (type png)
<use ./images/EPI-strip.png>
Package pdftex.def Info: ./images/EPI-strip.png  used on input line 297.
(pdftex.def)             Requested size: 154.03183pt x 105.03772pt.
File: ./images/EPI-dense.png Graphic file (type png)
<use ./images/EPI-dense.png>
Package pdftex.def Info: ./images/EPI-dense.png  used on input line 297.
(pdftex.def)             Requested size: 154.03183pt x 114.52425pt.
File: ./images/EPI-sparse.png Graphic file (type png)
<use ./images/EPI-sparse.png>
Package pdftex.def Info: ./images/EPI-sparse.png  used on input line 297.
(pdftex.def)             Requested size: 154.03183pt x 114.44693pt.

Overfull \vbox (12.2914pt too high) detected at line 297
 []

[35

]
File: ./images/EPI-strip.png Graphic file (type png)
<use ./images/EPI-strip.png>
Package pdftex.def Info: ./images/EPI-strip.png  used on input line 297.
(pdftex.def)             Requested size: 154.03183pt x 105.03772pt.
File: ./images/EPI-dense.png Graphic file (type png)
<use ./images/EPI-dense.png>
Package pdftex.def Info: ./images/EPI-dense.png  used on input line 297.
(pdftex.def)             Requested size: 154.03183pt x 114.52425pt.
File: ./images/EPI-sparse.png Graphic file (type png)
<use ./images/EPI-sparse.png>
Package pdftex.def Info: ./images/EPI-sparse.png  used on input line 297.
(pdftex.def)             Requested size: 154.03183pt x 114.44693pt.

Overfull \vbox (12.2914pt too high) detected at line 297
 []

[36

]
File: ./images/EPI-strip.png Graphic file (type png)
<use ./images/EPI-strip.png>
Package pdftex.def Info: ./images/EPI-strip.png  used on input line 326.
(pdftex.def)             Requested size: 136.91603pt x 93.366pt.
File: ./images/EPI-dense.png Graphic file (type png)
<use ./images/EPI-dense.png>
Package pdftex.def Info: ./images/EPI-dense.png  used on input line 326.
(pdftex.def)             Requested size: 136.91603pt x 101.79851pt.
File: ./images/EPI-sparse.png Graphic file (type png)
<use ./images/EPI-sparse.png>
Package pdftex.def Info: ./images/EPI-sparse.png  used on input line 326.
(pdftex.def)             Requested size: 136.91603pt x 101.73102pt.
<./images/EPI-inpainted.png, id=293, 358.63988pt x 265.29112pt>
File: ./images/EPI-inpainted.png Graphic file (type png)
<use ./images/EPI-inpainted.png>
Package pdftex.def Info: ./images/EPI-inpainted.png  used on input line 326.
(pdftex.def)             Requested size: 136.91603pt x 101.28123pt.
 [37

 <./images/EPI-inpainted.png>]
File: ./images/EPI-strip.png Graphic file (type png)
<use ./images/EPI-strip.png>
Package pdftex.def Info: ./images/EPI-strip.png  used on input line 326.
(pdftex.def)             Requested size: 136.91603pt x 93.366pt.
File: ./images/EPI-dense.png Graphic file (type png)
<use ./images/EPI-dense.png>
Package pdftex.def Info: ./images/EPI-dense.png  used on input line 326.
(pdftex.def)             Requested size: 136.91603pt x 101.79851pt.
File: ./images/EPI-sparse.png Graphic file (type png)
<use ./images/EPI-sparse.png>
Package pdftex.def Info: ./images/EPI-sparse.png  used on input line 326.
(pdftex.def)             Requested size: 136.91603pt x 101.73102pt.
File: ./images/EPI-inpainted.png Graphic file (type png)
<use ./images/EPI-inpainted.png>
Package pdftex.def Info: ./images/EPI-inpainted.png  used on input line 326.
(pdftex.def)             Requested size: 136.91603pt x 101.28123pt.
 [38

]
File: ./images/EPI-strip.png Graphic file (type png)
<use ./images/EPI-strip.png>
Package pdftex.def Info: ./images/EPI-strip.png  used on input line 326.
(pdftex.def)             Requested size: 136.91603pt x 93.366pt.
File: ./images/EPI-dense.png Graphic file (type png)
<use ./images/EPI-dense.png>
Package pdftex.def Info: ./images/EPI-dense.png  used on input line 326.
(pdftex.def)             Requested size: 136.91603pt x 101.79851pt.
File: ./images/EPI-sparse.png Graphic file (type png)
<use ./images/EPI-sparse.png>
Package pdftex.def Info: ./images/EPI-sparse.png  used on input line 326.
(pdftex.def)             Requested size: 136.91603pt x 101.73102pt.
File: ./images/EPI-inpainted.png Graphic file (type png)
<use ./images/EPI-inpainted.png>
Package pdftex.def Info: ./images/EPI-inpainted.png  used on input line 326.
(pdftex.def)             Requested size: 136.91603pt x 101.28123pt.
 [39

]
File: ./images/EPI-strip.png Graphic file (type png)
<use ./images/EPI-strip.png>
Package pdftex.def Info: ./images/EPI-strip.png  used on input line 326.
(pdftex.def)             Requested size: 136.91603pt x 93.366pt.
File: ./images/EPI-dense.png Graphic file (type png)
<use ./images/EPI-dense.png>
Package pdftex.def Info: ./images/EPI-dense.png  used on input line 326.
(pdftex.def)             Requested size: 136.91603pt x 101.79851pt.
File: ./images/EPI-sparse.png Graphic file (type png)
<use ./images/EPI-sparse.png>
Package pdftex.def Info: ./images/EPI-sparse.png  used on input line 326.
(pdftex.def)             Requested size: 136.91603pt x 101.73102pt.
File: ./images/EPI-inpainted.png Graphic file (type png)
<use ./images/EPI-inpainted.png>
Package pdftex.def Info: ./images/EPI-inpainted.png  used on input line 326.
(pdftex.def)             Requested size: 136.91603pt x 101.28123pt.
 [40

]
File: ./images/EPI-strip.png Graphic file (type png)
<use ./images/EPI-strip.png>
Package pdftex.def Info: ./images/EPI-strip.png  used on input line 354.
(pdftex.def)             Requested size: 136.91603pt x 93.366pt.
File: ./images/EPI-inpainted.png Graphic file (type png)
<use ./images/EPI-inpainted.png>
Package pdftex.def Info: ./images/EPI-inpainted.png  used on input line 354.
(pdftex.def)             Requested size: 136.91603pt x 101.28123pt.
<./images/EPI-lines.png, id=321, 670.6656pt x 495.0495pt>
File: ./images/EPI-lines.png Graphic file (type png)
<use ./images/EPI-lines.png>
Package pdftex.def Info: ./images/EPI-lines.png  used on input line 354.
(pdftex.def)             Requested size: 136.91603pt x 101.06277pt.
<./images/dmap.png, id=322, 4022.02625pt x 2631.8325pt>
File: ./images/dmap.png Graphic file (type png)
<use ./images/dmap.png>
Package pdftex.def Info: ./images/dmap.png  used on input line 354.
(pdftex.def)             Requested size: 136.91603pt x 89.5534pt.
 [41

 <./images/EPI-lines.png> <./images/dmap.png (PNG copy)>]
File: ./images/EPI-strip.png Graphic file (type png)
<use ./images/EPI-strip.png>
Package pdftex.def Info: ./images/EPI-strip.png  used on input line 354.
(pdftex.def)             Requested size: 136.91603pt x 93.366pt.
File: ./images/EPI-inpainted.png Graphic file (type png)
<use ./images/EPI-inpainted.png>
Package pdftex.def Info: ./images/EPI-inpainted.png  used on input line 354.
(pdftex.def)             Requested size: 136.91603pt x 101.28123pt.
File: ./images/EPI-lines.png Graphic file (type png)
<use ./images/EPI-lines.png>
Package pdftex.def Info: ./images/EPI-lines.png  used on input line 354.
(pdftex.def)             Requested size: 136.91603pt x 101.06277pt.
File: ./images/dmap.png Graphic file (type png)
<use ./images/dmap.png>
Package pdftex.def Info: ./images/dmap.png  used on input line 354.
(pdftex.def)             Requested size: 136.91603pt x 89.5534pt.
 [42

]
File: ./images/EPI-strip.png Graphic file (type png)
<use ./images/EPI-strip.png>
Package pdftex.def Info: ./images/EPI-strip.png  used on input line 354.
(pdftex.def)             Requested size: 136.91603pt x 93.366pt.
File: ./images/EPI-inpainted.png Graphic file (type png)
<use ./images/EPI-inpainted.png>
Package pdftex.def Info: ./images/EPI-inpainted.png  used on input line 354.
(pdftex.def)             Requested size: 136.91603pt x 101.28123pt.
File: ./images/EPI-lines.png Graphic file (type png)
<use ./images/EPI-lines.png>
Package pdftex.def Info: ./images/EPI-lines.png  used on input line 354.
(pdftex.def)             Requested size: 136.91603pt x 101.06277pt.
File: ./images/dmap.png Graphic file (type png)
<use ./images/dmap.png>
Package pdftex.def Info: ./images/dmap.png  used on input line 354.
(pdftex.def)             Requested size: 136.91603pt x 89.5534pt.
 [43

]
File: ./images/EPI-strip.png Graphic file (type png)
<use ./images/EPI-strip.png>
Package pdftex.def Info: ./images/EPI-strip.png  used on input line 354.
(pdftex.def)             Requested size: 136.91603pt x 93.366pt.
File: ./images/EPI-inpainted.png Graphic file (type png)
<use ./images/EPI-inpainted.png>
Package pdftex.def Info: ./images/EPI-inpainted.png  used on input line 354.
(pdftex.def)             Requested size: 136.91603pt x 101.28123pt.
File: ./images/EPI-lines.png Graphic file (type png)
<use ./images/EPI-lines.png>
Package pdftex.def Info: ./images/EPI-lines.png  used on input line 354.
(pdftex.def)             Requested size: 136.91603pt x 101.06277pt.
File: ./images/dmap.png Graphic file (type png)
<use ./images/dmap.png>
Package pdftex.def Info: ./images/dmap.png  used on input line 354.
(pdftex.def)             Requested size: 136.91603pt x 89.5534pt.
 [44

]
<./images/rpi-cam.jpg, id=349, 1204.5pt x 903.375pt>
File: ./images/rpi-cam.jpg Graphic file (type jpg)
<use ./images/rpi-cam.jpg>
Package pdftex.def Info: ./images/rpi-cam.jpg  used on input line 364.
(pdftex.def)             Requested size: 266.98991pt x 200.2456pt.

Overfull \vbox (12.77502pt too high) detected at line 364
 []

[45

 <./images/rpi-cam.jpg>]
<./images/livingroomwire.jpg, id=357, 932.48375pt x 763.85374pt>
File: ./images/livingroomwire.jpg Graphic file (type jpg)
<use ./images/livingroomwire.jpg>
Package pdftex.def Info: ./images/livingroomwire.jpg  used on input line 379.
(pdftex.def)             Requested size: 167.72658pt x 137.39449pt.
<./images/backfacingoff.jpg, id=358, 932.48375pt x 763.85374pt>
File: ./images/backfacingoff.jpg Graphic file (type jpg)
<use ./images/backfacingoff.jpg>
Package pdftex.def Info: ./images/backfacingoff.jpg  used on input line 379.
(pdftex.def)             Requested size: 171.14764pt x 140.1918pt.
 [46

 <./images/livingroomwire.jpg> <./images/backfacingoff.jpg>]
File: ./images/livingroomwire.jpg Graphic file (type jpg)
<use ./images/livingroomwire.jpg>
Package pdftex.def Info: ./images/livingroomwire.jpg  used on input line 379.
(pdftex.def)             Requested size: 167.72658pt x 137.39449pt.
File: ./images/backfacingoff.jpg Graphic file (type jpg)
<use ./images/backfacingoff.jpg>
Package pdftex.def Info: ./images/backfacingoff.jpg  used on input line 379.
(pdftex.def)             Requested size: 171.14764pt x 140.1918pt.
 [47

]
<./images/lf-vr.jpg, id=371, 651.43375pt x 479.7925pt>
File: ./images/lf-vr.jpg Graphic file (type jpg)
<use ./images/lf-vr.jpg>
Package pdftex.def Info: ./images/lf-vr.jpg  used on input line 389.
(pdftex.def)             Requested size: 273.83728pt x 201.68716pt.

Overfull \vbox (13.21658pt too high) detected at line 389
 []

[48

 <./images/lf-vr.jpg>])
\tf@nav=\write6
\openout6 = `main.nav'.

\tf@toc=\write7
\openout7 = `main.toc'.

\tf@snm=\write8
\openout8 = `main.snm'.

Package atveryend Info: Empty hook `BeforeClearDocument' on input line 36.
Package atveryend Info: Empty hook `AfterLastShipout' on input line 36.
 (./main.aux
*************************************************
* pdfbase warning: "rerun"
* 
* Rerun to get internal references right!
*************************************************
)
Package atveryend Info: Executing hook `AtVeryEndDocument' on input line 36.
Package atveryend Info: Executing hook `AtEndAfterFileList' on input line 36.
Package rerunfilecheck Info: File `main.out' has not changed.
(rerunfilecheck)             Checksum: D41D8CD98F00B204E9800998ECF8427E;0.
 ) 
Here is how much of TeX's memory you used:
 38310 strings out of 493822
 755276 string characters out of 6162015
 914491 words of memory out of 5000000
 41197 multiletter control sequences out of 15000+600000
 558079 words of font info for 106 fonts, out of 8000000 for 9000
 523 hyphenation exceptions out of 8191
 61i,16n,77p,771b,693s stack positions out of 5000i,500n,10000p,200000b,80000s
</net/TeXLive/2018/texmf-dist/fonts/type1/public/amsfonts/cm/cmex10.pfb></net
/TeXLive/2018/texmf-dist/fonts/type1/public/amsfonts/cm/cmmi10.pfb></net/TeXLiv
e/2018/texmf-dist/fonts/type1/public/amsfonts/cm/cmmi12.pfb></net/TeXLive/2018/
texmf-dist/fonts/type1/public/amsfonts/cm/cmmi8.pfb></net/TeXLive/2018/texmf-di
st/fonts/type1/public/amsfonts/cm/cmss10.pfb></net/TeXLive/2018/texmf-dist/font
s/type1/public/amsfonts/cm/cmss12.pfb></net/TeXLive/2018/texmf-dist/fonts/type1
/public/amsfonts/cm/cmss8.pfb></net/TeXLive/2018/texmf-dist/fonts/type1/public/
amsfonts/cm/cmssbx10.pfb></net/TeXLive/2018/texmf-dist/fonts/type1/public/amsfo
nts/cm/cmssi10.pfb></net/TeXLive/2018/texmf-dist/fonts/type1/public/amsfonts/cm
/cmssi8.pfb></net/TeXLive/2018/texmf-dist/fonts/type1/public/amsfonts/cm/cmsy10
.pfb></net/TeXLive/2018/texmf-dist/fonts/type1/public/amsfonts/cm/cmsy8.pfb></n
et/TeXLive/2018/texmf-dist/fonts/type1/public/amsfonts/symbols/msam10.pfb></net
/TeXLive/2018/texmf-dist/fonts/type1/public/amsfonts/symbols/msbm10.pfb>
Output written on main.pdf (48 pages, 8235802 bytes).
PDF statistics:
 448 PDF objects out of 1000 (max. 8388607)
 326 compressed objects within 4 object streams
 98 named destinations out of 1000 (max. 500000)
 227 words of extra memory for PDF output out of 10000 (max. 10000000)

